2019-05-09T10:02:08.369Z : 
2019-05-09T10:02:08.369Z :   .   ____          _            __ _ _
2019-05-09T10:02:08.369Z :  /\\ / ___'_ __ _ _(_)_ __  __ _ \ \ \ \
2019-05-09T10:02:08.369Z : ( ( )\___ | '_ | '_| | '_ \/ _` | \ \ \ \
2019-05-09T10:02:08.369Z :  \\/  ___)| |_)| | | | | || (_| |  ) ) ) )
2019-05-09T10:02:08.369Z :   '  |____| .__|_| |_|_| |_\__, | / / / /
2019-05-09T10:02:08.369Z :  =========|_|==============|___/=/_/_/_/
2019-05-09T10:02:08.371Z :  :: Spring Boot ::       (v1.5.10.RELEASE)
2019-05-09T10:02:08.371Z : 
2019-05-09T10:02:08.464Z : 2019-05-09 10:02:08.461  INFO 1 --- [           main] com.trackorjargh.Application             : Starting Application v0.0.1-SNAPSHOT on 12129b886447 with PID 1 (/usr/src/webapp-1.java started by root in /usr/src)
2019-05-09T10:02:08.464Z : 2019-05-09 10:02:08.464  INFO 1 --- [           main] com.trackorjargh.Application             : No active profile set, falling back to default profiles: default
2019-05-09T10:02:08.523Z : 2019-05-09 10:02:08.518  INFO 1 --- [           main] ationConfigEmbeddedWebApplicationContext : Refreshing org.springframework.boot.context.embedded.AnnotationConfigEmbeddedWebApplicationContext@5a2e4553: startup date [Thu May 09 10:02:08 UTC 2019]; root of context hierarchy
2019-05-09T10:02:10.072Z : 2019-05-09 10:02:10.071  INFO 1 --- [           main] f.a.AutowiredAnnotationBeanPostProcessor : JSR-330 'javax.inject.Inject' annotation found and supported for autowiring
2019-05-09T10:02:10.211Z : 2019-05-09 10:02:10.211  INFO 1 --- [           main] trationDelegate$BeanPostProcessorChecker : Bean 'org.springframework.transaction.annotation.ProxyTransactionManagementConfiguration' of type [org.springframework.transaction.annotation.ProxyTransactionManagementConfiguration$$EnhancerBySpringCGLIB$$9818cd64] is not eligible for getting processed by all BeanPostProcessors (for example: not eligible for auto-proxying)
2019-05-09T10:02:10.261Z : 2019-05-09 10:02:10.261  INFO 1 --- [           main] trationDelegate$BeanPostProcessorChecker : Bean 'org.springframework.security.config.annotation.configuration.ObjectPostProcessorConfiguration' of type [org.springframework.security.config.annotation.configuration.ObjectPostProcessorConfiguration$$EnhancerBySpringCGLIB$$30c6959e] is not eligible for getting processed by all BeanPostProcessors (for example: not eligible for auto-proxying)
2019-05-09T10:02:10.271Z : 2019-05-09 10:02:10.271  INFO 1 --- [           main] trationDelegate$BeanPostProcessorChecker : Bean 'objectPostProcessor' of type [org.springframework.security.config.annotation.configuration.AutowireBeanFactoryObjectPostProcessor] is not eligible for getting processed by all BeanPostProcessors (for example: not eligible for auto-proxying)
2019-05-09T10:02:10.273Z : 2019-05-09 10:02:10.272  INFO 1 --- [           main] trationDelegate$BeanPostProcessorChecker : Bean 'org.springframework.security.access.expression.method.DefaultMethodSecurityExpressionHandler@27ce24aa' of type [org.springframework.security.access.expression.method.DefaultMethodSecurityExpressionHandler] is not eligible for getting processed by all BeanPostProcessors (for example: not eligible for auto-proxying)
2019-05-09T10:02:10.283Z : 2019-05-09 10:02:10.282  INFO 1 --- [           main] trationDelegate$BeanPostProcessorChecker : Bean 'org.springframework.security.config.annotation.method.configuration.GlobalMethodSecurityConfiguration' of type [org.springframework.security.config.annotation.method.configuration.GlobalMethodSecurityConfiguration$$EnhancerBySpringCGLIB$$559b3850] is not eligible for getting processed by all BeanPostProcessors (for example: not eligible for auto-proxying)
2019-05-09T10:02:10.294Z : 2019-05-09 10:02:10.293  INFO 1 --- [           main] trationDelegate$BeanPostProcessorChecker : Bean 'methodSecurityMetadataSource' of type [org.springframework.security.access.method.DelegatingMethodSecurityMetadataSource] is not eligible for getting processed by all BeanPostProcessors (for example: not eligible for auto-proxying)
2019-05-09T10:02:10.716Z : 2019-05-09 10:02:10.715  INFO 1 --- [           main] s.b.c.e.t.TomcatEmbeddedServletContainer : Tomcat initialized with port(s): 8000 (http)
2019-05-09T10:02:10.730Z : 2019-05-09 10:02:10.730  INFO 1 --- [           main] o.apache.catalina.core.StandardService   : Starting service [Tomcat]
2019-05-09T10:02:10.731Z : 2019-05-09 10:02:10.731  INFO 1 --- [           main] org.apache.catalina.core.StandardEngine  : Starting Servlet Engine: Apache Tomcat/8.5.27
2019-05-09T10:02:10.851Z : 2019-05-09 10:02:10.851  INFO 1 --- [ost-startStop-1] o.a.c.c.C.[Tomcat].[localhost].[/]       : Initializing Spring embedded WebApplicationContext
2019-05-09T10:02:10.851Z : 2019-05-09 10:02:10.851  INFO 1 --- [ost-startStop-1] o.s.web.context.ContextLoader            : Root WebApplicationContext: initialization completed in 2335 ms
2019-05-09T10:02:11.050Z : 2019-05-09 10:02:11.050  INFO 1 --- [ost-startStop-1] o.s.b.w.servlet.FilterRegistrationBean   : Mapping filter: 'characterEncodingFilter' to: [/*]
2019-05-09T10:02:11.050Z : 2019-05-09 10:02:11.050  INFO 1 --- [ost-startStop-1] o.s.b.w.servlet.FilterRegistrationBean   : Mapping filter: 'hiddenHttpMethodFilter' to: [/*]
2019-05-09T10:02:11.051Z : 2019-05-09 10:02:11.050  INFO 1 --- [ost-startStop-1] o.s.b.w.servlet.FilterRegistrationBean   : Mapping filter: 'httpPutFormContentFilter' to: [/*]
2019-05-09T10:02:11.051Z : 2019-05-09 10:02:11.051  INFO 1 --- [ost-startStop-1] o.s.b.w.servlet.FilterRegistrationBean   : Mapping filter: 'requestContextFilter' to: [/*]
2019-05-09T10:02:11.052Z : 2019-05-09 10:02:11.052  INFO 1 --- [ost-startStop-1] .s.DelegatingFilterProxyRegistrationBean : Mapping filter: 'springSecurityFilterChain' to: [/*]
2019-05-09T10:02:11.052Z : 2019-05-09 10:02:11.052  INFO 1 --- [ost-startStop-1] o.s.b.w.servlet.ServletRegistrationBean  : Mapping servlet: 'dispatcherServlet' to [/]
2019-05-09T10:02:11.054Z : 2019-05-09 10:02:11.054  INFO 1 --- [ost-startStop-1] o.s.b.w.servlet.ServletRegistrationBean  : Mapping servlet: 'webServlet' to [/h2-console/*]
2019-05-09T10:02:11.580Z : 2019-05-09 10:02:11.579  INFO 1 --- [           main] j.LocalContainerEntityManagerFactoryBean : Building JPA container EntityManagerFactory for persistence unit 'default'
2019-05-09T10:02:11.601Z : 2019-05-09 10:02:11.599  INFO 1 --- [           main] o.hibernate.jpa.internal.util.LogHelper  : HHH000204: Processing PersistenceUnitInfo [
2019-05-09T10:02:11.601Z : 	name: default
2019-05-09T10:02:11.601Z : 	...]
2019-05-09T10:02:11.685Z : 2019-05-09 10:02:11.684  INFO 1 --- [           main] org.hibernate.Version                    : HHH000412: Hibernate Core {5.0.12.Final}
2019-05-09T10:02:11.686Z : 2019-05-09 10:02:11.686  INFO 1 --- [           main] org.hibernate.cfg.Environment            : HHH000206: hibernate.properties not found
2019-05-09T10:02:11.688Z : 2019-05-09 10:02:11.688  INFO 1 --- [           main] org.hibernate.cfg.Environment            : HHH000021: Bytecode provider name : javassist
2019-05-09T10:02:11.871Z : 2019-05-09 10:02:11.870  INFO 1 --- [           main] o.hibernate.annotations.common.Version   : HCANN000001: Hibernate Commons Annotations {5.0.1.Final}
2019-05-09T10:02:12.232Z : 2019-05-09 10:02:12.232  INFO 1 --- [           main] org.hibernate.dialect.Dialect            : HHH000400: Using dialect: org.hibernate.dialect.H2Dialect
2019-05-09T10:02:12.924Z : 2019-05-09 10:02:12.924  INFO 1 --- [           main] org.hibernate.tool.hbm2ddl.SchemaExport  : HHH000227: Running hbm2ddl schema export
2019-05-09T10:02:13.002Z : 2019-05-09 10:02:13.001  INFO 1 --- [           main] org.hibernate.tool.hbm2ddl.SchemaExport  : HHH000230: Schema export complete
2019-05-09T10:02:13.057Z : 2019-05-09 10:02:13.056  INFO 1 --- [           main] j.LocalContainerEntityManagerFactoryBean : Initialized JPA EntityManagerFactory for persistence unit 'default'
2019-05-09T10:02:13.774Z : 2019-05-09 10:02:13.773  INFO 1 --- [           main] o.h.h.i.QueryTranslatorFactoryInitiator  : HHH000397: Using ASTQueryTranslatorFactory
2019-05-09T10:02:13.924Z : 2019-05-09 10:02:13.924  INFO 1 --- [           main] c.t.database.DatabaseInformationLoader   : Loading data in BBDD
2019-05-09T10:02:15.238Z : 2019-05-09 10:02:15.238  INFO 1 --- [           main] s.w.s.m.m.a.RequestMappingHandlerAdapter : Looking for @ControllerAdvice: org.springframework.boot.context.embedded.AnnotationConfigEmbeddedWebApplicationContext@5a2e4553: startup date [Thu May 09 10:02:08 UTC 2019]; root of context hierarchy
2019-05-09T10:02:15.321Z : 2019-05-09 10:02:15.320  INFO 1 --- [           main] s.w.s.m.m.a.RequestMappingHandlerMapping : Mapped "{[/new || /new/**/{[path:[^\\.]*}]}" onto public java.lang.String com.trackorjargh.PageAngular.getFortyPersona()
2019-05-09T10:02:15.322Z : 2019-05-09 10:02:15.322  INFO 1 --- [           main] s.w.s.m.m.a.RequestMappingHandlerMapping : Mapped "{[/peliculas || /peliculas/mejorvaloradas]}" onto public java.lang.String com.trackorjargh.javacontrollers.FilmController.serveFilmList(org.springframework.ui.Model,javax.servlet.http.HttpServletRequest)
2019-05-09T10:02:15.323Z : 2019-05-09 10:02:15.322  INFO 1 --- [           main] s.w.s.m.m.a.RequestMappingHandlerMapping : Mapped "{[/pelicula/{name}]}" onto public java.lang.String com.trackorjargh.javacontrollers.FilmController.serveFilmProfile(org.springframework.ui.Model,java.lang.String,java.util.Optional<java.lang.String>,java.util.Optional<java.lang.String>)
2019-05-09T10:02:15.323Z : 2019-05-09 10:02:15.323  INFO 1 --- [           main] s.w.s.m.m.a.RequestMappingHandlerMapping : Mapped "{[/busqueda/{optionSearch}/pelicula/{name}]}" onto public java.lang.String com.trackorjargh.javacontrollers.FilmController.searchFilms(org.springframework.ui.Model,java.lang.String,java.lang.String)
2019-05-09T10:02:15.323Z : 2019-05-09 10:02:15.323  INFO 1 --- [           main] s.w.s.m.m.a.RequestMappingHandlerMapping : Mapped "{[/nuevaPelicula]}" onto public java.lang.String com.trackorjargh.javacontrollers.FilmController.newFilm(java.util.Optional<org.springframework.web.multipart.MultipartFile>,java.lang.String,java.lang.String,java.lang.String,java.util.Optional<java.lang.String[]>,java.lang.String,java.lang.String,java.lang.String)
2019-05-09T10:02:15.323Z : 2019-05-09 10:02:15.323  INFO 1 --- [           main] s.w.s.m.m.a.RequestMappingHandlerMapping : Mapped "{[/pelicula/borrarcomentario/{id}/{name}]}" onto public java.lang.String com.trackorjargh.javacontrollers.FilmController.deleteCommentFilm(org.springframework.ui.Model,int,java.lang.String)
2019-05-09T10:02:15.324Z : 2019-05-09 10:02:15.324  INFO 1 --- [           main] s.w.s.m.m.a.RequestMappingHandlerMapping : Mapped "{[/libros || /libros/mejorvalorados]}" onto public java.lang.String com.trackorjargh.javacontrollers.BookController.serveBookList(org.springframework.ui.Model,javax.servlet.http.HttpServletRequest)
2019-05-09T10:02:15.324Z : 2019-05-09 10:02:15.324  INFO 1 --- [           main] s.w.s.m.m.a.RequestMappingHandlerMapping : Mapped "{[/libro/{name}]}" onto public java.lang.String com.trackorjargh.javacontrollers.BookController.serveProfile(org.springframework.ui.Model,java.lang.String,java.util.Optional<java.lang.String>,java.util.Optional<java.lang.String>)
2019-05-09T10:02:15.325Z : 2019-05-09 10:02:15.324  INFO 1 --- [           main] s.w.s.m.m.a.RequestMappingHandlerMapping : Mapped "{[/busqueda/{optionSearch}/libro/{name}]}" onto public java.lang.String com.trackorjargh.javacontrollers.BookController.searchBooks(org.springframework.ui.Model,java.lang.String,java.lang.String)
2019-05-09T10:02:15.325Z : 2019-05-09 10:02:15.325  INFO 1 --- [           main] s.w.s.m.m.a.RequestMappingHandlerMapping : Mapped "{[/libro/borrarcomentario/{id}/{name}]}" onto public java.lang.String com.trackorjargh.javacontrollers.BookController.deleteCommentBook(org.springframework.ui.Model,int,java.lang.String)
2019-05-09T10:02:15.325Z : 2019-05-09 10:02:15.325  INFO 1 --- [           main] s.w.s.m.m.a.RequestMappingHandlerMapping : Mapped "{[/crearpdflistas]}" onto public void com.trackorjargh.javacontrollers.PdfController.handleFileDownloadPDF(javax.servlet.http.HttpServletResponse) throws java.io.FileNotFoundException,java.io.IOException
2019-05-09T10:02:15.326Z : 2019-05-09 10:02:15.325  INFO 1 --- [           main] s.w.s.m.m.a.RequestMappingHandlerMapping : Mapped "{[/login]}" onto public java.lang.String com.trackorjargh.javacontrollers.PageController.serveLogin(org.springframework.ui.Model)
2019-05-09T10:02:15.326Z : 2019-05-09 10:02:15.326  INFO 1 --- [           main] s.w.s.m.m.a.RequestMappingHandlerMapping : Mapped "{[/error/{message}/{name}]}" onto public java.lang.String com.trackorjargh.javacontrollers.PageController.serveLoginError(org.springframework.ui.Model,java.lang.String,java.lang.String)
2019-05-09T10:02:15.326Z : 2019-05-09 10:02:15.326  INFO 1 --- [           main] s.w.s.m.m.a.RequestMappingHandlerMapping : Mapped "{[/]}" onto public java.lang.String com.trackorjargh.javacontrollers.PageController.serveIndex(org.springframework.ui.Model)
2019-05-09T10:02:15.328Z : 2019-05-09 10:02:15.328  INFO 1 --- [           main] s.w.s.m.m.a.RequestMappingHandlerMapping : Mapped "{[/series || /series/mejorvaloradas]}" onto public java.lang.String com.trackorjargh.javacontrollers.ShowController.serveShowList(org.springframework.ui.Model,javax.servlet.http.HttpServletRequest)
2019-05-09T10:02:15.329Z : 2019-05-09 10:02:15.329  INFO 1 --- [           main] s.w.s.m.m.a.RequestMappingHandlerMapping : Mapped "{[/serie/{name}]}" onto public java.lang.String com.trackorjargh.javacontrollers.ShowController.serveShowProfile(org.springframework.ui.Model,java.lang.String,java.util.Optional<java.lang.String>,java.util.Optional<java.lang.String>)
2019-05-09T10:02:15.329Z : 2019-05-09 10:02:15.329  INFO 1 --- [           main] s.w.s.m.m.a.RequestMappingHandlerMapping : Mapped "{[/busqueda/{optionSearch}/serie/{name}]}" onto public java.lang.String com.trackorjargh.javacontrollers.ShowController.searchShows(org.springframework.ui.Model,java.lang.String,java.lang.String)
2019-05-09T10:02:15.329Z : 2019-05-09 10:02:15.329  INFO 1 --- [           main] s.w.s.m.m.a.RequestMappingHandlerMapping : Mapped "{[/serie/borrarcomentario/{id}/{name}]}" onto public java.lang.String com.trackorjargh.javacontrollers.ShowController.deleteCommentShow(org.springframework.ui.Model,int,java.lang.String)
2019-05-09T10:02:15.330Z : 2019-05-09 10:02:15.330  INFO 1 --- [           main] s.w.s.m.m.a.RequestMappingHandlerMapping : Mapped "{[/olvidocontra]}" onto public java.lang.String com.trackorjargh.javacontrollers.UserController.forgetPass(org.springframework.ui.Model,javax.servlet.http.HttpServletRequest,java.util.Optional<java.lang.String>)
2019-05-09T10:02:15.330Z : 2019-05-09 10:02:15.330  INFO 1 --- [           main] s.w.s.m.m.a.RequestMappingHandlerMapping : Mapped "{[/miperfil]}" onto public java.lang.String com.trackorjargh.javacontrollers.UserController.serveUserProfile(org.springframework.ui.Model,java.util.Optional<java.lang.String>,java.util.Optional<java.lang.String>,java.util.Optional<java.lang.Boolean>,java.util.Optional<org.springframework.web.multipart.MultipartFile>)
2019-05-09T10:02:15.330Z : 2019-05-09 10:02:15.330  INFO 1 --- [           main] s.w.s.m.m.a.RequestMappingHandlerMapping : Mapped "{[/listaNueva]}" onto public java.lang.String com.trackorjargh.javacontrollers.UserController.modProfile(org.springframework.ui.Model,java.lang.String)
2019-05-09T10:02:15.331Z : 2019-05-09 10:02:15.331  INFO 1 --- [           main] s.w.s.m.m.a.RequestMappingHandlerMapping : Mapped "{[/registrar]}" onto public java.lang.String com.trackorjargh.javacontrollers.UserController.serveRegistrer(org.springframework.ui.Model,org.springframework.web.servlet.mvc.support.RedirectAttributes,javax.servlet.http.HttpServletRequest,java.lang.String,java.lang.String,java.lang.String)
2019-05-09T10:02:15.331Z : 2019-05-09 10:02:15.331  INFO 1 --- [           main] s.w.s.m.m.a.RequestMappingHandlerMapping : Mapped "{[/cambiarcontra/{alphanumericCode}]}" onto public java.lang.String com.trackorjargh.javacontrollers.UserController.changePass(org.springframework.ui.Model,javax.servlet.http.HttpServletRequest,java.lang.String,java.util.Optional<java.lang.String>)
2019-05-09T10:02:15.331Z : 2019-05-09 10:02:15.331  INFO 1 --- [           main] s.w.s.m.m.a.RequestMappingHandlerMapping : Mapped "{[/activarusuario/{name}]}" onto public java.lang.String com.trackorjargh.javacontrollers.UserController.activatedUser(org.springframework.ui.Model,java.lang.String)
2019-05-09T10:02:15.331Z : 2019-05-09 10:02:15.331  INFO 1 --- [           main] s.w.s.m.m.a.RequestMappingHandlerMapping : Mapped "{[/imagen/{fileName:.+}]}" onto public void com.trackorjargh.javacontrollers.ImagesControler.handleFileDownload(java.lang.String,javax.servlet.http.HttpServletResponse) throws java.io.FileNotFoundException,java.io.IOException
2019-05-09T10:02:15.332Z : 2019-05-09 10:02:15.332  INFO 1 --- [           main] s.w.s.m.m.a.RequestMappingHandlerMapping : Mapped "{[/busqueda]}" onto public java.lang.String com.trackorjargh.javacontrollers.SearchController.search(org.springframework.ui.Model)
2019-05-09T10:02:15.333Z : 2019-05-09 10:02:15.333  INFO 1 --- [           main] s.w.s.m.m.a.RequestMappingHandlerMapping : Mapped "{[/administracion]}" onto public java.lang.String com.trackorjargh.javacontrollers.AdminContoller.serveAdmin(org.springframework.ui.Model)
2019-05-09T10:02:15.333Z : 2019-05-09 10:02:15.333  INFO 1 --- [           main] s.w.s.m.m.a.RequestMappingHandlerMapping : Mapped "{[/subirContenido]}" onto public java.lang.String com.trackorjargh.javacontrollers.AdminContoller.newContent(org.springframework.ui.Model)
2019-05-09T10:02:15.334Z : 2019-05-09 10:02:15.333  INFO 1 --- [           main] s.w.s.m.m.a.RequestMappingHandlerMapping : Mapped "{[/seleccionarPelicula]}" onto public org.springframework.web.servlet.ModelAndView com.trackorjargh.javacontrollers.AdminContoller.filmSelection(org.springframework.web.servlet.mvc.support.RedirectAttributes,java.lang.String)
2019-05-09T10:02:15.334Z : 2019-05-09 10:02:15.334  INFO 1 --- [           main] s.w.s.m.m.a.RequestMappingHandlerMapping : Mapped "{[/seleccionarSerie]}" onto public org.springframework.web.servlet.ModelAndView com.trackorjargh.javacontrollers.AdminContoller.showSelection(org.springframework.web.servlet.mvc.support.RedirectAttributes,java.lang.String)
2019-05-09T10:02:15.334Z : 2019-05-09 10:02:15.334  INFO 1 --- [           main] s.w.s.m.m.a.RequestMappingHandlerMapping : Mapped "{[/seleccionarLibro]}" onto public org.springframework.web.servlet.ModelAndView com.trackorjargh.javacontrollers.AdminContoller.bookSelection(org.springframework.web.servlet.mvc.support.RedirectAttributes,java.lang.String)
2019-05-09T10:02:15.334Z : 2019-05-09 10:02:15.334  INFO 1 --- [           main] s.w.s.m.m.a.RequestMappingHandlerMapping : Mapped "{[/seleccionarUsuario]}" onto public org.springframework.web.servlet.ModelAndView com.trackorjargh.javacontrollers.AdminContoller.userSelection(org.springframework.web.servlet.mvc.support.RedirectAttributes,java.lang.String)
2019-05-09T10:02:15.335Z : 2019-05-09 10:02:15.334  INFO 1 --- [           main] s.w.s.m.m.a.RequestMappingHandlerMapping : Mapped "{[/editarContenido/{type}/{name}]}" onto public org.springframework.web.servlet.ModelAndView com.trackorjargh.javacontrollers.AdminContoller.editContent(org.springframework.web.servlet.mvc.support.RedirectAttributes,java.lang.String,java.lang.String)
2019-05-09T10:02:15.335Z : 2019-05-09 10:02:15.335  INFO 1 --- [           main] s.w.s.m.m.a.RequestMappingHandlerMapping : Mapped "{[/adminUsuario]}" onto public java.lang.String com.trackorjargh.javacontrollers.AdminContoller.adminUser(org.springframework.ui.Model,java.lang.String,java.lang.String,java.util.Optional<java.lang.Boolean>,java.lang.String)
2019-05-09T10:02:15.335Z : 2019-05-09 10:02:15.335  INFO 1 --- [           main] s.w.s.m.m.a.RequestMappingHandlerMapping : Mapped "{[/adminPelicula]}" onto public java.lang.String com.trackorjargh.javacontrollers.AdminContoller.adminFilm(org.springframework.ui.Model,java.lang.String,java.lang.String,java.util.Optional<java.lang.Boolean>,java.lang.String,java.lang.String,org.springframework.web.multipart.MultipartFile,java.util.Optional<java.lang.String[]>,java.util.Optional<java.lang.String[]>,java.lang.String,java.lang.String,java.lang.String)
2019-05-09T10:02:15.336Z : 2019-05-09 10:02:15.335  INFO 1 --- [           main] s.w.s.m.m.a.RequestMappingHandlerMapping : Mapped "{[/adminSerie]}" onto public java.lang.String com.trackorjargh.javacontrollers.AdminContoller.adminShow(org.springframework.ui.Model,java.lang.String,java.lang.String,java.util.Optional<java.lang.Boolean>,java.lang.String,java.lang.String,org.springframework.web.multipart.MultipartFile,java.util.Optional<java.lang.String[]>,java.util.Optional<java.lang.String[]>,java.lang.String,java.lang.String,java.lang.String)
2019-05-09T10:02:15.336Z : 2019-05-09 10:02:15.336  INFO 1 --- [           main] s.w.s.m.m.a.RequestMappingHandlerMapping : Mapped "{[/adminLibro]}" onto public java.lang.String com.trackorjargh.javacontrollers.AdminContoller.adminBook(org.springframework.ui.Model,java.lang.String,java.lang.String,java.util.Optional<java.lang.Boolean>,java.lang.String,org.springframework.web.multipart.MultipartFile,java.util.Optional<java.lang.String[]>,java.util.Optional<java.lang.String[]>,java.lang.String,java.lang.String)
2019-05-09T10:02:15.336Z : 2019-05-09 10:02:15.336  INFO 1 --- [           main] s.w.s.m.m.a.RequestMappingHandlerMapping : Mapped "{[/nuevaSerie]}" onto public java.lang.String com.trackorjargh.javacontrollers.AdminContoller.newShow(java.util.Optional<org.springframework.web.multipart.MultipartFile>,java.lang.String,java.lang.String,java.lang.String,java.util.Optional<java.lang.String[]>,java.lang.String,java.lang.String,java.lang.String)
2019-05-09T10:02:15.336Z : 2019-05-09 10:02:15.336  INFO 1 --- [           main] s.w.s.m.m.a.RequestMappingHandlerMapping : Mapped "{[/nuevoLibro]}" onto public java.lang.String com.trackorjargh.javacontrollers.AdminContoller.newBook(java.util.Optional<org.springframework.web.multipart.MultipartFile>,java.lang.String,java.lang.String,java.util.Optional<java.lang.String[]>,java.lang.String,java.lang.String)
2019-05-09T10:02:15.337Z : 2019-05-09 10:02:15.337  INFO 1 --- [           main] s.w.s.m.m.a.RequestMappingHandlerMapping : Mapped "{[/api/login]}" onto public org.springframework.http.ResponseEntity<com.trackorjargh.javaclass.User> com.trackorjargh.security.LoginControllerApi.logIn()
2019-05-09T10:02:15.338Z : 2019-05-09 10:02:15.337  INFO 1 --- [           main] s.w.s.m.m.a.RequestMappingHandlerMapping : Mapped "{[/api/logout]}" onto public org.springframework.http.ResponseEntity<java.lang.Boolean> com.trackorjargh.security.LoginControllerApi.logOut(javax.servlet.http.HttpSession)
2019-05-09T10:02:15.341Z : 2019-05-09 10:02:15.341  INFO 1 --- [           main] s.w.s.m.m.a.RequestMappingHandlerMapping : Mapped "{[/api/subirimagen],methods=[POST],consumes=[multipart/mixed || multipart/form-data]}" onto public java.lang.String com.trackorjargh.apirestcontrolers.ApiImagesController.putUpload(org.springframework.web.multipart.MultipartFile)
2019-05-09T10:02:15.344Z : 2019-05-09 10:02:15.344  INFO 1 --- [           main] s.w.s.m.m.a.RequestMappingHandlerMapping : Mapped "{[/api/listas],methods=[POST]}" onto public org.springframework.http.ResponseEntity<com.trackorjargh.javaclass.Lists> com.trackorjargh.apirestcontrolers.ApiListsController.addEmptyListInUser(com.trackorjargh.javaclass.Lists)
2019-05-09T10:02:15.345Z : 2019-05-09 10:02:15.345  INFO 1 --- [           main] s.w.s.m.m.a.RequestMappingHandlerMapping : Mapped "{[/api/listas/contenido],methods=[GET]}" onto public org.springframework.http.ResponseEntity<java.util.List<com.trackorjargh.javaclass.PreparateListsShow>> com.trackorjargh.apirestcontrolers.ApiListsController.getContentListsUser()
2019-05-09T10:02:15.345Z : 2019-05-09 10:02:15.345  INFO 1 --- [           main] s.w.s.m.m.a.RequestMappingHandlerMapping : Mapped "{[/api/listas],methods=[PUT]}" onto public org.springframework.http.ResponseEntity<java.lang.Boolean> com.trackorjargh.apirestcontrolers.ApiListsController.addedListInUser(com.trackorjargh.javaclass.Lists)
2019-05-09T10:02:15.345Z : 2019-05-09 10:02:15.345  INFO 1 --- [           main] s.w.s.m.m.a.RequestMappingHandlerMapping : Mapped "{[/api/listas/{nameList}],methods=[DELETE]}" onto public org.springframework.http.ResponseEntity<java.lang.Boolean> com.trackorjargh.apirestcontrolers.ApiListsController.deletedListInUser(java.lang.String)
2019-05-09T10:02:15.345Z : 2019-05-09 10:02:15.345  INFO 1 --- [           main] s.w.s.m.m.a.RequestMappingHandlerMapping : Mapped "{[/api/listas/{nameList}/{typeContent}/{nameContent}],methods=[DELETE]}" onto public org.springframework.http.ResponseEntity<java.lang.Boolean> com.trackorjargh.apirestcontrolers.ApiListsController.deletedContentInList(java.lang.String,java.lang.String,java.lang.String)
2019-05-09T10:02:15.345Z : 2019-05-09 10:02:15.345  INFO 1 --- [           main] s.w.s.m.m.a.RequestMappingHandlerMapping : Mapped "{[/api/listas],methods=[GET]}" onto public org.springframework.http.ResponseEntity<java.util.List<com.trackorjargh.javaclass.Lists>> com.trackorjargh.apirestcontrolers.ApiListsController.getListsUser()
2019-05-09T10:02:15.350Z : 2019-05-09 10:02:15.350  INFO 1 --- [           main] s.w.s.m.m.a.RequestMappingHandlerMapping : Mapped "{[/api/libros/{name}],methods=[DELETE]}" onto public org.springframework.http.ResponseEntity<com.trackorjargh.javaclass.Book> com.trackorjargh.apirestcontrolers.ApiBookController.deleteBook(java.lang.String)
2019-05-09T10:02:15.350Z : 2019-05-09 10:02:15.350  INFO 1 --- [           main] s.w.s.m.m.a.RequestMappingHandlerMapping : Mapped "{[/api/libros],methods=[GET]}" onto public org.springframework.data.domain.Page<com.trackorjargh.javaclass.Book> com.trackorjargh.apirestcontrolers.ApiBookController.getBooks(org.springframework.data.domain.Pageable)
2019-05-09T10:02:15.351Z : 2019-05-09 10:02:15.350  INFO 1 --- [           main] s.w.s.m.m.a.RequestMappingHandlerMapping : Mapped "{[/api/libros/{name}],methods=[PUT]}" onto public org.springframework.http.ResponseEntity<com.trackorjargh.javaclass.Book> com.trackorjargh.apirestcontrolers.ApiBookController.editBook(java.lang.String,com.trackorjargh.javaclass.Book)
2019-05-09T10:02:15.351Z : 2019-05-09 10:02:15.351  INFO 1 --- [           main] s.w.s.m.m.a.RequestMappingHandlerMapping : Mapped "{[/api/libros/administracion],methods=[GET]}" onto public org.springframework.http.ResponseEntity<java.util.List<com.trackorjargh.javaclass.Book>> com.trackorjargh.apirestcontrolers.ApiBookController.getAllBooks()
2019-05-09T10:02:15.351Z : 2019-05-09 10:02:15.351  INFO 1 --- [           main] s.w.s.m.m.a.RequestMappingHandlerMapping : Mapped "{[/api/libros/{name}],methods=[GET]}" onto public org.springframework.http.ResponseEntity<com.trackorjargh.javaclass.Book> com.trackorjargh.apirestcontrolers.ApiBookController.getBook(java.lang.String)
2019-05-09T10:02:15.351Z : 2019-05-09 10:02:15.351  INFO 1 --- [           main] s.w.s.m.m.a.RequestMappingHandlerMapping : Mapped "{[/api/libros/relacionadas/{id}],methods=[GET]}" onto public org.springframework.data.domain.Page<com.trackorjargh.javaclass.Book> com.trackorjargh.apirestcontrolers.ApiBookController.getBookRelated(int,org.springframework.data.domain.Pageable)
2019-05-09T10:02:15.351Z : 2019-05-09 10:02:15.351  INFO 1 --- [           main] s.w.s.m.m.a.RequestMappingHandlerMapping : Mapped "{[/api/libros/ultimas/{num}],methods=[GET]}" onto public java.util.List<com.trackorjargh.javaclass.Book> com.trackorjargh.apirestcontrolers.ApiBookController.getLastBook(int)
2019-05-09T10:02:15.352Z : 2019-05-09 10:02:15.351  INFO 1 --- [           main] s.w.s.m.m.a.RequestMappingHandlerMapping : Mapped "{[/api/libros/mejorvalorados],methods=[GET]}" onto public org.springframework.data.domain.Page<com.trackorjargh.javaclass.Book> com.trackorjargh.apirestcontrolers.ApiBookController.getBestPointLibros(org.springframework.data.domain.Pageable)
2019-05-09T10:02:15.352Z : 2019-05-09 10:02:15.352  INFO 1 --- [           main] s.w.s.m.m.a.RequestMappingHandlerMapping : Mapped "{[/api/libros/grafico],methods=[GET]}" onto public java.util.List<com.trackorjargh.grafics.Grafics> com.trackorjargh.apirestcontrolers.ApiBookController.getBestPointBooks()
2019-05-09T10:02:15.352Z : 2019-05-09 10:02:15.352  INFO 1 --- [           main] s.w.s.m.m.a.RequestMappingHandlerMapping : Mapped "{[/api/libros],methods=[POST]}" onto public org.springframework.http.ResponseEntity<com.trackorjargh.javaclass.Book> com.trackorjargh.apirestcontrolers.ApiBookController.addBook(com.trackorjargh.javaclass.Book)
2019-05-09T10:02:15.352Z : 2019-05-09 10:02:15.352  INFO 1 --- [           main] s.w.s.m.m.a.RequestMappingHandlerMapping : Mapped "{[/api/libros/comentarios/{name}],methods=[GET]}" onto public org.springframework.http.ResponseEntity<java.util.List<com.trackorjargh.javaclass.CommentBook>> com.trackorjargh.apirestcontrolers.ApiBookController.getCommentsBook(java.lang.String)
2019-05-09T10:02:15.352Z : 2019-05-09 10:02:15.352  INFO 1 --- [           main] s.w.s.m.m.a.RequestMappingHandlerMapping : Mapped "{[/api/libros/comentarios/{name}],methods=[POST]}" onto public org.springframework.http.ResponseEntity<com.trackorjargh.javaclass.CommentBook> com.trackorjargh.apirestcontrolers.ApiBookController.addComentBook(java.lang.String,com.trackorjargh.javaclass.CommentBook)
2019-05-09T10:02:15.353Z : 2019-05-09 10:02:15.353  INFO 1 --- [           main] s.w.s.m.m.a.RequestMappingHandlerMapping : Mapped "{[/api/libros/comentarios/{id}],methods=[DELETE]}" onto public org.springframework.http.ResponseEntity<com.trackorjargh.javaclass.CommentBook> com.trackorjargh.apirestcontrolers.ApiBookController.deleteBookComent(java.lang.Long)
2019-05-09T10:02:15.353Z : 2019-05-09 10:02:15.353  INFO 1 --- [           main] s.w.s.m.m.a.RequestMappingHandlerMapping : Mapped "{[/api/libros/puntos/{name}],methods=[POST]}" onto public org.springframework.http.ResponseEntity<com.trackorjargh.javaclass.PointBook> com.trackorjargh.apirestcontrolers.ApiBookController.addBookPoint(java.lang.String,com.trackorjargh.javaclass.PointBook)
2019-05-09T10:02:15.353Z : 2019-05-09 10:02:15.353  INFO 1 --- [           main] s.w.s.m.m.a.RequestMappingHandlerMapping : Mapped "{[/api/libros/puntos/{name}],methods=[GET]}" onto public org.springframework.http.ResponseEntity<java.util.List<com.trackorjargh.javaclass.PointBook>> com.trackorjargh.apirestcontrolers.ApiBookController.getBookPoint(java.lang.String)
2019-05-09T10:02:15.353Z : 2019-05-09 10:02:15.353  INFO 1 --- [           main] s.w.s.m.m.a.RequestMappingHandlerMapping : Mapped "{[/api/busqueda/{optionSearch}/libros/{name}/page],methods=[GET]}" onto public org.springframework.data.domain.Page<com.trackorjargh.javaclass.Book> com.trackorjargh.apirestcontrolers.ApiBookController.getSearchLibros(org.springframework.data.domain.Pageable,java.lang.String,java.lang.String)
2019-05-09T10:02:15.356Z : 2019-05-09 10:02:15.356  INFO 1 --- [           main] s.w.s.m.m.a.RequestMappingHandlerMapping : Mapped "{[/api/series/{name}],methods=[DELETE]}" onto public org.springframework.http.ResponseEntity<com.trackorjargh.javaclass.Shows> com.trackorjargh.apirestcontrolers.ApiShowController.deleteShow(java.lang.String)
2019-05-09T10:02:15.357Z : 2019-05-09 10:02:15.357  INFO 1 --- [           main] s.w.s.m.m.a.RequestMappingHandlerMapping : Mapped "{[/api/series/{name}],methods=[PUT]}" onto public org.springframework.http.ResponseEntity<com.trackorjargh.javaclass.Shows> com.trackorjargh.apirestcontrolers.ApiShowController.editShow(java.lang.String,com.trackorjargh.javaclass.Shows)
2019-05-09T10:02:15.357Z : 2019-05-09 10:02:15.357  INFO 1 --- [           main] s.w.s.m.m.a.RequestMappingHandlerMapping : Mapped "{[/api/series],methods=[GET]}" onto public org.springframework.data.domain.Page<com.trackorjargh.javaclass.Shows> com.trackorjargh.apirestcontrolers.ApiShowController.getShows(org.springframework.data.domain.Pageable)
2019-05-09T10:02:15.358Z : 2019-05-09 10:02:15.357  INFO 1 --- [           main] s.w.s.m.m.a.RequestMappingHandlerMapping : Mapped "{[/api/series/administracion],methods=[GET]}" onto public org.springframework.http.ResponseEntity<java.util.List<com.trackorjargh.javaclass.Shows>> com.trackorjargh.apirestcontrolers.ApiShowController.getAllShows(org.springframework.data.domain.Pageable)
2019-05-09T10:02:15.358Z : 2019-05-09 10:02:15.358  INFO 1 --- [           main] s.w.s.m.m.a.RequestMappingHandlerMapping : Mapped "{[/api/series/{name}]}" onto public org.springframework.http.ResponseEntity<com.trackorjargh.javaclass.Shows> com.trackorjargh.apirestcontrolers.ApiShowController.getShow(java.lang.String)
2019-05-09T10:02:15.358Z : 2019-05-09 10:02:15.358  INFO 1 --- [           main] s.w.s.m.m.a.RequestMappingHandlerMapping : Mapped "{[/api/series/relacionadas/{id}],methods=[GET]}" onto public org.springframework.data.domain.Page<com.trackorjargh.javaclass.Shows> com.trackorjargh.apirestcontrolers.ApiShowController.getShowRelated(int,org.springframework.data.domain.Pageable)
2019-05-09T10:02:15.358Z : 2019-05-09 10:02:15.358  INFO 1 --- [           main] s.w.s.m.m.a.RequestMappingHandlerMapping : Mapped "{[/api/series/ultimas/{num}],methods=[GET]}" onto public java.util.List<com.trackorjargh.javaclass.Shows> com.trackorjargh.apirestcontrolers.ApiShowController.getLastShow(int)
2019-05-09T10:02:15.358Z : 2019-05-09 10:02:15.358  INFO 1 --- [           main] s.w.s.m.m.a.RequestMappingHandlerMapping : Mapped "{[/api/series/mejorvaloradas],methods=[GET]}" onto public org.springframework.data.domain.Page<com.trackorjargh.javaclass.Shows> com.trackorjargh.apirestcontrolers.ApiShowController.getBestPointSeries(org.springframework.data.domain.Pageable)
2019-05-09T10:02:15.358Z : 2019-05-09 10:02:15.358  INFO 1 --- [           main] s.w.s.m.m.a.RequestMappingHandlerMapping : Mapped "{[/api/series/grafico],methods=[GET]}" onto public java.util.List<com.trackorjargh.grafics.Grafics> com.trackorjargh.apirestcontrolers.ApiShowController.getBestPointShows()
2019-05-09T10:02:15.359Z : 2019-05-09 10:02:15.358  INFO 1 --- [           main] s.w.s.m.m.a.RequestMappingHandlerMapping : Mapped "{[/api/series],methods=[POST]}" onto public org.springframework.http.ResponseEntity<com.trackorjargh.javaclass.Shows> com.trackorjargh.apirestcontrolers.ApiShowController.addShow(com.trackorjargh.javaclass.Shows)
2019-05-09T10:02:15.359Z : 2019-05-09 10:02:15.359  INFO 1 --- [           main] s.w.s.m.m.a.RequestMappingHandlerMapping : Mapped "{[/api/series/comentarios/{name}],methods=[GET]}" onto public org.springframework.http.ResponseEntity<java.util.List<com.trackorjargh.javaclass.CommentShow>> com.trackorjargh.apirestcontrolers.ApiShowController.getCommentsShow(java.lang.String)
2019-05-09T10:02:15.359Z : 2019-05-09 10:02:15.359  INFO 1 --- [           main] s.w.s.m.m.a.RequestMappingHandlerMapping : Mapped "{[/api/series/comentarios/{name}],methods=[POST]}" onto public org.springframework.http.ResponseEntity<com.trackorjargh.javaclass.CommentShow> com.trackorjargh.apirestcontrolers.ApiShowController.addComentShow(java.lang.String,com.trackorjargh.javaclass.CommentShow)
2019-05-09T10:02:15.359Z : 2019-05-09 10:02:15.359  INFO 1 --- [           main] s.w.s.m.m.a.RequestMappingHandlerMapping : Mapped "{[/api/series/comentarios/{id}],methods=[DELETE]}" onto public org.springframework.http.ResponseEntity<com.trackorjargh.javaclass.CommentShow> com.trackorjargh.apirestcontrolers.ApiShowController.deleteShowComent(java.lang.Long)
2019-05-09T10:02:15.359Z : 2019-05-09 10:02:15.359  INFO 1 --- [           main] s.w.s.m.m.a.RequestMappingHandlerMapping : Mapped "{[/api/series/puntos/{name}],methods=[POST]}" onto public org.springframework.http.ResponseEntity<com.trackorjargh.javaclass.PointShow> com.trackorjargh.apirestcontrolers.ApiShowController.addShowPoint(java.lang.String,com.trackorjargh.javaclass.PointShow)
2019-05-09T10:02:15.360Z : 2019-05-09 10:02:15.359  INFO 1 --- [           main] s.w.s.m.m.a.RequestMappingHandlerMapping : Mapped "{[/api/series/puntos/{name}],methods=[GET]}" onto public org.springframework.http.ResponseEntity<java.util.List<com.trackorjargh.javaclass.PointShow>> com.trackorjargh.apirestcontrolers.ApiShowController.getShowPoint(java.lang.String)
2019-05-09T10:02:15.360Z : 2019-05-09 10:02:15.360  INFO 1 --- [           main] s.w.s.m.m.a.RequestMappingHandlerMapping : Mapped "{[/api/busqueda/{optionSearch}/series/{name}/page],methods=[GET]}" onto public org.springframework.data.domain.Page<com.trackorjargh.javaclass.Shows> com.trackorjargh.apirestcontrolers.ApiShowController.getSearchSeries(org.springframework.data.domain.Pageable,java.lang.String,java.lang.String)
2019-05-09T10:02:15.360Z : 2019-05-09 10:02:15.360  INFO 1 --- [           main] s.w.s.m.m.a.RequestMappingHandlerMapping : Mapped "{[/api/generos],methods=[GET]}" onto public java.util.List<com.trackorjargh.javaclass.Gender> com.trackorjargh.apirestcontrolers.ApiGenderController.getGenders()
2019-05-09T10:02:15.361Z : 2019-05-09 10:02:15.360  INFO 1 --- [           main] s.w.s.m.m.a.RequestMappingHandlerMapping : Mapped "{[/api/generos/grafico],methods=[GET]}" onto public java.util.List<com.trackorjargh.grafics.Grafics> com.trackorjargh.apirestcontrolers.ApiGenderController.getGraphicGende()
2019-05-09T10:02:15.364Z : 2019-05-09 10:02:15.363  INFO 1 --- [           main] s.w.s.m.m.a.RequestMappingHandlerMapping : Mapped "{[/api/peliculas/{name}],methods=[DELETE]}" onto public org.springframework.http.ResponseEntity<com.trackorjargh.javaclass.Film> com.trackorjargh.apirestcontrolers.ApiFilmController.deleteFilm(java.lang.String)
2019-05-09T10:02:15.364Z : 2019-05-09 10:02:15.364  INFO 1 --- [           main] s.w.s.m.m.a.RequestMappingHandlerMapping : Mapped "{[/api/peliculas],methods=[GET]}" onto public org.springframework.data.domain.Page<com.trackorjargh.javaclass.Film> com.trackorjargh.apirestcontrolers.ApiFilmController.getFilms(org.springframework.data.domain.Pageable)
2019-05-09T10:02:15.364Z : 2019-05-09 10:02:15.364  INFO 1 --- [           main] s.w.s.m.m.a.RequestMappingHandlerMapping : Mapped "{[/api/peliculas/{name}],methods=[PUT]}" onto public org.springframework.http.ResponseEntity<com.trackorjargh.javaclass.Film> com.trackorjargh.apirestcontrolers.ApiFilmController.editFilm(java.lang.String,com.trackorjargh.javaclass.Film)
2019-05-09T10:02:15.364Z : 2019-05-09 10:02:15.364  INFO 1 --- [           main] s.w.s.m.m.a.RequestMappingHandlerMapping : Mapped "{[/api/peliculas/administracion],methods=[GET]}" onto public org.springframework.http.ResponseEntity<java.util.List<com.trackorjargh.javaclass.Film>> com.trackorjargh.apirestcontrolers.ApiFilmController.getAllFilms()
2019-05-09T10:02:15.364Z : 2019-05-09 10:02:15.364  INFO 1 --- [           main] s.w.s.m.m.a.RequestMappingHandlerMapping : Mapped "{[/api/peliculas/{name}],methods=[GET]}" onto public org.springframework.http.ResponseEntity<com.trackorjargh.javaclass.Film> com.trackorjargh.apirestcontrolers.ApiFilmController.getFilm(java.lang.String)
2019-05-09T10:02:15.364Z : 2019-05-09 10:02:15.364  INFO 1 --- [           main] s.w.s.m.m.a.RequestMappingHandlerMapping : Mapped "{[/api/peliculas/ultimas/{num}],methods=[GET]}" onto public java.util.List<com.trackorjargh.javaclass.Film> com.trackorjargh.apirestcontrolers.ApiFilmController.getLastFilm(int)
2019-05-09T10:02:15.365Z : 2019-05-09 10:02:15.365  INFO 1 --- [           main] s.w.s.m.m.a.RequestMappingHandlerMapping : Mapped "{[/api/peliculas/mejorvaloradas],methods=[GET]}" onto public org.springframework.data.domain.Page<com.trackorjargh.javaclass.Film> com.trackorjargh.apirestcontrolers.ApiFilmController.getBestPointPeliculas(org.springframework.data.domain.Pageable)
2019-05-09T10:02:15.365Z : 2019-05-09 10:02:15.365  INFO 1 --- [           main] s.w.s.m.m.a.RequestMappingHandlerMapping : Mapped "{[/api/peliculas/relacionadas/{id}],methods=[GET]}" onto public org.springframework.data.domain.Page<com.trackorjargh.javaclass.Film> com.trackorjargh.apirestcontrolers.ApiFilmController.getFilmRelated(int,org.springframework.data.domain.Pageable)
2019-05-09T10:02:15.365Z : 2019-05-09 10:02:15.365  INFO 1 --- [           main] s.w.s.m.m.a.RequestMappingHandlerMapping : Mapped "{[/api/peliculas/grafico],methods=[GET]}" onto public java.util.List<com.trackorjargh.grafics.Grafics> com.trackorjargh.apirestcontrolers.ApiFilmController.getBestPointFilms()
2019-05-09T10:02:15.365Z : 2019-05-09 10:02:15.365  INFO 1 --- [           main] s.w.s.m.m.a.RequestMappingHandlerMapping : Mapped "{[/api/peliculas],methods=[POST]}" onto public org.springframework.http.ResponseEntity<com.trackorjargh.javaclass.Film> com.trackorjargh.apirestcontrolers.ApiFilmController.addFilm(com.trackorjargh.javaclass.Film)
2019-05-09T10:02:15.365Z : 2019-05-09 10:02:15.365  INFO 1 --- [           main] s.w.s.m.m.a.RequestMappingHandlerMapping : Mapped "{[/api/peliculas/comentarios/{name}],methods=[GET]}" onto public org.springframework.http.ResponseEntity<java.util.List<com.trackorjargh.javaclass.CommentFilm>> com.trackorjargh.apirestcontrolers.ApiFilmController.getCommentsFilm(java.lang.String)
2019-05-09T10:02:15.366Z : 2019-05-09 10:02:15.366  INFO 1 --- [           main] s.w.s.m.m.a.RequestMappingHandlerMapping : Mapped "{[/api/peliculas/comentarios/{name}],methods=[POST]}" onto public org.springframework.http.ResponseEntity<com.trackorjargh.javaclass.CommentFilm> com.trackorjargh.apirestcontrolers.ApiFilmController.addComentFilm(java.lang.String,com.trackorjargh.javaclass.CommentFilm)
2019-05-09T10:02:15.366Z : 2019-05-09 10:02:15.366  INFO 1 --- [           main] s.w.s.m.m.a.RequestMappingHandlerMapping : Mapped "{[/api/peliculas/comentarios/{id}],methods=[DELETE]}" onto public org.springframework.http.ResponseEntity<com.trackorjargh.javaclass.CommentFilm> com.trackorjargh.apirestcontrolers.ApiFilmController.deleteFilmComent(java.lang.Long)
2019-05-09T10:02:15.366Z : 2019-05-09 10:02:15.366  INFO 1 --- [           main] s.w.s.m.m.a.RequestMappingHandlerMapping : Mapped "{[/api/peliculas/puntos/{name}],methods=[GET]}" onto public org.springframework.http.ResponseEntity<java.util.List<com.trackorjargh.javaclass.PointFilm>> com.trackorjargh.apirestcontrolers.ApiFilmController.getFilmPoint(java.lang.String)
2019-05-09T10:02:15.366Z : 2019-05-09 10:02:15.366  INFO 1 --- [           main] s.w.s.m.m.a.RequestMappingHandlerMapping : Mapped "{[/api/peliculas/puntos/{name}],methods=[POST]}" onto public org.springframework.http.ResponseEntity<com.trackorjargh.javaclass.PointFilm> com.trackorjargh.apirestcontrolers.ApiFilmController.addfilmPoint(java.lang.String,com.trackorjargh.javaclass.PointFilm)
2019-05-09T10:02:15.366Z : 2019-05-09 10:02:15.366  INFO 1 --- [           main] s.w.s.m.m.a.RequestMappingHandlerMapping : Mapped "{[/api/busqueda/{optionSearch}/peliculas/{name}/page],methods=[GET]}" onto public org.springframework.data.domain.Page<com.trackorjargh.javaclass.Film> com.trackorjargh.apirestcontrolers.ApiFilmController.getSearchPeliculas(org.springframework.data.domain.Pageable,java.lang.String,java.lang.String)
2019-05-09T10:02:15.368Z : 2019-05-09 10:02:15.368  INFO 1 --- [           main] s.w.s.m.m.a.RequestMappingHandlerMapping : Mapped "{[/api/usuarios/{name}],methods=[DELETE]}" onto public org.springframework.http.ResponseEntity<com.trackorjargh.javaclass.User> com.trackorjargh.apirestcontrolers.ApiUserController.deleteUser(java.lang.String)
2019-05-09T10:02:15.369Z : 2019-05-09 10:02:15.368  INFO 1 --- [           main] s.w.s.m.m.a.RequestMappingHandlerMapping : Mapped "{[/api/usuarios/{name}],methods=[GET]}" onto public org.springframework.http.ResponseEntity<com.trackorjargh.javaclass.User> com.trackorjargh.apirestcontrolers.ApiUserController.getUser(java.lang.String)
2019-05-09T10:02:15.369Z : 2019-05-09 10:02:15.369  INFO 1 --- [           main] s.w.s.m.m.a.RequestMappingHandlerMapping : Mapped "{[/api/activar/{name}],methods=[GET]}" onto public org.springframework.http.ResponseEntity<com.trackorjargh.javaclass.User> com.trackorjargh.apirestcontrolers.ApiUserController.activatedUser(java.lang.String)
2019-05-09T10:02:15.369Z : 2019-05-09 10:02:15.369  INFO 1 --- [           main] s.w.s.m.m.a.RequestMappingHandlerMapping : Mapped "{[/api/usuarios/{name}],methods=[PUT]}" onto public org.springframework.http.ResponseEntity<com.trackorjargh.javaclass.User> com.trackorjargh.apirestcontrolers.ApiUserController.editUser(java.lang.String,com.trackorjargh.javaclass.User)
2019-05-09T10:02:15.369Z : 2019-05-09 10:02:15.369  INFO 1 --- [           main] s.w.s.m.m.a.RequestMappingHandlerMapping : Mapped "{[/api/usuarios],methods=[POST]}" onto public org.springframework.http.ResponseEntity<com.trackorjargh.javaclass.User> com.trackorjargh.apirestcontrolers.ApiUserController.addUser(org.apache.catalina.servlet4preview.http.HttpServletRequest,com.trackorjargh.javaclass.User)
2019-05-09T10:02:15.369Z : 2019-05-09 10:02:15.369  INFO 1 --- [           main] s.w.s.m.m.a.RequestMappingHandlerMapping : Mapped "{[/api/usuarios/administracion],methods=[GET]}" onto public org.springframework.http.ResponseEntity<java.util.List<com.trackorjargh.javaclass.User>> com.trackorjargh.apirestcontrolers.ApiUserController.getUsers()
2019-05-09T10:02:15.369Z : 2019-05-09 10:02:15.369  INFO 1 --- [           main] s.w.s.m.m.a.RequestMappingHandlerMapping : Mapped "{[/api/restablecer/{alphanumericCode}/],methods=[GET]}" onto public org.springframework.http.ResponseEntity<com.trackorjargh.javaclass.ForgotPassword> com.trackorjargh.apirestcontrolers.ApiUserController.forgotPassword(java.lang.String)
2019-05-09T10:02:15.370Z : 2019-05-09 10:02:15.370  INFO 1 --- [           main] s.w.s.m.m.a.RequestMappingHandlerMapping : Mapped "{[/api/restablecer],methods=[PUT]}" onto public org.springframework.http.ResponseEntity<java.lang.Boolean> com.trackorjargh.apirestcontrolers.ApiUserController.forgotPasswordChange(org.apache.catalina.servlet4preview.http.HttpServletRequest,com.trackorjargh.javaclass.User)
2019-05-09T10:02:15.371Z : 2019-05-09 10:02:15.370  INFO 1 --- [           main] s.w.s.m.m.a.RequestMappingHandlerMapping : Mapped "{[/api/restablecer/{alphanumericCode}/],methods=[POST]}" onto public org.springframework.http.ResponseEntity<com.trackorjargh.javaclass.ForgotPassword> com.trackorjargh.apirestcontrolers.ApiUserController.forgotPasswordDelete(java.lang.String,com.trackorjargh.javaclass.User)
2019-05-09T10:02:15.371Z : 2019-05-09 10:02:15.370  INFO 1 --- [           main] s.w.s.m.m.a.RequestMappingHandlerMapping : Mapped "{[/api/comprobarusuario/{name}/],methods=[GET]}" onto public boolean com.trackorjargh.apirestcontrolers.ApiUserController.checkUser(java.lang.String)
2019-05-09T10:02:15.371Z : 2019-05-09 10:02:15.370  INFO 1 --- [           main] s.w.s.m.m.a.RequestMappingHandlerMapping : Mapped "{[/api/comprobaremail/{email}/],methods=[GET]}" onto public boolean com.trackorjargh.apirestcontrolers.ApiUserController.checkEmail(java.lang.String)
2019-05-09T10:02:15.372Z : 2019-05-09 10:02:15.372  INFO 1 --- [           main] s.w.s.m.m.a.RequestMappingHandlerMapping : Mapped "{[/signin/{providerId}],methods=[GET],params=[oauth_token]}" onto public org.springframework.web.servlet.view.RedirectView org.springframework.social.connect.web.ProviderSignInController.oauth1Callback(java.lang.String,org.springframework.web.context.request.NativeWebRequest)
2019-05-09T10:02:15.372Z : 2019-05-09 10:02:15.372  INFO 1 --- [           main] s.w.s.m.m.a.RequestMappingHandlerMapping : Mapped "{[/signin/{providerId}],methods=[GET],params=[code]}" onto public org.springframework.web.servlet.view.RedirectView org.springframework.social.connect.web.ProviderSignInController.oauth2Callback(java.lang.String,java.lang.String,org.springframework.web.context.request.NativeWebRequest)
2019-05-09T10:02:15.372Z : 2019-05-09 10:02:15.372  INFO 1 --- [           main] s.w.s.m.m.a.RequestMappingHandlerMapping : Mapped "{[/signin/{providerId}],methods=[GET],params=[error]}" onto public org.springframework.web.servlet.view.RedirectView org.springframework.social.connect.web.ProviderSignInController.oauth2ErrorCallback(java.lang.String,java.lang.String,java.lang.String,java.lang.String,org.springframework.web.context.request.NativeWebRequest)
2019-05-09T10:02:15.372Z : 2019-05-09 10:02:15.372  INFO 1 --- [           main] s.w.s.m.m.a.RequestMappingHandlerMapping : Mapped "{[/signin/{providerId}],methods=[POST]}" onto public org.springframework.web.servlet.view.RedirectView org.springframework.social.connect.web.ProviderSignInController.signIn(java.lang.String,org.springframework.web.context.request.NativeWebRequest)
2019-05-09T10:02:15.372Z : 2019-05-09 10:02:15.372  INFO 1 --- [           main] s.w.s.m.m.a.RequestMappingHandlerMapping : Mapped "{[/signin/{providerId}],methods=[GET]}" onto public org.springframework.web.servlet.view.RedirectView org.springframework.social.connect.web.ProviderSignInController.canceledAuthorizationCallback()
2019-05-09T10:02:15.374Z : 2019-05-09 10:02:15.373  INFO 1 --- [           main] s.w.s.m.m.a.RequestMappingHandlerMapping : Mapped "{[/error],produces=[text/html]}" onto public org.springframework.web.servlet.ModelAndView org.springframework.boot.autoconfigure.web.BasicErrorController.errorHtml(javax.servlet.http.HttpServletRequest,javax.servlet.http.HttpServletResponse)
2019-05-09T10:02:15.374Z : 2019-05-09 10:02:15.374  INFO 1 --- [           main] s.w.s.m.m.a.RequestMappingHandlerMapping : Mapped "{[/error]}" onto public org.springframework.http.ResponseEntity<java.util.Map<java.lang.String, java.lang.Object>> org.springframework.boot.autoconfigure.web.BasicErrorController.error(javax.servlet.http.HttpServletRequest)
2019-05-09T10:02:15.379Z : 2019-05-09 10:02:15.378  INFO 1 --- [           main] s.w.s.m.m.a.RequestMappingHandlerMapping : Mapped "{[/connect],methods=[GET]}" onto public java.lang.String org.springframework.social.connect.web.ConnectController.connectionStatus(org.springframework.web.context.request.NativeWebRequest,org.springframework.ui.Model)
2019-05-09T10:02:15.379Z : 2019-05-09 10:02:15.379  INFO 1 --- [           main] s.w.s.m.m.a.RequestMappingHandlerMapping : Mapped "{[/connect/{providerId}],methods=[GET]}" onto public java.lang.String org.springframework.social.connect.web.ConnectController.connectionStatus(java.lang.String,org.springframework.web.context.request.NativeWebRequest,org.springframework.ui.Model)
2019-05-09T10:02:15.379Z : 2019-05-09 10:02:15.379  INFO 1 --- [           main] s.w.s.m.m.a.RequestMappingHandlerMapping : Mapped "{[/connect/{providerId}],methods=[GET],params=[oauth_token]}" onto public org.springframework.web.servlet.view.RedirectView org.springframework.social.connect.web.ConnectController.oauth1Callback(java.lang.String,org.springframework.web.context.request.NativeWebRequest)
2019-05-09T10:02:15.379Z : 2019-05-09 10:02:15.379  INFO 1 --- [           main] s.w.s.m.m.a.RequestMappingHandlerMapping : Mapped "{[/connect/{providerId}],methods=[GET],params=[code]}" onto public org.springframework.web.servlet.view.RedirectView org.springframework.social.connect.web.ConnectController.oauth2Callback(java.lang.String,org.springframework.web.context.request.NativeWebRequest)
2019-05-09T10:02:15.379Z : 2019-05-09 10:02:15.379  INFO 1 --- [           main] s.w.s.m.m.a.RequestMappingHandlerMapping : Mapped "{[/connect/{providerId}],methods=[GET],params=[error]}" onto public org.springframework.web.servlet.view.RedirectView org.springframework.social.connect.web.ConnectController.oauth2ErrorCallback(java.lang.String,java.lang.String,java.lang.String,java.lang.String,org.springframework.web.context.request.NativeWebRequest)
2019-05-09T10:02:15.379Z : 2019-05-09 10:02:15.379  INFO 1 --- [           main] s.w.s.m.m.a.RequestMappingHandlerMapping : Mapped "{[/connect/{providerId}],methods=[DELETE]}" onto public org.springframework.web.servlet.view.RedirectView org.springframework.social.connect.web.ConnectController.removeConnections(java.lang.String,org.springframework.web.context.request.NativeWebRequest)
2019-05-09T10:02:15.379Z : 2019-05-09 10:02:15.379  INFO 1 --- [           main] s.w.s.m.m.a.RequestMappingHandlerMapping : Mapped "{[/connect/{providerId}/{providerUserId}],methods=[DELETE]}" onto public org.springframework.web.servlet.view.RedirectView org.springframework.social.connect.web.ConnectController.removeConnection(java.lang.String,java.lang.String,org.springframework.web.context.request.NativeWebRequest)
2019-05-09T10:02:15.380Z : 2019-05-09 10:02:15.379  INFO 1 --- [           main] s.w.s.m.m.a.RequestMappingHandlerMapping : Mapped "{[/connect/{providerId}],methods=[POST]}" onto public org.springframework.web.servlet.view.RedirectView org.springframework.social.connect.web.ConnectController.connect(java.lang.String,org.springframework.web.context.request.NativeWebRequest)
2019-05-09T10:02:15.417Z : 2019-05-09 10:02:15.417  INFO 1 --- [           main] o.s.w.s.handler.SimpleUrlHandlerMapping  : Mapped URL path [/webjars/**] onto handler of type [class org.springframework.web.servlet.resource.ResourceHttpRequestHandler]
2019-05-09T10:02:15.417Z : 2019-05-09 10:02:15.417  INFO 1 --- [           main] o.s.w.s.handler.SimpleUrlHandlerMapping  : Mapped URL path [/**] onto handler of type [class org.springframework.web.servlet.resource.ResourceHttpRequestHandler]
2019-05-09T10:02:15.460Z : 2019-05-09 10:02:15.460  INFO 1 --- [           main] o.s.w.s.handler.SimpleUrlHandlerMapping  : Mapped URL path [/**/favicon.ico] onto handler of type [class org.springframework.web.servlet.resource.ResourceHttpRequestHandler]
2019-05-09T10:02:15.856Z : 2019-05-09 10:02:15.855  INFO 1 --- [           main] o.s.s.web.DefaultSecurityFilterChain     : Creating filter chain: OrRequestMatcher [requestMatchers=[Ant [pattern='/css/**'], Ant [pattern='/js/**'], Ant [pattern='/images/**'], Ant [pattern='/webjars/**'], Ant [pattern='/**/favicon.ico'], Ant [pattern='/error']]], []
2019-05-09T10:02:15.933Z : 2019-05-09 10:02:15.933  INFO 1 --- [           main] o.s.s.web.DefaultSecurityFilterChain     : Creating filter chain: Ant [pattern='/api/**'], [org.springframework.security.web.context.request.async.WebAsyncManagerIntegrationFilter@1866da85, org.springframework.security.web.context.SecurityContextPersistenceFilter@407873d3, org.springframework.security.web.header.HeaderWriterFilter@6438a7fe, org.springframework.security.web.authentication.logout.LogoutFilter@13fed1ec, org.springframework.security.web.authentication.www.BasicAuthenticationFilter@5f117b3d, org.springframework.security.web.savedrequest.RequestCacheAwareFilter@5412bfea, org.springframework.security.web.servletapi.SecurityContextHolderAwareRequestFilter@79316f3a, org.springframework.security.web.authentication.AnonymousAuthenticationFilter@4cfa8227, org.springframework.security.web.session.SessionManagementFilter@4f5f6e45, org.springframework.security.web.access.ExceptionTranslationFilter@260a3a5e, org.springframework.security.web.access.intercept.FilterSecurityInterceptor@43a0a32d]
2019-05-09T10:02:15.946Z : 2019-05-09 10:02:15.945  INFO 1 --- [           main] o.s.s.web.DefaultSecurityFilterChain     : Creating filter chain: org.springframework.security.web.util.matcher.AnyRequestMatcher@1, [org.springframework.security.web.context.request.async.WebAsyncManagerIntegrationFilter@5aaaa446, org.springframework.security.web.context.SecurityContextPersistenceFilter@574cd322, org.springframework.security.web.header.HeaderWriterFilter@15b82644, org.springframework.security.web.authentication.logout.LogoutFilter@a7ad6e5, org.springframework.security.web.authentication.UsernamePasswordAuthenticationFilter@5c7668ba, org.springframework.security.web.savedrequest.RequestCacheAwareFilter@45c2e0a6, org.springframework.security.web.servletapi.SecurityContextHolderAwareRequestFilter@119c745c, org.springframework.security.web.authentication.AnonymousAuthenticationFilter@6c6333cd, org.springframework.security.web.session.SessionManagementFilter@20576557, org.springframework.security.web.access.ExceptionTranslationFilter@13275d8, org.springframework.security.web.access.intercept.FilterSecurityInterceptor@6b69761b]
2019-05-09T10:02:15.949Z : 2019-05-09 10:02:15.949  INFO 1 --- [           main] o.s.s.web.DefaultSecurityFilterChain     : Creating filter chain: Ant [pattern='/h2-console/**'], [org.springframework.security.web.context.request.async.WebAsyncManagerIntegrationFilter@63b3ee82, org.springframework.security.web.context.SecurityContextPersistenceFilter@6b52dd31, org.springframework.security.web.header.HeaderWriterFilter@278667fd, org.springframework.security.web.authentication.logout.LogoutFilter@3f702946, org.springframework.security.web.authentication.www.BasicAuthenticationFilter@42b6d0cc, org.springframework.security.web.savedrequest.RequestCacheAwareFilter@1a2909ae, org.springframework.security.web.servletapi.SecurityContextHolderAwareRequestFilter@e042c99, org.springframework.security.web.authentication.AnonymousAuthenticationFilter@2620e717, org.springframework.security.web.session.SessionManagementFilter@684b31de, org.springframework.security.web.access.ExceptionTranslationFilter@6a937336, org.springframework.security.web.access.intercept.FilterSecurityInterceptor@750ff7d3]
2019-05-09T10:02:15.954Z : 2019-05-09 10:02:15.954  INFO 1 --- [           main] o.s.s.web.DefaultSecurityFilterChain     : Creating filter chain: OrRequestMatcher [requestMatchers=[Ant [pattern='/**']]], [org.springframework.security.web.context.request.async.WebAsyncManagerIntegrationFilter@73010765, org.springframework.security.web.context.SecurityContextPersistenceFilter@468dda3e, org.springframework.security.web.header.HeaderWriterFilter@10823d72, org.springframework.security.web.authentication.logout.LogoutFilter@78010562, org.springframework.security.web.authentication.www.BasicAuthenticationFilter@50756c76, org.springframework.security.web.savedrequest.RequestCacheAwareFilter@5527b211, org.springframework.security.web.servletapi.SecurityContextHolderAwareRequestFilter@54cf7c6a, org.springframework.security.web.authentication.AnonymousAuthenticationFilter@2b10ace9, org.springframework.security.web.session.SessionManagementFilter@7cea0110, org.springframework.security.web.access.ExceptionTranslationFilter@14b0e127, org.springframework.security.web.access.intercept.FilterSecurityInterceptor@1c9e07c6]
2019-05-09T10:02:16.157Z : 2019-05-09 10:02:16.156  INFO 1 --- [           main] o.s.j.e.a.AnnotationMBeanExporter        : Registering beans for JMX exposure on startup
2019-05-09T10:02:16.216Z : 2019-05-09 10:02:16.216  INFO 1 --- [           main] s.b.c.e.t.TomcatEmbeddedServletContainer : Tomcat started on port(s): 8000 (http)
2019-05-09T10:02:16.222Z : 2019-05-09 10:02:16.222  INFO 1 --- [           main] com.trackorjargh.Application             : Started Application in 8.114 seconds (JVM running for 8.688)
2019-05-09T10:04:23.161Z : 2019-05-09 10:04:23.160  INFO 1 --- [nio-8000-exec-2] o.a.c.c.C.[Tomcat].[localhost].[/]       : Initializing Spring FrameworkServlet 'dispatcherServlet'
2019-05-09T10:04:23.161Z : 2019-05-09 10:04:23.161  INFO 1 --- [nio-8000-exec-2] o.s.web.servlet.DispatcherServlet        : FrameworkServlet 'dispatcherServlet': initialization started
2019-05-09T10:04:23.190Z : 2019-05-09 10:04:23.189  INFO 1 --- [nio-8000-exec-2] o.s.web.servlet.DispatcherServlet        : FrameworkServlet 'dispatcherServlet': initialization completed in 28 ms
2019-05-09T10:04:24.142Z : 2019-05-09 10:04:24.141  INFO 1 --- [nio-8000-exec-3] c.t.a.ApiGenderController                : Genres JSON: 
2019-05-09T10:04:24.142Z :  [{"name":"Musical","points":6.0},{"name":"Drama","points":8.0},{"name":"Terror","points":11.0},{"name":"Comedia","points":11.0},{"name":"Animacion","points":11.0},{"name":"Ciencia-ficcion","points":12.0},{"name":"Fantasia","points":12.0},{"name":"Superheroes","points":13.0},{"name":"Thriller","points":16.0},{"name":"Romantica","points":17.0},{"name":"Historica","points":17.0},{"name":"Accion","points":23.0},{"name":"Aventuras","points":43.0}]
2019-05-09T10:04:25.676Z : 2019-05-09 10:04:25.675  INFO 1 --- [nio-8000-exec-3] c.t.a.ApiGenderController                : Genres JSON: 
2019-05-09T10:04:25.676Z :  [{"name":"Musical","points":6.0},{"name":"Drama","points":8.0},{"name":"Terror","points":11.0},{"name":"Comedia","points":11.0},{"name":"Animacion","points":11.0},{"name":"Ciencia-ficcion","points":12.0},{"name":"Fantasia","points":12.0},{"name":"Superheroes","points":13.0},{"name":"Thriller","points":16.0},{"name":"Romantica","points":17.0},{"name":"Historica","points":17.0},{"name":"Accion","points":23.0},{"name":"Aventuras","points":43.0}]
2019-05-09T10:04:27.555Z : 2019-05-09 10:04:27.554  INFO 1 --- [nio-8000-exec-4] c.t.a.ApiListsController                 : Created list: nueva-lista
2019-05-09T10:04:28.330Z : 2019-05-09 10:04:28.330  INFO 1 --- [io-8000-exec-10] c.t.a.ApiListsController                 : Deleted list: nueva-lista
2019-05-09T10:04:28.637Z : 2019-05-09 10:04:28.636  INFO 1 --- [io-8000-exec-10] c.t.a.ApiGenderController                : Genres JSON: 
2019-05-09T10:04:28.637Z :  [{"name":"Musical","points":6.0},{"name":"Drama","points":8.0},{"name":"Terror","points":11.0},{"name":"Comedia","points":11.0},{"name":"Animacion","points":11.0},{"name":"Ciencia-ficcion","points":12.0},{"name":"Fantasia","points":12.0},{"name":"Superheroes","points":13.0},{"name":"Thriller","points":16.0},{"name":"Romantica","points":17.0},{"name":"Historica","points":17.0},{"name":"Accion","points":23.0},{"name":"Aventuras","points":43.0}]