2019-05-09T10:16:47.695Z : 
2019-05-09T10:16:47.696Z :   .   ____          _            __ _ _
2019-05-09T10:16:47.696Z :  /\\ / ___'_ __ _ _(_)_ __  __ _ \ \ \ \
2019-05-09T10:16:47.696Z : ( ( )\___ | '_ | '_| | '_ \/ _` | \ \ \ \
2019-05-09T10:16:47.696Z :  \\/  ___)| |_)| | | | | || (_| |  ) ) ) )
2019-05-09T10:16:47.696Z :   '  |____| .__|_| |_|_| |_\__, | / / / /
2019-05-09T10:16:47.696Z :  =========|_|==============|___/=/_/_/_/
2019-05-09T10:16:47.698Z :  :: Spring Boot ::       (v1.5.10.RELEASE)
2019-05-09T10:16:47.698Z : 
2019-05-09T10:16:47.811Z : 2019-05-09 10:16:47.807  INFO 1 --- [           main] com.trackorjargh.Application             : Starting Application v0.0.1-SNAPSHOT on dacf856b77d1 with PID 1 (/usr/src/webapp-1.java started by root in /usr/src)
2019-05-09T10:16:47.811Z : 2019-05-09 10:16:47.811  INFO 1 --- [           main] com.trackorjargh.Application             : No active profile set, falling back to default profiles: default
2019-05-09T10:16:47.863Z : 2019-05-09 10:16:47.863  INFO 1 --- [           main] ationConfigEmbeddedWebApplicationContext : Refreshing org.springframework.boot.context.embedded.AnnotationConfigEmbeddedWebApplicationContext@5a2e4553: startup date [Thu May 09 10:16:47 UTC 2019]; root of context hierarchy
2019-05-09T10:16:49.416Z : 2019-05-09 10:16:49.415  INFO 1 --- [           main] f.a.AutowiredAnnotationBeanPostProcessor : JSR-330 'javax.inject.Inject' annotation found and supported for autowiring
2019-05-09T10:16:49.557Z : 2019-05-09 10:16:49.556  INFO 1 --- [           main] trationDelegate$BeanPostProcessorChecker : Bean 'org.springframework.transaction.annotation.ProxyTransactionManagementConfiguration' of type [org.springframework.transaction.annotation.ProxyTransactionManagementConfiguration$$EnhancerBySpringCGLIB$$b7d89db6] is not eligible for getting processed by all BeanPostProcessors (for example: not eligible for auto-proxying)
2019-05-09T10:16:49.611Z : 2019-05-09 10:16:49.611  INFO 1 --- [           main] trationDelegate$BeanPostProcessorChecker : Bean 'org.springframework.security.config.annotation.configuration.ObjectPostProcessorConfiguration' of type [org.springframework.security.config.annotation.configuration.ObjectPostProcessorConfiguration$$EnhancerBySpringCGLIB$$508665f0] is not eligible for getting processed by all BeanPostProcessors (for example: not eligible for auto-proxying)
2019-05-09T10:16:49.622Z : 2019-05-09 10:16:49.621  INFO 1 --- [           main] trationDelegate$BeanPostProcessorChecker : Bean 'objectPostProcessor' of type [org.springframework.security.config.annotation.configuration.AutowireBeanFactoryObjectPostProcessor] is not eligible for getting processed by all BeanPostProcessors (for example: not eligible for auto-proxying)
2019-05-09T10:16:49.624Z : 2019-05-09 10:16:49.623  INFO 1 --- [           main] trationDelegate$BeanPostProcessorChecker : Bean 'org.springframework.security.access.expression.method.DefaultMethodSecurityExpressionHandler@3427b02d' of type [org.springframework.security.access.expression.method.DefaultMethodSecurityExpressionHandler] is not eligible for getting processed by all BeanPostProcessors (for example: not eligible for auto-proxying)
2019-05-09T10:16:49.629Z : 2019-05-09 10:16:49.629  INFO 1 --- [           main] trationDelegate$BeanPostProcessorChecker : Bean 'org.springframework.security.config.annotation.method.configuration.GlobalMethodSecurityConfiguration' of type [org.springframework.security.config.annotation.method.configuration.GlobalMethodSecurityConfiguration$$EnhancerBySpringCGLIB$$755b08a2] is not eligible for getting processed by all BeanPostProcessors (for example: not eligible for auto-proxying)
2019-05-09T10:16:49.642Z : 2019-05-09 10:16:49.641  INFO 1 --- [           main] trationDelegate$BeanPostProcessorChecker : Bean 'methodSecurityMetadataSource' of type [org.springframework.security.access.method.DelegatingMethodSecurityMetadataSource] is not eligible for getting processed by all BeanPostProcessors (for example: not eligible for auto-proxying)
2019-05-09T10:16:50.084Z : 2019-05-09 10:16:50.083  INFO 1 --- [           main] s.b.c.e.t.TomcatEmbeddedServletContainer : Tomcat initialized with port(s): 8000 (http)
2019-05-09T10:16:50.099Z : 2019-05-09 10:16:50.099  INFO 1 --- [           main] o.apache.catalina.core.StandardService   : Starting service [Tomcat]
2019-05-09T10:16:50.101Z : 2019-05-09 10:16:50.100  INFO 1 --- [           main] org.apache.catalina.core.StandardEngine  : Starting Servlet Engine: Apache Tomcat/8.5.27
2019-05-09T10:16:50.188Z : 2019-05-09 10:16:50.187  INFO 1 --- [ost-startStop-1] o.a.c.c.C.[Tomcat].[localhost].[/]       : Initializing Spring embedded WebApplicationContext
2019-05-09T10:16:50.188Z : 2019-05-09 10:16:50.187  INFO 1 --- [ost-startStop-1] o.s.web.context.ContextLoader            : Root WebApplicationContext: initialization completed in 2327 ms
2019-05-09T10:16:50.395Z : 2019-05-09 10:16:50.395  INFO 1 --- [ost-startStop-1] o.s.b.w.servlet.FilterRegistrationBean   : Mapping filter: 'characterEncodingFilter' to: [/*]
2019-05-09T10:16:50.396Z : 2019-05-09 10:16:50.396  INFO 1 --- [ost-startStop-1] o.s.b.w.servlet.FilterRegistrationBean   : Mapping filter: 'hiddenHttpMethodFilter' to: [/*]
2019-05-09T10:16:50.396Z : 2019-05-09 10:16:50.396  INFO 1 --- [ost-startStop-1] o.s.b.w.servlet.FilterRegistrationBean   : Mapping filter: 'httpPutFormContentFilter' to: [/*]
2019-05-09T10:16:50.396Z : 2019-05-09 10:16:50.396  INFO 1 --- [ost-startStop-1] o.s.b.w.servlet.FilterRegistrationBean   : Mapping filter: 'requestContextFilter' to: [/*]
2019-05-09T10:16:50.398Z : 2019-05-09 10:16:50.397  INFO 1 --- [ost-startStop-1] .s.DelegatingFilterProxyRegistrationBean : Mapping filter: 'springSecurityFilterChain' to: [/*]
2019-05-09T10:16:50.398Z : 2019-05-09 10:16:50.398  INFO 1 --- [ost-startStop-1] o.s.b.w.servlet.ServletRegistrationBean  : Mapping servlet: 'dispatcherServlet' to [/]
2019-05-09T10:16:50.400Z : 2019-05-09 10:16:50.400  INFO 1 --- [ost-startStop-1] o.s.b.w.servlet.ServletRegistrationBean  : Mapping servlet: 'webServlet' to [/h2-console/*]
2019-05-09T10:16:50.984Z : 2019-05-09 10:16:50.984  INFO 1 --- [           main] j.LocalContainerEntityManagerFactoryBean : Building JPA container EntityManagerFactory for persistence unit 'default'
2019-05-09T10:16:51.005Z : 2019-05-09 10:16:51.004  INFO 1 --- [           main] o.hibernate.jpa.internal.util.LogHelper  : HHH000204: Processing PersistenceUnitInfo [
2019-05-09T10:16:51.005Z : 	name: default
2019-05-09T10:16:51.005Z : 	...]
2019-05-09T10:16:51.096Z : 2019-05-09 10:16:51.095  INFO 1 --- [           main] org.hibernate.Version                    : HHH000412: Hibernate Core {5.0.12.Final}
2019-05-09T10:16:51.097Z : 2019-05-09 10:16:51.097  INFO 1 --- [           main] org.hibernate.cfg.Environment            : HHH000206: hibernate.properties not found
2019-05-09T10:16:51.099Z : 2019-05-09 10:16:51.099  INFO 1 --- [           main] org.hibernate.cfg.Environment            : HHH000021: Bytecode provider name : javassist
2019-05-09T10:16:51.255Z : 2019-05-09 10:16:51.254  INFO 1 --- [           main] o.hibernate.annotations.common.Version   : HCANN000001: Hibernate Commons Annotations {5.0.1.Final}
2019-05-09T10:16:51.636Z : 2019-05-09 10:16:51.636  INFO 1 --- [           main] org.hibernate.dialect.Dialect            : HHH000400: Using dialect: org.hibernate.dialect.H2Dialect
2019-05-09T10:16:52.393Z : 2019-05-09 10:16:52.393  INFO 1 --- [           main] org.hibernate.tool.hbm2ddl.SchemaExport  : HHH000227: Running hbm2ddl schema export
2019-05-09T10:16:52.468Z : 2019-05-09 10:16:52.468  INFO 1 --- [           main] org.hibernate.tool.hbm2ddl.SchemaExport  : HHH000230: Schema export complete
2019-05-09T10:16:52.524Z : 2019-05-09 10:16:52.523  INFO 1 --- [           main] j.LocalContainerEntityManagerFactoryBean : Initialized JPA EntityManagerFactory for persistence unit 'default'
2019-05-09T10:16:53.272Z : 2019-05-09 10:16:53.271  INFO 1 --- [           main] o.h.h.i.QueryTranslatorFactoryInitiator  : HHH000397: Using ASTQueryTranslatorFactory
2019-05-09T10:16:53.425Z : 2019-05-09 10:16:53.425  INFO 1 --- [           main] c.t.database.DatabaseInformationLoader   : Loading data in BBDD
2019-05-09T10:16:54.730Z : 2019-05-09 10:16:54.730  INFO 1 --- [           main] s.w.s.m.m.a.RequestMappingHandlerAdapter : Looking for @ControllerAdvice: org.springframework.boot.context.embedded.AnnotationConfigEmbeddedWebApplicationContext@5a2e4553: startup date [Thu May 09 10:16:47 UTC 2019]; root of context hierarchy
2019-05-09T10:16:54.810Z : 2019-05-09 10:16:54.810  INFO 1 --- [           main] s.w.s.m.m.a.RequestMappingHandlerMapping : Mapped "{[/new || /new/**/{[path:[^\\.]*}]}" onto public java.lang.String com.trackorjargh.PageAngular.getFortyPersona()
2019-05-09T10:16:54.812Z : 2019-05-09 10:16:54.812  INFO 1 --- [           main] s.w.s.m.m.a.RequestMappingHandlerMapping : Mapped "{[/pelicula/borrarcomentario/{id}/{name}]}" onto public java.lang.String com.trackorjargh.javacontrollers.FilmController.deleteCommentFilm(org.springframework.ui.Model,int,java.lang.String)
2019-05-09T10:16:54.813Z : 2019-05-09 10:16:54.812  INFO 1 --- [           main] s.w.s.m.m.a.RequestMappingHandlerMapping : Mapped "{[/peliculas || /peliculas/mejorvaloradas]}" onto public java.lang.String com.trackorjargh.javacontrollers.FilmController.serveFilmList(org.springframework.ui.Model,javax.servlet.http.HttpServletRequest)
2019-05-09T10:16:54.813Z : 2019-05-09 10:16:54.813  INFO 1 --- [           main] s.w.s.m.m.a.RequestMappingHandlerMapping : Mapped "{[/pelicula/{name}]}" onto public java.lang.String com.trackorjargh.javacontrollers.FilmController.serveFilmProfile(org.springframework.ui.Model,java.lang.String,java.util.Optional<java.lang.String>,java.util.Optional<java.lang.String>)
2019-05-09T10:16:54.814Z : 2019-05-09 10:16:54.814  INFO 1 --- [           main] s.w.s.m.m.a.RequestMappingHandlerMapping : Mapped "{[/busqueda/{optionSearch}/pelicula/{name}]}" onto public java.lang.String com.trackorjargh.javacontrollers.FilmController.searchFilms(org.springframework.ui.Model,java.lang.String,java.lang.String)
2019-05-09T10:16:54.814Z : 2019-05-09 10:16:54.814  INFO 1 --- [           main] s.w.s.m.m.a.RequestMappingHandlerMapping : Mapped "{[/nuevaPelicula]}" onto public java.lang.String com.trackorjargh.javacontrollers.FilmController.newFilm(java.util.Optional<org.springframework.web.multipart.MultipartFile>,java.lang.String,java.lang.String,java.lang.String,java.util.Optional<java.lang.String[]>,java.lang.String,java.lang.String,java.lang.String)
2019-05-09T10:16:54.815Z : 2019-05-09 10:16:54.815  INFO 1 --- [           main] s.w.s.m.m.a.RequestMappingHandlerMapping : Mapped "{[/libro/borrarcomentario/{id}/{name}]}" onto public java.lang.String com.trackorjargh.javacontrollers.BookController.deleteCommentBook(org.springframework.ui.Model,int,java.lang.String)
2019-05-09T10:16:54.816Z : 2019-05-09 10:16:54.816  INFO 1 --- [           main] s.w.s.m.m.a.RequestMappingHandlerMapping : Mapped "{[/libros || /libros/mejorvalorados]}" onto public java.lang.String com.trackorjargh.javacontrollers.BookController.serveBookList(org.springframework.ui.Model,javax.servlet.http.HttpServletRequest)
2019-05-09T10:16:54.816Z : 2019-05-09 10:16:54.816  INFO 1 --- [           main] s.w.s.m.m.a.RequestMappingHandlerMapping : Mapped "{[/libro/{name}]}" onto public java.lang.String com.trackorjargh.javacontrollers.BookController.serveProfile(org.springframework.ui.Model,java.lang.String,java.util.Optional<java.lang.String>,java.util.Optional<java.lang.String>)
2019-05-09T10:16:54.817Z : 2019-05-09 10:16:54.817  INFO 1 --- [           main] s.w.s.m.m.a.RequestMappingHandlerMapping : Mapped "{[/busqueda/{optionSearch}/libro/{name}]}" onto public java.lang.String com.trackorjargh.javacontrollers.BookController.searchBooks(org.springframework.ui.Model,java.lang.String,java.lang.String)
2019-05-09T10:16:54.817Z : 2019-05-09 10:16:54.817  INFO 1 --- [           main] s.w.s.m.m.a.RequestMappingHandlerMapping : Mapped "{[/crearpdflistas]}" onto public void com.trackorjargh.javacontrollers.PdfController.handleFileDownloadPDF(javax.servlet.http.HttpServletResponse) throws java.io.FileNotFoundException,java.io.IOException
2019-05-09T10:16:54.818Z : 2019-05-09 10:16:54.818  INFO 1 --- [           main] s.w.s.m.m.a.RequestMappingHandlerMapping : Mapped "{[/]}" onto public java.lang.String com.trackorjargh.javacontrollers.PageController.serveIndex(org.springframework.ui.Model)
2019-05-09T10:16:54.818Z : 2019-05-09 10:16:54.818  INFO 1 --- [           main] s.w.s.m.m.a.RequestMappingHandlerMapping : Mapped "{[/login]}" onto public java.lang.String com.trackorjargh.javacontrollers.PageController.serveLogin(org.springframework.ui.Model)
2019-05-09T10:16:54.819Z : 2019-05-09 10:16:54.819  INFO 1 --- [           main] s.w.s.m.m.a.RequestMappingHandlerMapping : Mapped "{[/error/{message}/{name}]}" onto public java.lang.String com.trackorjargh.javacontrollers.PageController.serveLoginError(org.springframework.ui.Model,java.lang.String,java.lang.String)
2019-05-09T10:16:54.821Z : 2019-05-09 10:16:54.821  INFO 1 --- [           main] s.w.s.m.m.a.RequestMappingHandlerMapping : Mapped "{[/serie/borrarcomentario/{id}/{name}]}" onto public java.lang.String com.trackorjargh.javacontrollers.ShowController.deleteCommentShow(org.springframework.ui.Model,int,java.lang.String)
2019-05-09T10:16:54.822Z : 2019-05-09 10:16:54.821  INFO 1 --- [           main] s.w.s.m.m.a.RequestMappingHandlerMapping : Mapped "{[/series || /series/mejorvaloradas]}" onto public java.lang.String com.trackorjargh.javacontrollers.ShowController.serveShowList(org.springframework.ui.Model,javax.servlet.http.HttpServletRequest)
2019-05-09T10:16:54.822Z : 2019-05-09 10:16:54.822  INFO 1 --- [           main] s.w.s.m.m.a.RequestMappingHandlerMapping : Mapped "{[/serie/{name}]}" onto public java.lang.String com.trackorjargh.javacontrollers.ShowController.serveShowProfile(org.springframework.ui.Model,java.lang.String,java.util.Optional<java.lang.String>,java.util.Optional<java.lang.String>)
2019-05-09T10:16:54.823Z : 2019-05-09 10:16:54.823  INFO 1 --- [           main] s.w.s.m.m.a.RequestMappingHandlerMapping : Mapped "{[/busqueda/{optionSearch}/serie/{name}]}" onto public java.lang.String com.trackorjargh.javacontrollers.ShowController.searchShows(org.springframework.ui.Model,java.lang.String,java.lang.String)
2019-05-09T10:16:54.824Z : 2019-05-09 10:16:54.823  INFO 1 --- [           main] s.w.s.m.m.a.RequestMappingHandlerMapping : Mapped "{[/activarusuario/{name}]}" onto public java.lang.String com.trackorjargh.javacontrollers.UserController.activatedUser(org.springframework.ui.Model,java.lang.String)
2019-05-09T10:16:54.824Z : 2019-05-09 10:16:54.824  INFO 1 --- [           main] s.w.s.m.m.a.RequestMappingHandlerMapping : Mapped "{[/miperfil]}" onto public java.lang.String com.trackorjargh.javacontrollers.UserController.serveUserProfile(org.springframework.ui.Model,java.util.Optional<java.lang.String>,java.util.Optional<java.lang.String>,java.util.Optional<java.lang.Boolean>,java.util.Optional<org.springframework.web.multipart.MultipartFile>)
2019-05-09T10:16:54.825Z : 2019-05-09 10:16:54.824  INFO 1 --- [           main] s.w.s.m.m.a.RequestMappingHandlerMapping : Mapped "{[/listaNueva]}" onto public java.lang.String com.trackorjargh.javacontrollers.UserController.modProfile(org.springframework.ui.Model,java.lang.String)
2019-05-09T10:16:54.825Z : 2019-05-09 10:16:54.825  INFO 1 --- [           main] s.w.s.m.m.a.RequestMappingHandlerMapping : Mapped "{[/registrar]}" onto public java.lang.String com.trackorjargh.javacontrollers.UserController.serveRegistrer(org.springframework.ui.Model,org.springframework.web.servlet.mvc.support.RedirectAttributes,javax.servlet.http.HttpServletRequest,java.lang.String,java.lang.String,java.lang.String)
2019-05-09T10:16:54.825Z : 2019-05-09 10:16:54.825  INFO 1 --- [           main] s.w.s.m.m.a.RequestMappingHandlerMapping : Mapped "{[/cambiarcontra/{alphanumericCode}]}" onto public java.lang.String com.trackorjargh.javacontrollers.UserController.changePass(org.springframework.ui.Model,javax.servlet.http.HttpServletRequest,java.lang.String,java.util.Optional<java.lang.String>)
2019-05-09T10:16:54.826Z : 2019-05-09 10:16:54.826  INFO 1 --- [           main] s.w.s.m.m.a.RequestMappingHandlerMapping : Mapped "{[/olvidocontra]}" onto public java.lang.String com.trackorjargh.javacontrollers.UserController.forgetPass(org.springframework.ui.Model,javax.servlet.http.HttpServletRequest,java.util.Optional<java.lang.String>)
2019-05-09T10:16:54.826Z : 2019-05-09 10:16:54.826  INFO 1 --- [           main] s.w.s.m.m.a.RequestMappingHandlerMapping : Mapped "{[/imagen/{fileName:.+}]}" onto public void com.trackorjargh.javacontrollers.ImagesControler.handleFileDownload(java.lang.String,javax.servlet.http.HttpServletResponse) throws java.io.FileNotFoundException,java.io.IOException
2019-05-09T10:16:54.827Z : 2019-05-09 10:16:54.827  INFO 1 --- [           main] s.w.s.m.m.a.RequestMappingHandlerMapping : Mapped "{[/busqueda]}" onto public java.lang.String com.trackorjargh.javacontrollers.SearchController.search(org.springframework.ui.Model)
2019-05-09T10:16:54.828Z : 2019-05-09 10:16:54.828  INFO 1 --- [           main] s.w.s.m.m.a.RequestMappingHandlerMapping : Mapped "{[/subirContenido]}" onto public java.lang.String com.trackorjargh.javacontrollers.AdminContoller.newContent(org.springframework.ui.Model)
2019-05-09T10:16:54.829Z : 2019-05-09 10:16:54.829  INFO 1 --- [           main] s.w.s.m.m.a.RequestMappingHandlerMapping : Mapped "{[/seleccionarPelicula]}" onto public org.springframework.web.servlet.ModelAndView com.trackorjargh.javacontrollers.AdminContoller.filmSelection(org.springframework.web.servlet.mvc.support.RedirectAttributes,java.lang.String)
2019-05-09T10:16:54.829Z : 2019-05-09 10:16:54.829  INFO 1 --- [           main] s.w.s.m.m.a.RequestMappingHandlerMapping : Mapped "{[/seleccionarSerie]}" onto public org.springframework.web.servlet.ModelAndView com.trackorjargh.javacontrollers.AdminContoller.showSelection(org.springframework.web.servlet.mvc.support.RedirectAttributes,java.lang.String)
2019-05-09T10:16:54.829Z : 2019-05-09 10:16:54.829  INFO 1 --- [           main] s.w.s.m.m.a.RequestMappingHandlerMapping : Mapped "{[/administracion]}" onto public java.lang.String com.trackorjargh.javacontrollers.AdminContoller.serveAdmin(org.springframework.ui.Model)
2019-05-09T10:16:54.830Z : 2019-05-09 10:16:54.830  INFO 1 --- [           main] s.w.s.m.m.a.RequestMappingHandlerMapping : Mapped "{[/seleccionarLibro]}" onto public org.springframework.web.servlet.ModelAndView com.trackorjargh.javacontrollers.AdminContoller.bookSelection(org.springframework.web.servlet.mvc.support.RedirectAttributes,java.lang.String)
2019-05-09T10:16:54.830Z : 2019-05-09 10:16:54.830  INFO 1 --- [           main] s.w.s.m.m.a.RequestMappingHandlerMapping : Mapped "{[/seleccionarUsuario]}" onto public org.springframework.web.servlet.ModelAndView com.trackorjargh.javacontrollers.AdminContoller.userSelection(org.springframework.web.servlet.mvc.support.RedirectAttributes,java.lang.String)
2019-05-09T10:16:54.830Z : 2019-05-09 10:16:54.830  INFO 1 --- [           main] s.w.s.m.m.a.RequestMappingHandlerMapping : Mapped "{[/editarContenido/{type}/{name}]}" onto public org.springframework.web.servlet.ModelAndView com.trackorjargh.javacontrollers.AdminContoller.editContent(org.springframework.web.servlet.mvc.support.RedirectAttributes,java.lang.String,java.lang.String)
2019-05-09T10:16:54.831Z : 2019-05-09 10:16:54.831  INFO 1 --- [           main] s.w.s.m.m.a.RequestMappingHandlerMapping : Mapped "{[/adminUsuario]}" onto public java.lang.String com.trackorjargh.javacontrollers.AdminContoller.adminUser(org.springframework.ui.Model,java.lang.String,java.lang.String,java.util.Optional<java.lang.Boolean>,java.lang.String)
2019-05-09T10:16:54.831Z : 2019-05-09 10:16:54.831  INFO 1 --- [           main] s.w.s.m.m.a.RequestMappingHandlerMapping : Mapped "{[/adminPelicula]}" onto public java.lang.String com.trackorjargh.javacontrollers.AdminContoller.adminFilm(org.springframework.ui.Model,java.lang.String,java.lang.String,java.util.Optional<java.lang.Boolean>,java.lang.String,java.lang.String,org.springframework.web.multipart.MultipartFile,java.util.Optional<java.lang.String[]>,java.util.Optional<java.lang.String[]>,java.lang.String,java.lang.String,java.lang.String)
2019-05-09T10:16:54.832Z : 2019-05-09 10:16:54.832  INFO 1 --- [           main] s.w.s.m.m.a.RequestMappingHandlerMapping : Mapped "{[/adminSerie]}" onto public java.lang.String com.trackorjargh.javacontrollers.AdminContoller.adminShow(org.springframework.ui.Model,java.lang.String,java.lang.String,java.util.Optional<java.lang.Boolean>,java.lang.String,java.lang.String,org.springframework.web.multipart.MultipartFile,java.util.Optional<java.lang.String[]>,java.util.Optional<java.lang.String[]>,java.lang.String,java.lang.String,java.lang.String)
2019-05-09T10:16:54.832Z : 2019-05-09 10:16:54.832  INFO 1 --- [           main] s.w.s.m.m.a.RequestMappingHandlerMapping : Mapped "{[/adminLibro]}" onto public java.lang.String com.trackorjargh.javacontrollers.AdminContoller.adminBook(org.springframework.ui.Model,java.lang.String,java.lang.String,java.util.Optional<java.lang.Boolean>,java.lang.String,org.springframework.web.multipart.MultipartFile,java.util.Optional<java.lang.String[]>,java.util.Optional<java.lang.String[]>,java.lang.String,java.lang.String)
2019-05-09T10:16:54.833Z : 2019-05-09 10:16:54.833  INFO 1 --- [           main] s.w.s.m.m.a.RequestMappingHandlerMapping : Mapped "{[/nuevaSerie]}" onto public java.lang.String com.trackorjargh.javacontrollers.AdminContoller.newShow(java.util.Optional<org.springframework.web.multipart.MultipartFile>,java.lang.String,java.lang.String,java.lang.String,java.util.Optional<java.lang.String[]>,java.lang.String,java.lang.String,java.lang.String)
2019-05-09T10:16:54.833Z : 2019-05-09 10:16:54.833  INFO 1 --- [           main] s.w.s.m.m.a.RequestMappingHandlerMapping : Mapped "{[/nuevoLibro]}" onto public java.lang.String com.trackorjargh.javacontrollers.AdminContoller.newBook(java.util.Optional<org.springframework.web.multipart.MultipartFile>,java.lang.String,java.lang.String,java.util.Optional<java.lang.String[]>,java.lang.String,java.lang.String)
2019-05-09T10:16:54.834Z : 2019-05-09 10:16:54.834  INFO 1 --- [           main] s.w.s.m.m.a.RequestMappingHandlerMapping : Mapped "{[/api/login]}" onto public org.springframework.http.ResponseEntity<com.trackorjargh.javaclass.User> com.trackorjargh.security.LoginControllerApi.logIn()
2019-05-09T10:16:54.835Z : 2019-05-09 10:16:54.834  INFO 1 --- [           main] s.w.s.m.m.a.RequestMappingHandlerMapping : Mapped "{[/api/logout]}" onto public org.springframework.http.ResponseEntity<java.lang.Boolean> com.trackorjargh.security.LoginControllerApi.logOut(javax.servlet.http.HttpSession)
2019-05-09T10:16:54.840Z : 2019-05-09 10:16:54.840  INFO 1 --- [           main] s.w.s.m.m.a.RequestMappingHandlerMapping : Mapped "{[/api/subirimagen],methods=[POST],consumes=[multipart/mixed || multipart/form-data]}" onto public java.lang.String com.trackorjargh.apirestcontrolers.ApiImagesController.putUpload(org.springframework.web.multipart.MultipartFile)
2019-05-09T10:16:54.843Z : 2019-05-09 10:16:54.842  INFO 1 --- [           main] s.w.s.m.m.a.RequestMappingHandlerMapping : Mapped "{[/api/listas],methods=[POST]}" onto public org.springframework.http.ResponseEntity<com.trackorjargh.javaclass.Lists> com.trackorjargh.apirestcontrolers.ApiListsController.addEmptyListInUser(com.trackorjargh.javaclass.Lists)
2019-05-09T10:16:54.843Z : 2019-05-09 10:16:54.843  INFO 1 --- [           main] s.w.s.m.m.a.RequestMappingHandlerMapping : Mapped "{[/api/listas/contenido],methods=[GET]}" onto public org.springframework.http.ResponseEntity<java.util.List<com.trackorjargh.javaclass.PreparateListsShow>> com.trackorjargh.apirestcontrolers.ApiListsController.getContentListsUser()
2019-05-09T10:16:54.844Z : 2019-05-09 10:16:54.843  INFO 1 --- [           main] s.w.s.m.m.a.RequestMappingHandlerMapping : Mapped "{[/api/listas],methods=[PUT]}" onto public org.springframework.http.ResponseEntity<java.lang.Boolean> com.trackorjargh.apirestcontrolers.ApiListsController.addedListInUser(com.trackorjargh.javaclass.Lists)
2019-05-09T10:16:54.844Z : 2019-05-09 10:16:54.844  INFO 1 --- [           main] s.w.s.m.m.a.RequestMappingHandlerMapping : Mapped "{[/api/listas/{nameList}],methods=[DELETE]}" onto public org.springframework.http.ResponseEntity<java.lang.Boolean> com.trackorjargh.apirestcontrolers.ApiListsController.deletedListInUser(java.lang.String)
2019-05-09T10:16:54.844Z : 2019-05-09 10:16:54.844  INFO 1 --- [           main] s.w.s.m.m.a.RequestMappingHandlerMapping : Mapped "{[/api/listas/{nameList}/{typeContent}/{nameContent}],methods=[DELETE]}" onto public org.springframework.http.ResponseEntity<java.lang.Boolean> com.trackorjargh.apirestcontrolers.ApiListsController.deletedContentInList(java.lang.String,java.lang.String,java.lang.String)
2019-05-09T10:16:54.845Z : 2019-05-09 10:16:54.844  INFO 1 --- [           main] s.w.s.m.m.a.RequestMappingHandlerMapping : Mapped "{[/api/listas],methods=[GET]}" onto public org.springframework.http.ResponseEntity<java.util.List<com.trackorjargh.javaclass.Lists>> com.trackorjargh.apirestcontrolers.ApiListsController.getListsUser()
2019-05-09T10:16:54.850Z : 2019-05-09 10:16:54.849  INFO 1 --- [           main] s.w.s.m.m.a.RequestMappingHandlerMapping : Mapped "{[/api/libros/{name}],methods=[PUT]}" onto public org.springframework.http.ResponseEntity<com.trackorjargh.javaclass.Book> com.trackorjargh.apirestcontrolers.ApiBookController.editBook(java.lang.String,com.trackorjargh.javaclass.Book)
2019-05-09T10:16:54.850Z : 2019-05-09 10:16:54.850  INFO 1 --- [           main] s.w.s.m.m.a.RequestMappingHandlerMapping : Mapped "{[/api/libros/{name}],methods=[DELETE]}" onto public org.springframework.http.ResponseEntity<com.trackorjargh.javaclass.Book> com.trackorjargh.apirestcontrolers.ApiBookController.deleteBook(java.lang.String)
2019-05-09T10:16:54.850Z : 2019-05-09 10:16:54.850  INFO 1 --- [           main] s.w.s.m.m.a.RequestMappingHandlerMapping : Mapped "{[/api/libros],methods=[GET]}" onto public org.springframework.data.domain.Page<com.trackorjargh.javaclass.Book> com.trackorjargh.apirestcontrolers.ApiBookController.getBooks(org.springframework.data.domain.Pageable)
2019-05-09T10:16:54.851Z : 2019-05-09 10:16:54.851  INFO 1 --- [           main] s.w.s.m.m.a.RequestMappingHandlerMapping : Mapped "{[/api/libros/administracion],methods=[GET]}" onto public org.springframework.http.ResponseEntity<java.util.List<com.trackorjargh.javaclass.Book>> com.trackorjargh.apirestcontrolers.ApiBookController.getAllBooks()
2019-05-09T10:16:54.851Z : 2019-05-09 10:16:54.851  INFO 1 --- [           main] s.w.s.m.m.a.RequestMappingHandlerMapping : Mapped "{[/api/libros/{name}],methods=[GET]}" onto public org.springframework.http.ResponseEntity<com.trackorjargh.javaclass.Book> com.trackorjargh.apirestcontrolers.ApiBookController.getBook(java.lang.String)
2019-05-09T10:16:54.852Z : 2019-05-09 10:16:54.851  INFO 1 --- [           main] s.w.s.m.m.a.RequestMappingHandlerMapping : Mapped "{[/api/libros/relacionadas/{id}],methods=[GET]}" onto public org.springframework.data.domain.Page<com.trackorjargh.javaclass.Book> com.trackorjargh.apirestcontrolers.ApiBookController.getBookRelated(int,org.springframework.data.domain.Pageable)
2019-05-09T10:16:54.852Z : 2019-05-09 10:16:54.852  INFO 1 --- [           main] s.w.s.m.m.a.RequestMappingHandlerMapping : Mapped "{[/api/libros/ultimas/{num}],methods=[GET]}" onto public java.util.List<com.trackorjargh.javaclass.Book> com.trackorjargh.apirestcontrolers.ApiBookController.getLastBook(int)
2019-05-09T10:16:54.852Z : 2019-05-09 10:16:54.852  INFO 1 --- [           main] s.w.s.m.m.a.RequestMappingHandlerMapping : Mapped "{[/api/libros/mejorvalorados],methods=[GET]}" onto public org.springframework.data.domain.Page<com.trackorjargh.javaclass.Book> com.trackorjargh.apirestcontrolers.ApiBookController.getBestPointLibros(org.springframework.data.domain.Pageable)
2019-05-09T10:16:54.852Z : 2019-05-09 10:16:54.852  INFO 1 --- [           main] s.w.s.m.m.a.RequestMappingHandlerMapping : Mapped "{[/api/libros/grafico],methods=[GET]}" onto public java.util.List<com.trackorjargh.grafics.Grafics> com.trackorjargh.apirestcontrolers.ApiBookController.getBestPointBooks()
2019-05-09T10:16:54.853Z : 2019-05-09 10:16:54.853  INFO 1 --- [           main] s.w.s.m.m.a.RequestMappingHandlerMapping : Mapped "{[/api/libros],methods=[POST]}" onto public org.springframework.http.ResponseEntity<com.trackorjargh.javaclass.Book> com.trackorjargh.apirestcontrolers.ApiBookController.addBook(com.trackorjargh.javaclass.Book)
2019-05-09T10:16:54.853Z : 2019-05-09 10:16:54.853  INFO 1 --- [           main] s.w.s.m.m.a.RequestMappingHandlerMapping : Mapped "{[/api/libros/comentarios/{name}],methods=[GET]}" onto public org.springframework.http.ResponseEntity<java.util.List<com.trackorjargh.javaclass.CommentBook>> com.trackorjargh.apirestcontrolers.ApiBookController.getCommentsBook(java.lang.String)
2019-05-09T10:16:54.854Z : 2019-05-09 10:16:54.853  INFO 1 --- [           main] s.w.s.m.m.a.RequestMappingHandlerMapping : Mapped "{[/api/libros/comentarios/{name}],methods=[POST]}" onto public org.springframework.http.ResponseEntity<com.trackorjargh.javaclass.CommentBook> com.trackorjargh.apirestcontrolers.ApiBookController.addComentBook(java.lang.String,com.trackorjargh.javaclass.CommentBook)
2019-05-09T10:16:54.854Z : 2019-05-09 10:16:54.854  INFO 1 --- [           main] s.w.s.m.m.a.RequestMappingHandlerMapping : Mapped "{[/api/libros/comentarios/{id}],methods=[DELETE]}" onto public org.springframework.http.ResponseEntity<com.trackorjargh.javaclass.CommentBook> com.trackorjargh.apirestcontrolers.ApiBookController.deleteBookComent(java.lang.Long)
2019-05-09T10:16:54.854Z : 2019-05-09 10:16:54.854  INFO 1 --- [           main] s.w.s.m.m.a.RequestMappingHandlerMapping : Mapped "{[/api/libros/puntos/{name}],methods=[POST]}" onto public org.springframework.http.ResponseEntity<com.trackorjargh.javaclass.PointBook> com.trackorjargh.apirestcontrolers.ApiBookController.addBookPoint(java.lang.String,com.trackorjargh.javaclass.PointBook)
2019-05-09T10:16:54.855Z : 2019-05-09 10:16:54.855  INFO 1 --- [           main] s.w.s.m.m.a.RequestMappingHandlerMapping : Mapped "{[/api/libros/puntos/{name}],methods=[GET]}" onto public org.springframework.http.ResponseEntity<java.util.List<com.trackorjargh.javaclass.PointBook>> com.trackorjargh.apirestcontrolers.ApiBookController.getBookPoint(java.lang.String)
2019-05-09T10:16:54.855Z : 2019-05-09 10:16:54.855  INFO 1 --- [           main] s.w.s.m.m.a.RequestMappingHandlerMapping : Mapped "{[/api/busqueda/{optionSearch}/libros/{name}/page],methods=[GET]}" onto public org.springframework.data.domain.Page<com.trackorjargh.javaclass.Book> com.trackorjargh.apirestcontrolers.ApiBookController.getSearchLibros(org.springframework.data.domain.Pageable,java.lang.String,java.lang.String)
2019-05-09T10:16:54.858Z : 2019-05-09 10:16:54.858  INFO 1 --- [           main] s.w.s.m.m.a.RequestMappingHandlerMapping : Mapped "{[/api/series/{name}],methods=[DELETE]}" onto public org.springframework.http.ResponseEntity<com.trackorjargh.javaclass.Shows> com.trackorjargh.apirestcontrolers.ApiShowController.deleteShow(java.lang.String)
2019-05-09T10:16:54.860Z : 2019-05-09 10:16:54.859  INFO 1 --- [           main] s.w.s.m.m.a.RequestMappingHandlerMapping : Mapped "{[/api/series/{name}],methods=[PUT]}" onto public org.springframework.http.ResponseEntity<com.trackorjargh.javaclass.Shows> com.trackorjargh.apirestcontrolers.ApiShowController.editShow(java.lang.String,com.trackorjargh.javaclass.Shows)
2019-05-09T10:16:54.860Z : 2019-05-09 10:16:54.860  INFO 1 --- [           main] s.w.s.m.m.a.RequestMappingHandlerMapping : Mapped "{[/api/series],methods=[GET]}" onto public org.springframework.data.domain.Page<com.trackorjargh.javaclass.Shows> com.trackorjargh.apirestcontrolers.ApiShowController.getShows(org.springframework.data.domain.Pageable)
2019-05-09T10:16:54.860Z : 2019-05-09 10:16:54.860  INFO 1 --- [           main] s.w.s.m.m.a.RequestMappingHandlerMapping : Mapped "{[/api/series/administracion],methods=[GET]}" onto public org.springframework.http.ResponseEntity<java.util.List<com.trackorjargh.javaclass.Shows>> com.trackorjargh.apirestcontrolers.ApiShowController.getAllShows(org.springframework.data.domain.Pageable)
2019-05-09T10:16:54.861Z : 2019-05-09 10:16:54.860  INFO 1 --- [           main] s.w.s.m.m.a.RequestMappingHandlerMapping : Mapped "{[/api/series/{name}]}" onto public org.springframework.http.ResponseEntity<com.trackorjargh.javaclass.Shows> com.trackorjargh.apirestcontrolers.ApiShowController.getShow(java.lang.String)
2019-05-09T10:16:54.861Z : 2019-05-09 10:16:54.861  INFO 1 --- [           main] s.w.s.m.m.a.RequestMappingHandlerMapping : Mapped "{[/api/series/relacionadas/{id}],methods=[GET]}" onto public org.springframework.data.domain.Page<com.trackorjargh.javaclass.Shows> com.trackorjargh.apirestcontrolers.ApiShowController.getShowRelated(int,org.springframework.data.domain.Pageable)
2019-05-09T10:16:54.861Z : 2019-05-09 10:16:54.861  INFO 1 --- [           main] s.w.s.m.m.a.RequestMappingHandlerMapping : Mapped "{[/api/series/ultimas/{num}],methods=[GET]}" onto public java.util.List<com.trackorjargh.javaclass.Shows> com.trackorjargh.apirestcontrolers.ApiShowController.getLastShow(int)
2019-05-09T10:16:54.865Z : 2019-05-09 10:16:54.861  INFO 1 --- [           main] s.w.s.m.m.a.RequestMappingHandlerMapping : Mapped "{[/api/series/mejorvaloradas],methods=[GET]}" onto public org.springframework.data.domain.Page<com.trackorjargh.javaclass.Shows> com.trackorjargh.apirestcontrolers.ApiShowController.getBestPointSeries(org.springframework.data.domain.Pageable)
2019-05-09T10:16:54.865Z : 2019-05-09 10:16:54.862  INFO 1 --- [           main] s.w.s.m.m.a.RequestMappingHandlerMapping : Mapped "{[/api/series/grafico],methods=[GET]}" onto public java.util.List<com.trackorjargh.grafics.Grafics> com.trackorjargh.apirestcontrolers.ApiShowController.getBestPointShows()
2019-05-09T10:16:54.865Z : 2019-05-09 10:16:54.862  INFO 1 --- [           main] s.w.s.m.m.a.RequestMappingHandlerMapping : Mapped "{[/api/series],methods=[POST]}" onto public org.springframework.http.ResponseEntity<com.trackorjargh.javaclass.Shows> com.trackorjargh.apirestcontrolers.ApiShowController.addShow(com.trackorjargh.javaclass.Shows)
2019-05-09T10:16:54.865Z : 2019-05-09 10:16:54.862  INFO 1 --- [           main] s.w.s.m.m.a.RequestMappingHandlerMapping : Mapped "{[/api/series/comentarios/{name}],methods=[GET]}" onto public org.springframework.http.ResponseEntity<java.util.List<com.trackorjargh.javaclass.CommentShow>> com.trackorjargh.apirestcontrolers.ApiShowController.getCommentsShow(java.lang.String)
2019-05-09T10:16:54.865Z : 2019-05-09 10:16:54.863  INFO 1 --- [           main] s.w.s.m.m.a.RequestMappingHandlerMapping : Mapped "{[/api/series/comentarios/{name}],methods=[POST]}" onto public org.springframework.http.ResponseEntity<com.trackorjargh.javaclass.CommentShow> com.trackorjargh.apirestcontrolers.ApiShowController.addComentShow(java.lang.String,com.trackorjargh.javaclass.CommentShow)
2019-05-09T10:16:54.865Z : 2019-05-09 10:16:54.863  INFO 1 --- [           main] s.w.s.m.m.a.RequestMappingHandlerMapping : Mapped "{[/api/series/comentarios/{id}],methods=[DELETE]}" onto public org.springframework.http.ResponseEntity<com.trackorjargh.javaclass.CommentShow> com.trackorjargh.apirestcontrolers.ApiShowController.deleteShowComent(java.lang.Long)
2019-05-09T10:16:54.865Z : 2019-05-09 10:16:54.863  INFO 1 --- [           main] s.w.s.m.m.a.RequestMappingHandlerMapping : Mapped "{[/api/series/puntos/{name}],methods=[POST]}" onto public org.springframework.http.ResponseEntity<com.trackorjargh.javaclass.PointShow> com.trackorjargh.apirestcontrolers.ApiShowController.addShowPoint(java.lang.String,com.trackorjargh.javaclass.PointShow)
2019-05-09T10:16:54.865Z : 2019-05-09 10:16:54.864  INFO 1 --- [           main] s.w.s.m.m.a.RequestMappingHandlerMapping : Mapped "{[/api/series/puntos/{name}],methods=[GET]}" onto public org.springframework.http.ResponseEntity<java.util.List<com.trackorjargh.javaclass.PointShow>> com.trackorjargh.apirestcontrolers.ApiShowController.getShowPoint(java.lang.String)
2019-05-09T10:16:54.865Z : 2019-05-09 10:16:54.864  INFO 1 --- [           main] s.w.s.m.m.a.RequestMappingHandlerMapping : Mapped "{[/api/busqueda/{optionSearch}/series/{name}/page],methods=[GET]}" onto public org.springframework.data.domain.Page<com.trackorjargh.javaclass.Shows> com.trackorjargh.apirestcontrolers.ApiShowController.getSearchSeries(org.springframework.data.domain.Pageable,java.lang.String,java.lang.String)
2019-05-09T10:16:54.865Z : 2019-05-09 10:16:54.865  INFO 1 --- [           main] s.w.s.m.m.a.RequestMappingHandlerMapping : Mapped "{[/api/generos],methods=[GET]}" onto public java.util.List<com.trackorjargh.javaclass.Gender> com.trackorjargh.apirestcontrolers.ApiGenderController.getGenders()
2019-05-09T10:16:54.865Z : 2019-05-09 10:16:54.865  INFO 1 --- [           main] s.w.s.m.m.a.RequestMappingHandlerMapping : Mapped "{[/api/generos/grafico],methods=[GET]}" onto public java.util.List<com.trackorjargh.grafics.Grafics> com.trackorjargh.apirestcontrolers.ApiGenderController.getGraphicGende()
2019-05-09T10:16:54.868Z : 2019-05-09 10:16:54.868  INFO 1 --- [           main] s.w.s.m.m.a.RequestMappingHandlerMapping : Mapped "{[/api/peliculas/{name}],methods=[PUT]}" onto public org.springframework.http.ResponseEntity<com.trackorjargh.javaclass.Film> com.trackorjargh.apirestcontrolers.ApiFilmController.editFilm(java.lang.String,com.trackorjargh.javaclass.Film)
2019-05-09T10:16:54.868Z : 2019-05-09 10:16:54.868  INFO 1 --- [           main] s.w.s.m.m.a.RequestMappingHandlerMapping : Mapped "{[/api/peliculas/{name}],methods=[DELETE]}" onto public org.springframework.http.ResponseEntity<com.trackorjargh.javaclass.Film> com.trackorjargh.apirestcontrolers.ApiFilmController.deleteFilm(java.lang.String)
2019-05-09T10:16:54.869Z : 2019-05-09 10:16:54.869  INFO 1 --- [           main] s.w.s.m.m.a.RequestMappingHandlerMapping : Mapped "{[/api/peliculas],methods=[GET]}" onto public org.springframework.data.domain.Page<com.trackorjargh.javaclass.Film> com.trackorjargh.apirestcontrolers.ApiFilmController.getFilms(org.springframework.data.domain.Pageable)
2019-05-09T10:16:54.869Z : 2019-05-09 10:16:54.869  INFO 1 --- [           main] s.w.s.m.m.a.RequestMappingHandlerMapping : Mapped "{[/api/peliculas/administracion],methods=[GET]}" onto public org.springframework.http.ResponseEntity<java.util.List<com.trackorjargh.javaclass.Film>> com.trackorjargh.apirestcontrolers.ApiFilmController.getAllFilms()
2019-05-09T10:16:54.869Z : 2019-05-09 10:16:54.869  INFO 1 --- [           main] s.w.s.m.m.a.RequestMappingHandlerMapping : Mapped "{[/api/peliculas/{name}],methods=[GET]}" onto public org.springframework.http.ResponseEntity<com.trackorjargh.javaclass.Film> com.trackorjargh.apirestcontrolers.ApiFilmController.getFilm(java.lang.String)
2019-05-09T10:16:54.870Z : 2019-05-09 10:16:54.870  INFO 1 --- [           main] s.w.s.m.m.a.RequestMappingHandlerMapping : Mapped "{[/api/peliculas/ultimas/{num}],methods=[GET]}" onto public java.util.List<com.trackorjargh.javaclass.Film> com.trackorjargh.apirestcontrolers.ApiFilmController.getLastFilm(int)
2019-05-09T10:16:54.870Z : 2019-05-09 10:16:54.870  INFO 1 --- [           main] s.w.s.m.m.a.RequestMappingHandlerMapping : Mapped "{[/api/peliculas/mejorvaloradas],methods=[GET]}" onto public org.springframework.data.domain.Page<com.trackorjargh.javaclass.Film> com.trackorjargh.apirestcontrolers.ApiFilmController.getBestPointPeliculas(org.springframework.data.domain.Pageable)
2019-05-09T10:16:54.870Z : 2019-05-09 10:16:54.870  INFO 1 --- [           main] s.w.s.m.m.a.RequestMappingHandlerMapping : Mapped "{[/api/peliculas/relacionadas/{id}],methods=[GET]}" onto public org.springframework.data.domain.Page<com.trackorjargh.javaclass.Film> com.trackorjargh.apirestcontrolers.ApiFilmController.getFilmRelated(int,org.springframework.data.domain.Pageable)
2019-05-09T10:16:54.871Z : 2019-05-09 10:16:54.870  INFO 1 --- [           main] s.w.s.m.m.a.RequestMappingHandlerMapping : Mapped "{[/api/peliculas/grafico],methods=[GET]}" onto public java.util.List<com.trackorjargh.grafics.Grafics> com.trackorjargh.apirestcontrolers.ApiFilmController.getBestPointFilms()
2019-05-09T10:16:54.871Z : 2019-05-09 10:16:54.871  INFO 1 --- [           main] s.w.s.m.m.a.RequestMappingHandlerMapping : Mapped "{[/api/peliculas],methods=[POST]}" onto public org.springframework.http.ResponseEntity<com.trackorjargh.javaclass.Film> com.trackorjargh.apirestcontrolers.ApiFilmController.addFilm(com.trackorjargh.javaclass.Film)
2019-05-09T10:16:54.871Z : 2019-05-09 10:16:54.871  INFO 1 --- [           main] s.w.s.m.m.a.RequestMappingHandlerMapping : Mapped "{[/api/peliculas/comentarios/{name}],methods=[GET]}" onto public org.springframework.http.ResponseEntity<java.util.List<com.trackorjargh.javaclass.CommentFilm>> com.trackorjargh.apirestcontrolers.ApiFilmController.getCommentsFilm(java.lang.String)
2019-05-09T10:16:54.872Z : 2019-05-09 10:16:54.871  INFO 1 --- [           main] s.w.s.m.m.a.RequestMappingHandlerMapping : Mapped "{[/api/peliculas/comentarios/{name}],methods=[POST]}" onto public org.springframework.http.ResponseEntity<com.trackorjargh.javaclass.CommentFilm> com.trackorjargh.apirestcontrolers.ApiFilmController.addComentFilm(java.lang.String,com.trackorjargh.javaclass.CommentFilm)
2019-05-09T10:16:54.872Z : 2019-05-09 10:16:54.872  INFO 1 --- [           main] s.w.s.m.m.a.RequestMappingHandlerMapping : Mapped "{[/api/peliculas/comentarios/{id}],methods=[DELETE]}" onto public org.springframework.http.ResponseEntity<com.trackorjargh.javaclass.CommentFilm> com.trackorjargh.apirestcontrolers.ApiFilmController.deleteFilmComent(java.lang.Long)
2019-05-09T10:16:54.872Z : 2019-05-09 10:16:54.872  INFO 1 --- [           main] s.w.s.m.m.a.RequestMappingHandlerMapping : Mapped "{[/api/peliculas/puntos/{name}],methods=[GET]}" onto public org.springframework.http.ResponseEntity<java.util.List<com.trackorjargh.javaclass.PointFilm>> com.trackorjargh.apirestcontrolers.ApiFilmController.getFilmPoint(java.lang.String)
2019-05-09T10:16:54.872Z : 2019-05-09 10:16:54.872  INFO 1 --- [           main] s.w.s.m.m.a.RequestMappingHandlerMapping : Mapped "{[/api/peliculas/puntos/{name}],methods=[POST]}" onto public org.springframework.http.ResponseEntity<com.trackorjargh.javaclass.PointFilm> com.trackorjargh.apirestcontrolers.ApiFilmController.addfilmPoint(java.lang.String,com.trackorjargh.javaclass.PointFilm)
2019-05-09T10:16:54.873Z : 2019-05-09 10:16:54.873  INFO 1 --- [           main] s.w.s.m.m.a.RequestMappingHandlerMapping : Mapped "{[/api/busqueda/{optionSearch}/peliculas/{name}/page],methods=[GET]}" onto public org.springframework.data.domain.Page<com.trackorjargh.javaclass.Film> com.trackorjargh.apirestcontrolers.ApiFilmController.getSearchPeliculas(org.springframework.data.domain.Pageable,java.lang.String,java.lang.String)
2019-05-09T10:16:54.875Z : 2019-05-09 10:16:54.875  INFO 1 --- [           main] s.w.s.m.m.a.RequestMappingHandlerMapping : Mapped "{[/api/activar/{name}],methods=[GET]}" onto public org.springframework.http.ResponseEntity<com.trackorjargh.javaclass.User> com.trackorjargh.apirestcontrolers.ApiUserController.activatedUser(java.lang.String)
2019-05-09T10:16:54.875Z : 2019-05-09 10:16:54.875  INFO 1 --- [           main] s.w.s.m.m.a.RequestMappingHandlerMapping : Mapped "{[/api/usuarios/{name}],methods=[PUT]}" onto public org.springframework.http.ResponseEntity<com.trackorjargh.javaclass.User> com.trackorjargh.apirestcontrolers.ApiUserController.editUser(java.lang.String,com.trackorjargh.javaclass.User)
2019-05-09T10:16:54.876Z : 2019-05-09 10:16:54.875  INFO 1 --- [           main] s.w.s.m.m.a.RequestMappingHandlerMapping : Mapped "{[/api/usuarios],methods=[POST]}" onto public org.springframework.http.ResponseEntity<com.trackorjargh.javaclass.User> com.trackorjargh.apirestcontrolers.ApiUserController.addUser(org.apache.catalina.servlet4preview.http.HttpServletRequest,com.trackorjargh.javaclass.User)
2019-05-09T10:16:54.876Z : 2019-05-09 10:16:54.876  INFO 1 --- [           main] s.w.s.m.m.a.RequestMappingHandlerMapping : Mapped "{[/api/usuarios/{name}],methods=[DELETE]}" onto public org.springframework.http.ResponseEntity<com.trackorjargh.javaclass.User> com.trackorjargh.apirestcontrolers.ApiUserController.deleteUser(java.lang.String)
2019-05-09T10:16:54.876Z : 2019-05-09 10:16:54.876  INFO 1 --- [           main] s.w.s.m.m.a.RequestMappingHandlerMapping : Mapped "{[/api/usuarios/{name}],methods=[GET]}" onto public org.springframework.http.ResponseEntity<com.trackorjargh.javaclass.User> com.trackorjargh.apirestcontrolers.ApiUserController.getUser(java.lang.String)
2019-05-09T10:16:54.877Z : 2019-05-09 10:16:54.876  INFO 1 --- [           main] s.w.s.m.m.a.RequestMappingHandlerMapping : Mapped "{[/api/usuarios/administracion],methods=[GET]}" onto public org.springframework.http.ResponseEntity<java.util.List<com.trackorjargh.javaclass.User>> com.trackorjargh.apirestcontrolers.ApiUserController.getUsers()
2019-05-09T10:16:54.877Z : 2019-05-09 10:16:54.877  INFO 1 --- [           main] s.w.s.m.m.a.RequestMappingHandlerMapping : Mapped "{[/api/restablecer/{alphanumericCode}/],methods=[GET]}" onto public org.springframework.http.ResponseEntity<com.trackorjargh.javaclass.ForgotPassword> com.trackorjargh.apirestcontrolers.ApiUserController.forgotPassword(java.lang.String)
2019-05-09T10:16:54.877Z : 2019-05-09 10:16:54.877  INFO 1 --- [           main] s.w.s.m.m.a.RequestMappingHandlerMapping : Mapped "{[/api/restablecer],methods=[PUT]}" onto public org.springframework.http.ResponseEntity<java.lang.Boolean> com.trackorjargh.apirestcontrolers.ApiUserController.forgotPasswordChange(org.apache.catalina.servlet4preview.http.HttpServletRequest,com.trackorjargh.javaclass.User)
2019-05-09T10:16:54.877Z : 2019-05-09 10:16:54.877  INFO 1 --- [           main] s.w.s.m.m.a.RequestMappingHandlerMapping : Mapped "{[/api/restablecer/{alphanumericCode}/],methods=[POST]}" onto public org.springframework.http.ResponseEntity<com.trackorjargh.javaclass.ForgotPassword> com.trackorjargh.apirestcontrolers.ApiUserController.forgotPasswordDelete(java.lang.String,com.trackorjargh.javaclass.User)
2019-05-09T10:16:54.878Z : 2019-05-09 10:16:54.877  INFO 1 --- [           main] s.w.s.m.m.a.RequestMappingHandlerMapping : Mapped "{[/api/comprobarusuario/{name}/],methods=[GET]}" onto public boolean com.trackorjargh.apirestcontrolers.ApiUserController.checkUser(java.lang.String)
2019-05-09T10:16:54.878Z : 2019-05-09 10:16:54.878  INFO 1 --- [           main] s.w.s.m.m.a.RequestMappingHandlerMapping : Mapped "{[/api/comprobaremail/{email}/],methods=[GET]}" onto public boolean com.trackorjargh.apirestcontrolers.ApiUserController.checkEmail(java.lang.String)
2019-05-09T10:16:54.880Z : 2019-05-09 10:16:54.880  INFO 1 --- [           main] s.w.s.m.m.a.RequestMappingHandlerMapping : Mapped "{[/signin/{providerId}],methods=[GET],params=[oauth_token]}" onto public org.springframework.web.servlet.view.RedirectView org.springframework.social.connect.web.ProviderSignInController.oauth1Callback(java.lang.String,org.springframework.web.context.request.NativeWebRequest)
2019-05-09T10:16:54.880Z : 2019-05-09 10:16:54.880  INFO 1 --- [           main] s.w.s.m.m.a.RequestMappingHandlerMapping : Mapped "{[/signin/{providerId}],methods=[GET],params=[code]}" onto public org.springframework.web.servlet.view.RedirectView org.springframework.social.connect.web.ProviderSignInController.oauth2Callback(java.lang.String,java.lang.String,org.springframework.web.context.request.NativeWebRequest)
2019-05-09T10:16:54.881Z : 2019-05-09 10:16:54.880  INFO 1 --- [           main] s.w.s.m.m.a.RequestMappingHandlerMapping : Mapped "{[/signin/{providerId}],methods=[GET],params=[error]}" onto public org.springframework.web.servlet.view.RedirectView org.springframework.social.connect.web.ProviderSignInController.oauth2ErrorCallback(java.lang.String,java.lang.String,java.lang.String,java.lang.String,org.springframework.web.context.request.NativeWebRequest)
2019-05-09T10:16:54.881Z : 2019-05-09 10:16:54.881  INFO 1 --- [           main] s.w.s.m.m.a.RequestMappingHandlerMapping : Mapped "{[/signin/{providerId}],methods=[POST]}" onto public org.springframework.web.servlet.view.RedirectView org.springframework.social.connect.web.ProviderSignInController.signIn(java.lang.String,org.springframework.web.context.request.NativeWebRequest)
2019-05-09T10:16:54.881Z : 2019-05-09 10:16:54.881  INFO 1 --- [           main] s.w.s.m.m.a.RequestMappingHandlerMapping : Mapped "{[/signin/{providerId}],methods=[GET]}" onto public org.springframework.web.servlet.view.RedirectView org.springframework.social.connect.web.ProviderSignInController.canceledAuthorizationCallback()
2019-05-09T10:16:54.883Z : 2019-05-09 10:16:54.883  INFO 1 --- [           main] s.w.s.m.m.a.RequestMappingHandlerMapping : Mapped "{[/error],produces=[text/html]}" onto public org.springframework.web.servlet.ModelAndView org.springframework.boot.autoconfigure.web.BasicErrorController.errorHtml(javax.servlet.http.HttpServletRequest,javax.servlet.http.HttpServletResponse)
2019-05-09T10:16:54.883Z : 2019-05-09 10:16:54.883  INFO 1 --- [           main] s.w.s.m.m.a.RequestMappingHandlerMapping : Mapped "{[/error]}" onto public org.springframework.http.ResponseEntity<java.util.Map<java.lang.String, java.lang.Object>> org.springframework.boot.autoconfigure.web.BasicErrorController.error(javax.servlet.http.HttpServletRequest)
2019-05-09T10:16:54.888Z : 2019-05-09 10:16:54.888  INFO 1 --- [           main] s.w.s.m.m.a.RequestMappingHandlerMapping : Mapped "{[/connect/{providerId}],methods=[GET]}" onto public java.lang.String org.springframework.social.connect.web.ConnectController.connectionStatus(java.lang.String,org.springframework.web.context.request.NativeWebRequest,org.springframework.ui.Model)
2019-05-09T10:16:54.888Z : 2019-05-09 10:16:54.888  INFO 1 --- [           main] s.w.s.m.m.a.RequestMappingHandlerMapping : Mapped "{[/connect],methods=[GET]}" onto public java.lang.String org.springframework.social.connect.web.ConnectController.connectionStatus(org.springframework.web.context.request.NativeWebRequest,org.springframework.ui.Model)
2019-05-09T10:16:54.889Z : 2019-05-09 10:16:54.888  INFO 1 --- [           main] s.w.s.m.m.a.RequestMappingHandlerMapping : Mapped "{[/connect/{providerId}],methods=[GET],params=[oauth_token]}" onto public org.springframework.web.servlet.view.RedirectView org.springframework.social.connect.web.ConnectController.oauth1Callback(java.lang.String,org.springframework.web.context.request.NativeWebRequest)
2019-05-09T10:16:54.889Z : 2019-05-09 10:16:54.889  INFO 1 --- [           main] s.w.s.m.m.a.RequestMappingHandlerMapping : Mapped "{[/connect/{providerId}],methods=[GET],params=[code]}" onto public org.springframework.web.servlet.view.RedirectView org.springframework.social.connect.web.ConnectController.oauth2Callback(java.lang.String,org.springframework.web.context.request.NativeWebRequest)
2019-05-09T10:16:54.889Z : 2019-05-09 10:16:54.889  INFO 1 --- [           main] s.w.s.m.m.a.RequestMappingHandlerMapping : Mapped "{[/connect/{providerId}],methods=[GET],params=[error]}" onto public org.springframework.web.servlet.view.RedirectView org.springframework.social.connect.web.ConnectController.oauth2ErrorCallback(java.lang.String,java.lang.String,java.lang.String,java.lang.String,org.springframework.web.context.request.NativeWebRequest)
2019-05-09T10:16:54.889Z : 2019-05-09 10:16:54.889  INFO 1 --- [           main] s.w.s.m.m.a.RequestMappingHandlerMapping : Mapped "{[/connect/{providerId}],methods=[DELETE]}" onto public org.springframework.web.servlet.view.RedirectView org.springframework.social.connect.web.ConnectController.removeConnections(java.lang.String,org.springframework.web.context.request.NativeWebRequest)
2019-05-09T10:16:54.890Z : 2019-05-09 10:16:54.890  INFO 1 --- [           main] s.w.s.m.m.a.RequestMappingHandlerMapping : Mapped "{[/connect/{providerId}/{providerUserId}],methods=[DELETE]}" onto public org.springframework.web.servlet.view.RedirectView org.springframework.social.connect.web.ConnectController.removeConnection(java.lang.String,java.lang.String,org.springframework.web.context.request.NativeWebRequest)
2019-05-09T10:16:54.890Z : 2019-05-09 10:16:54.890  INFO 1 --- [           main] s.w.s.m.m.a.RequestMappingHandlerMapping : Mapped "{[/connect/{providerId}],methods=[POST]}" onto public org.springframework.web.servlet.view.RedirectView org.springframework.social.connect.web.ConnectController.connect(java.lang.String,org.springframework.web.context.request.NativeWebRequest)
2019-05-09T10:16:54.928Z : 2019-05-09 10:16:54.928  INFO 1 --- [           main] o.s.w.s.handler.SimpleUrlHandlerMapping  : Mapped URL path [/webjars/**] onto handler of type [class org.springframework.web.servlet.resource.ResourceHttpRequestHandler]
2019-05-09T10:16:54.928Z : 2019-05-09 10:16:54.928  INFO 1 --- [           main] o.s.w.s.handler.SimpleUrlHandlerMapping  : Mapped URL path [/**] onto handler of type [class org.springframework.web.servlet.resource.ResourceHttpRequestHandler]
2019-05-09T10:16:54.975Z : 2019-05-09 10:16:54.975  INFO 1 --- [           main] o.s.w.s.handler.SimpleUrlHandlerMapping  : Mapped URL path [/**/favicon.ico] onto handler of type [class org.springframework.web.servlet.resource.ResourceHttpRequestHandler]
2019-05-09T10:16:55.369Z : 2019-05-09 10:16:55.368  INFO 1 --- [           main] o.s.s.web.DefaultSecurityFilterChain     : Creating filter chain: OrRequestMatcher [requestMatchers=[Ant [pattern='/css/**'], Ant [pattern='/js/**'], Ant [pattern='/images/**'], Ant [pattern='/webjars/**'], Ant [pattern='/**/favicon.ico'], Ant [pattern='/error']]], []
2019-05-09T10:16:55.444Z : 2019-05-09 10:16:55.443  INFO 1 --- [           main] o.s.s.web.DefaultSecurityFilterChain     : Creating filter chain: Ant [pattern='/api/**'], [org.springframework.security.web.context.request.async.WebAsyncManagerIntegrationFilter@72825400, org.springframework.security.web.context.SecurityContextPersistenceFilter@1317b708, org.springframework.security.web.header.HeaderWriterFilter@5c8e67b9, org.springframework.security.web.authentication.logout.LogoutFilter@44a6a68e, org.springframework.security.web.authentication.www.BasicAuthenticationFilter@29f85fe1, org.springframework.security.web.savedrequest.RequestCacheAwareFilter@2e51d054, org.springframework.security.web.servletapi.SecurityContextHolderAwareRequestFilter@407873d3, org.springframework.security.web.authentication.AnonymousAuthenticationFilter@19ee1ae6, org.springframework.security.web.session.SessionManagementFilter@49206065, org.springframework.security.web.access.ExceptionTranslationFilter@aa4d8cc, org.springframework.security.web.access.intercept.FilterSecurityInterceptor@4487c0c2]
2019-05-09T10:16:55.456Z : 2019-05-09 10:16:55.456  INFO 1 --- [           main] o.s.s.web.DefaultSecurityFilterChain     : Creating filter chain: org.springframework.security.web.util.matcher.AnyRequestMatcher@1, [org.springframework.security.web.context.request.async.WebAsyncManagerIntegrationFilter@6b69761b, org.springframework.security.web.context.SecurityContextPersistenceFilter@2ec3633f, org.springframework.security.web.header.HeaderWriterFilter@622fdb81, org.springframework.security.web.authentication.logout.LogoutFilter@15b82644, org.springframework.security.web.authentication.UsernamePasswordAuthenticationFilter@5c448433, org.springframework.security.web.savedrequest.RequestCacheAwareFilter@1d5d5621, org.springframework.security.web.servletapi.SecurityContextHolderAwareRequestFilter@13275d8, org.springframework.security.web.authentication.AnonymousAuthenticationFilter@5c7668ba, org.springframework.security.web.session.SessionManagementFilter@1f3165e7, org.springframework.security.web.access.ExceptionTranslationFilter@987455b, org.springframework.security.web.access.intercept.FilterSecurityInterceptor@3727f0ee]
2019-05-09T10:16:55.460Z : 2019-05-09 10:16:55.459  INFO 1 --- [           main] o.s.s.web.DefaultSecurityFilterChain     : Creating filter chain: Ant [pattern='/h2-console/**'], [org.springframework.security.web.context.request.async.WebAsyncManagerIntegrationFilter@42b6d0cc, org.springframework.security.web.context.SecurityContextPersistenceFilter@5d425813, org.springframework.security.web.header.HeaderWriterFilter@8deb645, org.springframework.security.web.authentication.logout.LogoutFilter@278667fd, org.springframework.security.web.authentication.www.BasicAuthenticationFilter@684b31de, org.springframework.security.web.savedrequest.RequestCacheAwareFilter@1702830d, org.springframework.security.web.servletapi.SecurityContextHolderAwareRequestFilter@6a937336, org.springframework.security.web.authentication.AnonymousAuthenticationFilter@1000d54d, org.springframework.security.web.session.SessionManagementFilter@7dd611c8, org.springframework.security.web.access.ExceptionTranslationFilter@7d9ba6c, org.springframework.security.web.access.intercept.FilterSecurityInterceptor@3f702946]
2019-05-09T10:16:55.465Z : 2019-05-09 10:16:55.465  INFO 1 --- [           main] o.s.s.web.DefaultSecurityFilterChain     : Creating filter chain: OrRequestMatcher [requestMatchers=[Ant [pattern='/**']]], [org.springframework.security.web.context.request.async.WebAsyncManagerIntegrationFilter@50756c76, org.springframework.security.web.context.SecurityContextPersistenceFilter@7fd26ad8, org.springframework.security.web.header.HeaderWriterFilter@2b34e38c, org.springframework.security.web.authentication.logout.LogoutFilter@10823d72, org.springframework.security.web.authentication.www.BasicAuthenticationFilter@7cea0110, org.springframework.security.web.savedrequest.RequestCacheAwareFilter@1894593a, org.springframework.security.web.servletapi.SecurityContextHolderAwareRequestFilter@14b0e127, org.springframework.security.web.authentication.AnonymousAuthenticationFilter@38aafb53, org.springframework.security.web.session.SessionManagementFilter@3d37203b, org.springframework.security.web.access.ExceptionTranslationFilter@a0db585, org.springframework.security.web.access.intercept.FilterSecurityInterceptor@78010562]
2019-05-09T10:16:55.672Z : 2019-05-09 10:16:55.672  INFO 1 --- [           main] o.s.j.e.a.AnnotationMBeanExporter        : Registering beans for JMX exposure on startup
2019-05-09T10:16:55.738Z : 2019-05-09 10:16:55.737  INFO 1 --- [           main] s.b.c.e.t.TomcatEmbeddedServletContainer : Tomcat started on port(s): 8000 (http)
2019-05-09T10:16:55.743Z : 2019-05-09 10:16:55.743  INFO 1 --- [           main] com.trackorjargh.Application             : Started Application in 8.355 seconds (JVM running for 8.96)
2019-05-09T10:18:44.809Z : 2019-05-09 10:18:44.809  INFO 1 --- [nio-8000-exec-2] o.a.c.c.C.[Tomcat].[localhost].[/]       : Initializing Spring FrameworkServlet 'dispatcherServlet'
2019-05-09T10:18:44.809Z : 2019-05-09 10:18:44.809  INFO 1 --- [nio-8000-exec-2] o.s.web.servlet.DispatcherServlet        : FrameworkServlet 'dispatcherServlet': initialization started
2019-05-09T10:18:44.828Z : 2019-05-09 10:18:44.827  INFO 1 --- [nio-8000-exec-2] o.s.web.servlet.DispatcherServlet        : FrameworkServlet 'dispatcherServlet': initialization completed in 18 ms
2019-05-09T10:18:45.042Z : 2019-05-09 10:18:45.419  INFO 1 --- [nio-8000-exec-3] c.t.a.ApiGenderController                : Genres JSON: 
2019-05-09T10:18:45.420Z :  [{"name":"Aventuras","points":43.0},{"name":"Terror","points":54.0},{"name":"Romantica","points":71.0},{"name":"Comedia","points":82.0},{"name":"Thriller","points":98.0},{"name":"Accion","points":121.0},{"name":"Animacion","points":132.0},{"name":"Superheroes","points":145.0},{"name":"Drama","points":153.0},{"name":"Ciencia-ficcion","points":165.0},{"name":"Historica","points":182.0},{"name":"Musical","points":188.0},{"name":"Fantasia","points":200.0}]