2019-05-09T10:05:06.332Z : 
2019-05-09T10:05:06.332Z :   .   ____          _            __ _ _
2019-05-09T10:05:06.332Z :  /\\ / ___'_ __ _ _(_)_ __  __ _ \ \ \ \
2019-05-09T10:05:06.333Z : ( ( )\___ | '_ | '_| | '_ \/ _` | \ \ \ \
2019-05-09T10:05:06.333Z :  \\/  ___)| |_)| | | | | || (_| |  ) ) ) )
2019-05-09T10:05:06.333Z :   '  |____| .__|_| |_|_| |_\__, | / / / /
2019-05-09T10:05:06.333Z :  =========|_|==============|___/=/_/_/_/
2019-05-09T10:05:06.336Z :  :: Spring Boot ::       (v1.5.10.RELEASE)
2019-05-09T10:05:06.336Z : 
2019-05-09T10:05:06.440Z : 2019-05-09 10:05:06.437  INFO 1 --- [           main] com.trackorjargh.Application             : Starting Application v0.0.1-SNAPSHOT on d1882af9f616 with PID 1 (/usr/src/webapp-1.java started by root in /usr/src)
2019-05-09T10:05:06.440Z : 2019-05-09 10:05:06.440  INFO 1 --- [           main] com.trackorjargh.Application             : No active profile set, falling back to default profiles: default
2019-05-09T10:05:06.494Z : 2019-05-09 10:05:06.493  INFO 1 --- [           main] ationConfigEmbeddedWebApplicationContext : Refreshing org.springframework.boot.context.embedded.AnnotationConfigEmbeddedWebApplicationContext@5a2e4553: startup date [Thu May 09 10:05:06 UTC 2019]; root of context hierarchy
2019-05-09T10:05:08.182Z : 2019-05-09 10:05:08.181  INFO 1 --- [           main] f.a.AutowiredAnnotationBeanPostProcessor : JSR-330 'javax.inject.Inject' annotation found and supported for autowiring
2019-05-09T10:05:08.323Z : 2019-05-09 10:05:08.323  INFO 1 --- [           main] trationDelegate$BeanPostProcessorChecker : Bean 'org.springframework.transaction.annotation.ProxyTransactionManagementConfiguration' of type [org.springframework.transaction.annotation.ProxyTransactionManagementConfiguration$$EnhancerBySpringCGLIB$$9818cd64] is not eligible for getting processed by all BeanPostProcessors (for example: not eligible for auto-proxying)
2019-05-09T10:05:08.371Z : 2019-05-09 10:05:08.371  INFO 1 --- [           main] trationDelegate$BeanPostProcessorChecker : Bean 'org.springframework.security.config.annotation.configuration.ObjectPostProcessorConfiguration' of type [org.springframework.security.config.annotation.configuration.ObjectPostProcessorConfiguration$$EnhancerBySpringCGLIB$$30c6959e] is not eligible for getting processed by all BeanPostProcessors (for example: not eligible for auto-proxying)
2019-05-09T10:05:08.382Z : 2019-05-09 10:05:08.381  INFO 1 --- [           main] trationDelegate$BeanPostProcessorChecker : Bean 'objectPostProcessor' of type [org.springframework.security.config.annotation.configuration.AutowireBeanFactoryObjectPostProcessor] is not eligible for getting processed by all BeanPostProcessors (for example: not eligible for auto-proxying)
2019-05-09T10:05:08.383Z : 2019-05-09 10:05:08.383  INFO 1 --- [           main] trationDelegate$BeanPostProcessorChecker : Bean 'org.springframework.security.access.expression.method.DefaultMethodSecurityExpressionHandler@27ce24aa' of type [org.springframework.security.access.expression.method.DefaultMethodSecurityExpressionHandler] is not eligible for getting processed by all BeanPostProcessors (for example: not eligible for auto-proxying)
2019-05-09T10:05:08.394Z : 2019-05-09 10:05:08.394  INFO 1 --- [           main] trationDelegate$BeanPostProcessorChecker : Bean 'org.springframework.security.config.annotation.method.configuration.GlobalMethodSecurityConfiguration' of type [org.springframework.security.config.annotation.method.configuration.GlobalMethodSecurityConfiguration$$EnhancerBySpringCGLIB$$559b3850] is not eligible for getting processed by all BeanPostProcessors (for example: not eligible for auto-proxying)
2019-05-09T10:05:08.407Z : 2019-05-09 10:05:08.407  INFO 1 --- [           main] trationDelegate$BeanPostProcessorChecker : Bean 'methodSecurityMetadataSource' of type [org.springframework.security.access.method.DelegatingMethodSecurityMetadataSource] is not eligible for getting processed by all BeanPostProcessors (for example: not eligible for auto-proxying)
2019-05-09T10:05:08.885Z : 2019-05-09 10:05:08.885  INFO 1 --- [           main] s.b.c.e.t.TomcatEmbeddedServletContainer : Tomcat initialized with port(s): 8000 (http)
2019-05-09T10:05:08.916Z : 2019-05-09 10:05:08.915  INFO 1 --- [           main] o.apache.catalina.core.StandardService   : Starting service [Tomcat]
2019-05-09T10:05:08.918Z : 2019-05-09 10:05:08.917  INFO 1 --- [           main] org.apache.catalina.core.StandardEngine  : Starting Servlet Engine: Apache Tomcat/8.5.27
2019-05-09T10:05:09.038Z : 2019-05-09 10:05:09.038  INFO 1 --- [ost-startStop-1] o.a.c.c.C.[Tomcat].[localhost].[/]       : Initializing Spring embedded WebApplicationContext
2019-05-09T10:05:09.040Z : 2019-05-09 10:05:09.040  INFO 1 --- [ost-startStop-1] o.s.web.context.ContextLoader            : Root WebApplicationContext: initialization completed in 2549 ms
2019-05-09T10:05:09.236Z : 2019-05-09 10:05:09.236  INFO 1 --- [ost-startStop-1] o.s.b.w.servlet.FilterRegistrationBean   : Mapping filter: 'characterEncodingFilter' to: [/*]
2019-05-09T10:05:09.238Z : 2019-05-09 10:05:09.237  INFO 1 --- [ost-startStop-1] o.s.b.w.servlet.FilterRegistrationBean   : Mapping filter: 'hiddenHttpMethodFilter' to: [/*]
2019-05-09T10:05:09.238Z : 2019-05-09 10:05:09.238  INFO 1 --- [ost-startStop-1] o.s.b.w.servlet.FilterRegistrationBean   : Mapping filter: 'httpPutFormContentFilter' to: [/*]
2019-05-09T10:05:09.238Z : 2019-05-09 10:05:09.238  INFO 1 --- [ost-startStop-1] o.s.b.w.servlet.FilterRegistrationBean   : Mapping filter: 'requestContextFilter' to: [/*]
2019-05-09T10:05:09.240Z : 2019-05-09 10:05:09.239  INFO 1 --- [ost-startStop-1] .s.DelegatingFilterProxyRegistrationBean : Mapping filter: 'springSecurityFilterChain' to: [/*]
2019-05-09T10:05:09.240Z : 2019-05-09 10:05:09.240  INFO 1 --- [ost-startStop-1] o.s.b.w.servlet.ServletRegistrationBean  : Mapping servlet: 'dispatcherServlet' to [/]
2019-05-09T10:05:09.243Z : 2019-05-09 10:05:09.242  INFO 1 --- [ost-startStop-1] o.s.b.w.servlet.ServletRegistrationBean  : Mapping servlet: 'webServlet' to [/h2-console/*]
2019-05-09T10:05:09.828Z : 2019-05-09 10:05:09.828  INFO 1 --- [           main] j.LocalContainerEntityManagerFactoryBean : Building JPA container EntityManagerFactory for persistence unit 'default'
2019-05-09T10:05:09.847Z : 2019-05-09 10:05:09.845  INFO 1 --- [           main] o.hibernate.jpa.internal.util.LogHelper  : HHH000204: Processing PersistenceUnitInfo [
2019-05-09T10:05:09.847Z : 	name: default
2019-05-09T10:05:09.847Z : 	...]
2019-05-09T10:05:09.996Z : 2019-05-09 10:05:09.995  INFO 1 --- [           main] org.hibernate.Version                    : HHH000412: Hibernate Core {5.0.12.Final}
2019-05-09T10:05:09.998Z : 2019-05-09 10:05:09.997  INFO 1 --- [           main] org.hibernate.cfg.Environment            : HHH000206: hibernate.properties not found
2019-05-09T10:05:10.000Z : 2019-05-09 10:05:10.000  INFO 1 --- [           main] org.hibernate.cfg.Environment            : HHH000021: Bytecode provider name : javassist
2019-05-09T10:05:10.227Z : 2019-05-09 10:05:10.227  INFO 1 --- [           main] o.hibernate.annotations.common.Version   : HCANN000001: Hibernate Commons Annotations {5.0.1.Final}
2019-05-09T10:05:10.641Z : 2019-05-09 10:05:10.641  INFO 1 --- [           main] org.hibernate.dialect.Dialect            : HHH000400: Using dialect: org.hibernate.dialect.H2Dialect
2019-05-09T10:05:11.375Z : 2019-05-09 10:05:11.375  INFO 1 --- [           main] org.hibernate.tool.hbm2ddl.SchemaExport  : HHH000227: Running hbm2ddl schema export
2019-05-09T10:05:11.449Z : 2019-05-09 10:05:11.449  INFO 1 --- [           main] org.hibernate.tool.hbm2ddl.SchemaExport  : HHH000230: Schema export complete
2019-05-09T10:05:11.506Z : 2019-05-09 10:05:11.506  INFO 1 --- [           main] j.LocalContainerEntityManagerFactoryBean : Initialized JPA EntityManagerFactory for persistence unit 'default'
2019-05-09T10:05:12.196Z : 2019-05-09 10:05:12.195  INFO 1 --- [           main] o.h.h.i.QueryTranslatorFactoryInitiator  : HHH000397: Using ASTQueryTranslatorFactory
2019-05-09T10:05:12.341Z : 2019-05-09 10:05:12.341  INFO 1 --- [           main] c.t.database.DatabaseInformationLoader   : Loading data in BBDD
2019-05-09T10:05:13.569Z : 2019-05-09 10:05:13.569  INFO 1 --- [           main] s.w.s.m.m.a.RequestMappingHandlerAdapter : Looking for @ControllerAdvice: org.springframework.boot.context.embedded.AnnotationConfigEmbeddedWebApplicationContext@5a2e4553: startup date [Thu May 09 10:05:06 UTC 2019]; root of context hierarchy
2019-05-09T10:05:13.648Z : 2019-05-09 10:05:13.647  INFO 1 --- [           main] s.w.s.m.m.a.RequestMappingHandlerMapping : Mapped "{[/new || /new/**/{[path:[^\\.]*}]}" onto public java.lang.String com.trackorjargh.PageAngular.getFortyPersona()
2019-05-09T10:05:13.649Z : 2019-05-09 10:05:13.649  INFO 1 --- [           main] s.w.s.m.m.a.RequestMappingHandlerMapping : Mapped "{[/pelicula/borrarcomentario/{id}/{name}]}" onto public java.lang.String com.trackorjargh.javacontrollers.FilmController.deleteCommentFilm(org.springframework.ui.Model,int,java.lang.String)
2019-05-09T10:05:13.650Z : 2019-05-09 10:05:13.649  INFO 1 --- [           main] s.w.s.m.m.a.RequestMappingHandlerMapping : Mapped "{[/peliculas || /peliculas/mejorvaloradas]}" onto public java.lang.String com.trackorjargh.javacontrollers.FilmController.serveFilmList(org.springframework.ui.Model,javax.servlet.http.HttpServletRequest)
2019-05-09T10:05:13.650Z : 2019-05-09 10:05:13.650  INFO 1 --- [           main] s.w.s.m.m.a.RequestMappingHandlerMapping : Mapped "{[/pelicula/{name}]}" onto public java.lang.String com.trackorjargh.javacontrollers.FilmController.serveFilmProfile(org.springframework.ui.Model,java.lang.String,java.util.Optional<java.lang.String>,java.util.Optional<java.lang.String>)
2019-05-09T10:05:13.650Z : 2019-05-09 10:05:13.650  INFO 1 --- [           main] s.w.s.m.m.a.RequestMappingHandlerMapping : Mapped "{[/busqueda/{optionSearch}/pelicula/{name}]}" onto public java.lang.String com.trackorjargh.javacontrollers.FilmController.searchFilms(org.springframework.ui.Model,java.lang.String,java.lang.String)
2019-05-09T10:05:13.650Z : 2019-05-09 10:05:13.650  INFO 1 --- [           main] s.w.s.m.m.a.RequestMappingHandlerMapping : Mapped "{[/nuevaPelicula]}" onto public java.lang.String com.trackorjargh.javacontrollers.FilmController.newFilm(java.util.Optional<org.springframework.web.multipart.MultipartFile>,java.lang.String,java.lang.String,java.lang.String,java.util.Optional<java.lang.String[]>,java.lang.String,java.lang.String,java.lang.String)
2019-05-09T10:05:13.651Z : 2019-05-09 10:05:13.651  INFO 1 --- [           main] s.w.s.m.m.a.RequestMappingHandlerMapping : Mapped "{[/libro/borrarcomentario/{id}/{name}]}" onto public java.lang.String com.trackorjargh.javacontrollers.BookController.deleteCommentBook(org.springframework.ui.Model,int,java.lang.String)
2019-05-09T10:05:13.651Z : 2019-05-09 10:05:13.651  INFO 1 --- [           main] s.w.s.m.m.a.RequestMappingHandlerMapping : Mapped "{[/libros || /libros/mejorvalorados]}" onto public java.lang.String com.trackorjargh.javacontrollers.BookController.serveBookList(org.springframework.ui.Model,javax.servlet.http.HttpServletRequest)
2019-05-09T10:05:13.652Z : 2019-05-09 10:05:13.651  INFO 1 --- [           main] s.w.s.m.m.a.RequestMappingHandlerMapping : Mapped "{[/libro/{name}]}" onto public java.lang.String com.trackorjargh.javacontrollers.BookController.serveProfile(org.springframework.ui.Model,java.lang.String,java.util.Optional<java.lang.String>,java.util.Optional<java.lang.String>)
2019-05-09T10:05:13.652Z : 2019-05-09 10:05:13.652  INFO 1 --- [           main] s.w.s.m.m.a.RequestMappingHandlerMapping : Mapped "{[/busqueda/{optionSearch}/libro/{name}]}" onto public java.lang.String com.trackorjargh.javacontrollers.BookController.searchBooks(org.springframework.ui.Model,java.lang.String,java.lang.String)
2019-05-09T10:05:13.652Z : 2019-05-09 10:05:13.652  INFO 1 --- [           main] s.w.s.m.m.a.RequestMappingHandlerMapping : Mapped "{[/crearpdflistas]}" onto public void com.trackorjargh.javacontrollers.PdfController.handleFileDownloadPDF(javax.servlet.http.HttpServletResponse) throws java.io.FileNotFoundException,java.io.IOException
2019-05-09T10:05:13.653Z : 2019-05-09 10:05:13.653  INFO 1 --- [           main] s.w.s.m.m.a.RequestMappingHandlerMapping : Mapped "{[/]}" onto public java.lang.String com.trackorjargh.javacontrollers.PageController.serveIndex(org.springframework.ui.Model)
2019-05-09T10:05:13.653Z : 2019-05-09 10:05:13.653  INFO 1 --- [           main] s.w.s.m.m.a.RequestMappingHandlerMapping : Mapped "{[/login]}" onto public java.lang.String com.trackorjargh.javacontrollers.PageController.serveLogin(org.springframework.ui.Model)
2019-05-09T10:05:13.653Z : 2019-05-09 10:05:13.653  INFO 1 --- [           main] s.w.s.m.m.a.RequestMappingHandlerMapping : Mapped "{[/error/{message}/{name}]}" onto public java.lang.String com.trackorjargh.javacontrollers.PageController.serveLoginError(org.springframework.ui.Model,java.lang.String,java.lang.String)
2019-05-09T10:05:13.656Z : 2019-05-09 10:05:13.656  INFO 1 --- [           main] s.w.s.m.m.a.RequestMappingHandlerMapping : Mapped "{[/serie/borrarcomentario/{id}/{name}]}" onto public java.lang.String com.trackorjargh.javacontrollers.ShowController.deleteCommentShow(org.springframework.ui.Model,int,java.lang.String)
2019-05-09T10:05:13.656Z : 2019-05-09 10:05:13.656  INFO 1 --- [           main] s.w.s.m.m.a.RequestMappingHandlerMapping : Mapped "{[/series || /series/mejorvaloradas]}" onto public java.lang.String com.trackorjargh.javacontrollers.ShowController.serveShowList(org.springframework.ui.Model,javax.servlet.http.HttpServletRequest)
2019-05-09T10:05:13.656Z : 2019-05-09 10:05:13.656  INFO 1 --- [           main] s.w.s.m.m.a.RequestMappingHandlerMapping : Mapped "{[/serie/{name}]}" onto public java.lang.String com.trackorjargh.javacontrollers.ShowController.serveShowProfile(org.springframework.ui.Model,java.lang.String,java.util.Optional<java.lang.String>,java.util.Optional<java.lang.String>)
2019-05-09T10:05:13.657Z : 2019-05-09 10:05:13.656  INFO 1 --- [           main] s.w.s.m.m.a.RequestMappingHandlerMapping : Mapped "{[/busqueda/{optionSearch}/serie/{name}]}" onto public java.lang.String com.trackorjargh.javacontrollers.ShowController.searchShows(org.springframework.ui.Model,java.lang.String,java.lang.String)
2019-05-09T10:05:13.657Z : 2019-05-09 10:05:13.657  INFO 1 --- [           main] s.w.s.m.m.a.RequestMappingHandlerMapping : Mapped "{[/activarusuario/{name}]}" onto public java.lang.String com.trackorjargh.javacontrollers.UserController.activatedUser(org.springframework.ui.Model,java.lang.String)
2019-05-09T10:05:13.658Z : 2019-05-09 10:05:13.658  INFO 1 --- [           main] s.w.s.m.m.a.RequestMappingHandlerMapping : Mapped "{[/miperfil]}" onto public java.lang.String com.trackorjargh.javacontrollers.UserController.serveUserProfile(org.springframework.ui.Model,java.util.Optional<java.lang.String>,java.util.Optional<java.lang.String>,java.util.Optional<java.lang.Boolean>,java.util.Optional<org.springframework.web.multipart.MultipartFile>)
2019-05-09T10:05:13.658Z : 2019-05-09 10:05:13.658  INFO 1 --- [           main] s.w.s.m.m.a.RequestMappingHandlerMapping : Mapped "{[/listaNueva]}" onto public java.lang.String com.trackorjargh.javacontrollers.UserController.modProfile(org.springframework.ui.Model,java.lang.String)
2019-05-09T10:05:13.658Z : 2019-05-09 10:05:13.658  INFO 1 --- [           main] s.w.s.m.m.a.RequestMappingHandlerMapping : Mapped "{[/registrar]}" onto public java.lang.String com.trackorjargh.javacontrollers.UserController.serveRegistrer(org.springframework.ui.Model,org.springframework.web.servlet.mvc.support.RedirectAttributes,javax.servlet.http.HttpServletRequest,java.lang.String,java.lang.String,java.lang.String)
2019-05-09T10:05:13.659Z : 2019-05-09 10:05:13.658  INFO 1 --- [           main] s.w.s.m.m.a.RequestMappingHandlerMapping : Mapped "{[/cambiarcontra/{alphanumericCode}]}" onto public java.lang.String com.trackorjargh.javacontrollers.UserController.changePass(org.springframework.ui.Model,javax.servlet.http.HttpServletRequest,java.lang.String,java.util.Optional<java.lang.String>)
2019-05-09T10:05:13.659Z : 2019-05-09 10:05:13.659  INFO 1 --- [           main] s.w.s.m.m.a.RequestMappingHandlerMapping : Mapped "{[/olvidocontra]}" onto public java.lang.String com.trackorjargh.javacontrollers.UserController.forgetPass(org.springframework.ui.Model,javax.servlet.http.HttpServletRequest,java.util.Optional<java.lang.String>)
2019-05-09T10:05:13.659Z : 2019-05-09 10:05:13.659  INFO 1 --- [           main] s.w.s.m.m.a.RequestMappingHandlerMapping : Mapped "{[/imagen/{fileName:.+}]}" onto public void com.trackorjargh.javacontrollers.ImagesControler.handleFileDownload(java.lang.String,javax.servlet.http.HttpServletResponse) throws java.io.FileNotFoundException,java.io.IOException
2019-05-09T10:05:13.660Z : 2019-05-09 10:05:13.659  INFO 1 --- [           main] s.w.s.m.m.a.RequestMappingHandlerMapping : Mapped "{[/busqueda]}" onto public java.lang.String com.trackorjargh.javacontrollers.SearchController.search(org.springframework.ui.Model)
2019-05-09T10:05:13.661Z : 2019-05-09 10:05:13.661  INFO 1 --- [           main] s.w.s.m.m.a.RequestMappingHandlerMapping : Mapped "{[/subirContenido]}" onto public java.lang.String com.trackorjargh.javacontrollers.AdminContoller.newContent(org.springframework.ui.Model)
2019-05-09T10:05:13.661Z : 2019-05-09 10:05:13.661  INFO 1 --- [           main] s.w.s.m.m.a.RequestMappingHandlerMapping : Mapped "{[/seleccionarPelicula]}" onto public org.springframework.web.servlet.ModelAndView com.trackorjargh.javacontrollers.AdminContoller.filmSelection(org.springframework.web.servlet.mvc.support.RedirectAttributes,java.lang.String)
2019-05-09T10:05:13.661Z : 2019-05-09 10:05:13.661  INFO 1 --- [           main] s.w.s.m.m.a.RequestMappingHandlerMapping : Mapped "{[/seleccionarSerie]}" onto public org.springframework.web.servlet.ModelAndView com.trackorjargh.javacontrollers.AdminContoller.showSelection(org.springframework.web.servlet.mvc.support.RedirectAttributes,java.lang.String)
2019-05-09T10:05:13.661Z : 2019-05-09 10:05:13.661  INFO 1 --- [           main] s.w.s.m.m.a.RequestMappingHandlerMapping : Mapped "{[/administracion]}" onto public java.lang.String com.trackorjargh.javacontrollers.AdminContoller.serveAdmin(org.springframework.ui.Model)
2019-05-09T10:05:13.662Z : 2019-05-09 10:05:13.661  INFO 1 --- [           main] s.w.s.m.m.a.RequestMappingHandlerMapping : Mapped "{[/seleccionarLibro]}" onto public org.springframework.web.servlet.ModelAndView com.trackorjargh.javacontrollers.AdminContoller.bookSelection(org.springframework.web.servlet.mvc.support.RedirectAttributes,java.lang.String)
2019-05-09T10:05:13.662Z : 2019-05-09 10:05:13.662  INFO 1 --- [           main] s.w.s.m.m.a.RequestMappingHandlerMapping : Mapped "{[/seleccionarUsuario]}" onto public org.springframework.web.servlet.ModelAndView com.trackorjargh.javacontrollers.AdminContoller.userSelection(org.springframework.web.servlet.mvc.support.RedirectAttributes,java.lang.String)
2019-05-09T10:05:13.662Z : 2019-05-09 10:05:13.662  INFO 1 --- [           main] s.w.s.m.m.a.RequestMappingHandlerMapping : Mapped "{[/editarContenido/{type}/{name}]}" onto public org.springframework.web.servlet.ModelAndView com.trackorjargh.javacontrollers.AdminContoller.editContent(org.springframework.web.servlet.mvc.support.RedirectAttributes,java.lang.String,java.lang.String)
2019-05-09T10:05:13.662Z : 2019-05-09 10:05:13.662  INFO 1 --- [           main] s.w.s.m.m.a.RequestMappingHandlerMapping : Mapped "{[/adminUsuario]}" onto public java.lang.String com.trackorjargh.javacontrollers.AdminContoller.adminUser(org.springframework.ui.Model,java.lang.String,java.lang.String,java.util.Optional<java.lang.Boolean>,java.lang.String)
2019-05-09T10:05:13.663Z : 2019-05-09 10:05:13.663  INFO 1 --- [           main] s.w.s.m.m.a.RequestMappingHandlerMapping : Mapped "{[/adminPelicula]}" onto public java.lang.String com.trackorjargh.javacontrollers.AdminContoller.adminFilm(org.springframework.ui.Model,java.lang.String,java.lang.String,java.util.Optional<java.lang.Boolean>,java.lang.String,java.lang.String,org.springframework.web.multipart.MultipartFile,java.util.Optional<java.lang.String[]>,java.util.Optional<java.lang.String[]>,java.lang.String,java.lang.String,java.lang.String)
2019-05-09T10:05:13.663Z : 2019-05-09 10:05:13.663  INFO 1 --- [           main] s.w.s.m.m.a.RequestMappingHandlerMapping : Mapped "{[/adminSerie]}" onto public java.lang.String com.trackorjargh.javacontrollers.AdminContoller.adminShow(org.springframework.ui.Model,java.lang.String,java.lang.String,java.util.Optional<java.lang.Boolean>,java.lang.String,java.lang.String,org.springframework.web.multipart.MultipartFile,java.util.Optional<java.lang.String[]>,java.util.Optional<java.lang.String[]>,java.lang.String,java.lang.String,java.lang.String)
2019-05-09T10:05:13.664Z : 2019-05-09 10:05:13.663  INFO 1 --- [           main] s.w.s.m.m.a.RequestMappingHandlerMapping : Mapped "{[/adminLibro]}" onto public java.lang.String com.trackorjargh.javacontrollers.AdminContoller.adminBook(org.springframework.ui.Model,java.lang.String,java.lang.String,java.util.Optional<java.lang.Boolean>,java.lang.String,org.springframework.web.multipart.MultipartFile,java.util.Optional<java.lang.String[]>,java.util.Optional<java.lang.String[]>,java.lang.String,java.lang.String)
2019-05-09T10:05:13.664Z : 2019-05-09 10:05:13.664  INFO 1 --- [           main] s.w.s.m.m.a.RequestMappingHandlerMapping : Mapped "{[/nuevaSerie]}" onto public java.lang.String com.trackorjargh.javacontrollers.AdminContoller.newShow(java.util.Optional<org.springframework.web.multipart.MultipartFile>,java.lang.String,java.lang.String,java.lang.String,java.util.Optional<java.lang.String[]>,java.lang.String,java.lang.String,java.lang.String)
2019-05-09T10:05:13.664Z : 2019-05-09 10:05:13.664  INFO 1 --- [           main] s.w.s.m.m.a.RequestMappingHandlerMapping : Mapped "{[/nuevoLibro]}" onto public java.lang.String com.trackorjargh.javacontrollers.AdminContoller.newBook(java.util.Optional<org.springframework.web.multipart.MultipartFile>,java.lang.String,java.lang.String,java.util.Optional<java.lang.String[]>,java.lang.String,java.lang.String)
2019-05-09T10:05:13.665Z : 2019-05-09 10:05:13.665  INFO 1 --- [           main] s.w.s.m.m.a.RequestMappingHandlerMapping : Mapped "{[/api/login]}" onto public org.springframework.http.ResponseEntity<com.trackorjargh.javaclass.User> com.trackorjargh.security.LoginControllerApi.logIn()
2019-05-09T10:05:13.665Z : 2019-05-09 10:05:13.665  INFO 1 --- [           main] s.w.s.m.m.a.RequestMappingHandlerMapping : Mapped "{[/api/logout]}" onto public org.springframework.http.ResponseEntity<java.lang.Boolean> com.trackorjargh.security.LoginControllerApi.logOut(javax.servlet.http.HttpSession)
2019-05-09T10:05:13.670Z : 2019-05-09 10:05:13.669  INFO 1 --- [           main] s.w.s.m.m.a.RequestMappingHandlerMapping : Mapped "{[/api/subirimagen],methods=[POST],consumes=[multipart/mixed || multipart/form-data]}" onto public java.lang.String com.trackorjargh.apirestcontrolers.ApiImagesController.putUpload(org.springframework.web.multipart.MultipartFile)
2019-05-09T10:05:13.672Z : 2019-05-09 10:05:13.672  INFO 1 --- [           main] s.w.s.m.m.a.RequestMappingHandlerMapping : Mapped "{[/api/listas],methods=[POST]}" onto public org.springframework.http.ResponseEntity<com.trackorjargh.javaclass.Lists> com.trackorjargh.apirestcontrolers.ApiListsController.addEmptyListInUser(com.trackorjargh.javaclass.Lists)
2019-05-09T10:05:13.673Z : 2019-05-09 10:05:13.672  INFO 1 --- [           main] s.w.s.m.m.a.RequestMappingHandlerMapping : Mapped "{[/api/listas/contenido],methods=[GET]}" onto public org.springframework.http.ResponseEntity<java.util.List<com.trackorjargh.javaclass.PreparateListsShow>> com.trackorjargh.apirestcontrolers.ApiListsController.getContentListsUser()
2019-05-09T10:05:13.673Z : 2019-05-09 10:05:13.673  INFO 1 --- [           main] s.w.s.m.m.a.RequestMappingHandlerMapping : Mapped "{[/api/listas],methods=[PUT]}" onto public org.springframework.http.ResponseEntity<java.lang.Boolean> com.trackorjargh.apirestcontrolers.ApiListsController.addedListInUser(com.trackorjargh.javaclass.Lists)
2019-05-09T10:05:13.673Z : 2019-05-09 10:05:13.673  INFO 1 --- [           main] s.w.s.m.m.a.RequestMappingHandlerMapping : Mapped "{[/api/listas/{nameList}],methods=[DELETE]}" onto public org.springframework.http.ResponseEntity<java.lang.Boolean> com.trackorjargh.apirestcontrolers.ApiListsController.deletedListInUser(java.lang.String)
2019-05-09T10:05:13.673Z : 2019-05-09 10:05:13.673  INFO 1 --- [           main] s.w.s.m.m.a.RequestMappingHandlerMapping : Mapped "{[/api/listas/{nameList}/{typeContent}/{nameContent}],methods=[DELETE]}" onto public org.springframework.http.ResponseEntity<java.lang.Boolean> com.trackorjargh.apirestcontrolers.ApiListsController.deletedContentInList(java.lang.String,java.lang.String,java.lang.String)
2019-05-09T10:05:13.673Z : 2019-05-09 10:05:13.673  INFO 1 --- [           main] s.w.s.m.m.a.RequestMappingHandlerMapping : Mapped "{[/api/listas],methods=[GET]}" onto public org.springframework.http.ResponseEntity<java.util.List<com.trackorjargh.javaclass.Lists>> com.trackorjargh.apirestcontrolers.ApiListsController.getListsUser()
2019-05-09T10:05:13.678Z : 2019-05-09 10:05:13.678  INFO 1 --- [           main] s.w.s.m.m.a.RequestMappingHandlerMapping : Mapped "{[/api/libros/{name}],methods=[PUT]}" onto public org.springframework.http.ResponseEntity<com.trackorjargh.javaclass.Book> com.trackorjargh.apirestcontrolers.ApiBookController.editBook(java.lang.String,com.trackorjargh.javaclass.Book)
2019-05-09T10:05:13.678Z : 2019-05-09 10:05:13.678  INFO 1 --- [           main] s.w.s.m.m.a.RequestMappingHandlerMapping : Mapped "{[/api/libros/{name}],methods=[DELETE]}" onto public org.springframework.http.ResponseEntity<com.trackorjargh.javaclass.Book> com.trackorjargh.apirestcontrolers.ApiBookController.deleteBook(java.lang.String)
2019-05-09T10:05:13.679Z : 2019-05-09 10:05:13.678  INFO 1 --- [           main] s.w.s.m.m.a.RequestMappingHandlerMapping : Mapped "{[/api/libros],methods=[GET]}" onto public org.springframework.data.domain.Page<com.trackorjargh.javaclass.Book> com.trackorjargh.apirestcontrolers.ApiBookController.getBooks(org.springframework.data.domain.Pageable)
2019-05-09T10:05:13.679Z : 2019-05-09 10:05:13.679  INFO 1 --- [           main] s.w.s.m.m.a.RequestMappingHandlerMapping : Mapped "{[/api/libros/administracion],methods=[GET]}" onto public org.springframework.http.ResponseEntity<java.util.List<com.trackorjargh.javaclass.Book>> com.trackorjargh.apirestcontrolers.ApiBookController.getAllBooks()
2019-05-09T10:05:13.679Z : 2019-05-09 10:05:13.679  INFO 1 --- [           main] s.w.s.m.m.a.RequestMappingHandlerMapping : Mapped "{[/api/libros/{name}],methods=[GET]}" onto public org.springframework.http.ResponseEntity<com.trackorjargh.javaclass.Book> com.trackorjargh.apirestcontrolers.ApiBookController.getBook(java.lang.String)
2019-05-09T10:05:13.679Z : 2019-05-09 10:05:13.679  INFO 1 --- [           main] s.w.s.m.m.a.RequestMappingHandlerMapping : Mapped "{[/api/libros/relacionadas/{id}],methods=[GET]}" onto public org.springframework.data.domain.Page<com.trackorjargh.javaclass.Book> com.trackorjargh.apirestcontrolers.ApiBookController.getBookRelated(int,org.springframework.data.domain.Pageable)
2019-05-09T10:05:13.679Z : 2019-05-09 10:05:13.679  INFO 1 --- [           main] s.w.s.m.m.a.RequestMappingHandlerMapping : Mapped "{[/api/libros/ultimas/{num}],methods=[GET]}" onto public java.util.List<com.trackorjargh.javaclass.Book> com.trackorjargh.apirestcontrolers.ApiBookController.getLastBook(int)
2019-05-09T10:05:13.680Z : 2019-05-09 10:05:13.680  INFO 1 --- [           main] s.w.s.m.m.a.RequestMappingHandlerMapping : Mapped "{[/api/libros/mejorvalorados],methods=[GET]}" onto public org.springframework.data.domain.Page<com.trackorjargh.javaclass.Book> com.trackorjargh.apirestcontrolers.ApiBookController.getBestPointLibros(org.springframework.data.domain.Pageable)
2019-05-09T10:05:13.680Z : 2019-05-09 10:05:13.680  INFO 1 --- [           main] s.w.s.m.m.a.RequestMappingHandlerMapping : Mapped "{[/api/libros/grafico],methods=[GET]}" onto public java.util.List<com.trackorjargh.grafics.Grafics> com.trackorjargh.apirestcontrolers.ApiBookController.getBestPointBooks()
2019-05-09T10:05:13.680Z : 2019-05-09 10:05:13.680  INFO 1 --- [           main] s.w.s.m.m.a.RequestMappingHandlerMapping : Mapped "{[/api/libros],methods=[POST]}" onto public org.springframework.http.ResponseEntity<com.trackorjargh.javaclass.Book> com.trackorjargh.apirestcontrolers.ApiBookController.addBook(com.trackorjargh.javaclass.Book)
2019-05-09T10:05:13.680Z : 2019-05-09 10:05:13.680  INFO 1 --- [           main] s.w.s.m.m.a.RequestMappingHandlerMapping : Mapped "{[/api/libros/comentarios/{name}],methods=[GET]}" onto public org.springframework.http.ResponseEntity<java.util.List<com.trackorjargh.javaclass.CommentBook>> com.trackorjargh.apirestcontrolers.ApiBookController.getCommentsBook(java.lang.String)
2019-05-09T10:05:13.681Z : 2019-05-09 10:05:13.681  INFO 1 --- [           main] s.w.s.m.m.a.RequestMappingHandlerMapping : Mapped "{[/api/libros/comentarios/{name}],methods=[POST]}" onto public org.springframework.http.ResponseEntity<com.trackorjargh.javaclass.CommentBook> com.trackorjargh.apirestcontrolers.ApiBookController.addComentBook(java.lang.String,com.trackorjargh.javaclass.CommentBook)
2019-05-09T10:05:13.681Z : 2019-05-09 10:05:13.681  INFO 1 --- [           main] s.w.s.m.m.a.RequestMappingHandlerMapping : Mapped "{[/api/libros/comentarios/{id}],methods=[DELETE]}" onto public org.springframework.http.ResponseEntity<com.trackorjargh.javaclass.CommentBook> com.trackorjargh.apirestcontrolers.ApiBookController.deleteBookComent(java.lang.Long)
2019-05-09T10:05:13.681Z : 2019-05-09 10:05:13.681  INFO 1 --- [           main] s.w.s.m.m.a.RequestMappingHandlerMapping : Mapped "{[/api/libros/puntos/{name}],methods=[POST]}" onto public org.springframework.http.ResponseEntity<com.trackorjargh.javaclass.PointBook> com.trackorjargh.apirestcontrolers.ApiBookController.addBookPoint(java.lang.String,com.trackorjargh.javaclass.PointBook)
2019-05-09T10:05:13.681Z : 2019-05-09 10:05:13.681  INFO 1 --- [           main] s.w.s.m.m.a.RequestMappingHandlerMapping : Mapped "{[/api/libros/puntos/{name}],methods=[GET]}" onto public org.springframework.http.ResponseEntity<java.util.List<com.trackorjargh.javaclass.PointBook>> com.trackorjargh.apirestcontrolers.ApiBookController.getBookPoint(java.lang.String)
2019-05-09T10:05:13.682Z : 2019-05-09 10:05:13.681  INFO 1 --- [           main] s.w.s.m.m.a.RequestMappingHandlerMapping : Mapped "{[/api/busqueda/{optionSearch}/libros/{name}/page],methods=[GET]}" onto public org.springframework.data.domain.Page<com.trackorjargh.javaclass.Book> com.trackorjargh.apirestcontrolers.ApiBookController.getSearchLibros(org.springframework.data.domain.Pageable,java.lang.String,java.lang.String)
2019-05-09T10:05:13.684Z : 2019-05-09 10:05:13.684  INFO 1 --- [           main] s.w.s.m.m.a.RequestMappingHandlerMapping : Mapped "{[/api/series/{name}],methods=[DELETE]}" onto public org.springframework.http.ResponseEntity<com.trackorjargh.javaclass.Shows> com.trackorjargh.apirestcontrolers.ApiShowController.deleteShow(java.lang.String)
2019-05-09T10:05:13.685Z : 2019-05-09 10:05:13.685  INFO 1 --- [           main] s.w.s.m.m.a.RequestMappingHandlerMapping : Mapped "{[/api/series/{name}],methods=[PUT]}" onto public org.springframework.http.ResponseEntity<com.trackorjargh.javaclass.Shows> com.trackorjargh.apirestcontrolers.ApiShowController.editShow(java.lang.String,com.trackorjargh.javaclass.Shows)
2019-05-09T10:05:13.686Z : 2019-05-09 10:05:13.685  INFO 1 --- [           main] s.w.s.m.m.a.RequestMappingHandlerMapping : Mapped "{[/api/series],methods=[GET]}" onto public org.springframework.data.domain.Page<com.trackorjargh.javaclass.Shows> com.trackorjargh.apirestcontrolers.ApiShowController.getShows(org.springframework.data.domain.Pageable)
2019-05-09T10:05:13.686Z : 2019-05-09 10:05:13.686  INFO 1 --- [           main] s.w.s.m.m.a.RequestMappingHandlerMapping : Mapped "{[/api/series/administracion],methods=[GET]}" onto public org.springframework.http.ResponseEntity<java.util.List<com.trackorjargh.javaclass.Shows>> com.trackorjargh.apirestcontrolers.ApiShowController.getAllShows(org.springframework.data.domain.Pageable)
2019-05-09T10:05:13.686Z : 2019-05-09 10:05:13.686  INFO 1 --- [           main] s.w.s.m.m.a.RequestMappingHandlerMapping : Mapped "{[/api/series/{name}]}" onto public org.springframework.http.ResponseEntity<com.trackorjargh.javaclass.Shows> com.trackorjargh.apirestcontrolers.ApiShowController.getShow(java.lang.String)
2019-05-09T10:05:13.686Z : 2019-05-09 10:05:13.686  INFO 1 --- [           main] s.w.s.m.m.a.RequestMappingHandlerMapping : Mapped "{[/api/series/relacionadas/{id}],methods=[GET]}" onto public org.springframework.data.domain.Page<com.trackorjargh.javaclass.Shows> com.trackorjargh.apirestcontrolers.ApiShowController.getShowRelated(int,org.springframework.data.domain.Pageable)
2019-05-09T10:05:13.686Z : 2019-05-09 10:05:13.686  INFO 1 --- [           main] s.w.s.m.m.a.RequestMappingHandlerMapping : Mapped "{[/api/series/ultimas/{num}],methods=[GET]}" onto public java.util.List<com.trackorjargh.javaclass.Shows> com.trackorjargh.apirestcontrolers.ApiShowController.getLastShow(int)
2019-05-09T10:05:13.687Z : 2019-05-09 10:05:13.686  INFO 1 --- [           main] s.w.s.m.m.a.RequestMappingHandlerMapping : Mapped "{[/api/series/mejorvaloradas],methods=[GET]}" onto public org.springframework.data.domain.Page<com.trackorjargh.javaclass.Shows> com.trackorjargh.apirestcontrolers.ApiShowController.getBestPointSeries(org.springframework.data.domain.Pageable)
2019-05-09T10:05:13.687Z : 2019-05-09 10:05:13.687  INFO 1 --- [           main] s.w.s.m.m.a.RequestMappingHandlerMapping : Mapped "{[/api/series/grafico],methods=[GET]}" onto public java.util.List<com.trackorjargh.grafics.Grafics> com.trackorjargh.apirestcontrolers.ApiShowController.getBestPointShows()
2019-05-09T10:05:13.687Z : 2019-05-09 10:05:13.687  INFO 1 --- [           main] s.w.s.m.m.a.RequestMappingHandlerMapping : Mapped "{[/api/series],methods=[POST]}" onto public org.springframework.http.ResponseEntity<com.trackorjargh.javaclass.Shows> com.trackorjargh.apirestcontrolers.ApiShowController.addShow(com.trackorjargh.javaclass.Shows)
2019-05-09T10:05:13.687Z : 2019-05-09 10:05:13.687  INFO 1 --- [           main] s.w.s.m.m.a.RequestMappingHandlerMapping : Mapped "{[/api/series/comentarios/{name}],methods=[GET]}" onto public org.springframework.http.ResponseEntity<java.util.List<com.trackorjargh.javaclass.CommentShow>> com.trackorjargh.apirestcontrolers.ApiShowController.getCommentsShow(java.lang.String)
2019-05-09T10:05:13.687Z : 2019-05-09 10:05:13.687  INFO 1 --- [           main] s.w.s.m.m.a.RequestMappingHandlerMapping : Mapped "{[/api/series/comentarios/{name}],methods=[POST]}" onto public org.springframework.http.ResponseEntity<com.trackorjargh.javaclass.CommentShow> com.trackorjargh.apirestcontrolers.ApiShowController.addComentShow(java.lang.String,com.trackorjargh.javaclass.CommentShow)
2019-05-09T10:05:13.688Z : 2019-05-09 10:05:13.688  INFO 1 --- [           main] s.w.s.m.m.a.RequestMappingHandlerMapping : Mapped "{[/api/series/comentarios/{id}],methods=[DELETE]}" onto public org.springframework.http.ResponseEntity<com.trackorjargh.javaclass.CommentShow> com.trackorjargh.apirestcontrolers.ApiShowController.deleteShowComent(java.lang.Long)
2019-05-09T10:05:13.688Z : 2019-05-09 10:05:13.688  INFO 1 --- [           main] s.w.s.m.m.a.RequestMappingHandlerMapping : Mapped "{[/api/series/puntos/{name}],methods=[POST]}" onto public org.springframework.http.ResponseEntity<com.trackorjargh.javaclass.PointShow> com.trackorjargh.apirestcontrolers.ApiShowController.addShowPoint(java.lang.String,com.trackorjargh.javaclass.PointShow)
2019-05-09T10:05:13.688Z : 2019-05-09 10:05:13.688  INFO 1 --- [           main] s.w.s.m.m.a.RequestMappingHandlerMapping : Mapped "{[/api/series/puntos/{name}],methods=[GET]}" onto public org.springframework.http.ResponseEntity<java.util.List<com.trackorjargh.javaclass.PointShow>> com.trackorjargh.apirestcontrolers.ApiShowController.getShowPoint(java.lang.String)
2019-05-09T10:05:13.688Z : 2019-05-09 10:05:13.688  INFO 1 --- [           main] s.w.s.m.m.a.RequestMappingHandlerMapping : Mapped "{[/api/busqueda/{optionSearch}/series/{name}/page],methods=[GET]}" onto public org.springframework.data.domain.Page<com.trackorjargh.javaclass.Shows> com.trackorjargh.apirestcontrolers.ApiShowController.getSearchSeries(org.springframework.data.domain.Pageable,java.lang.String,java.lang.String)
2019-05-09T10:05:13.689Z : 2019-05-09 10:05:13.689  INFO 1 --- [           main] s.w.s.m.m.a.RequestMappingHandlerMapping : Mapped "{[/api/generos],methods=[GET]}" onto public java.util.List<com.trackorjargh.javaclass.Gender> com.trackorjargh.apirestcontrolers.ApiGenderController.getGenders()
2019-05-09T10:05:13.689Z : 2019-05-09 10:05:13.689  INFO 1 --- [           main] s.w.s.m.m.a.RequestMappingHandlerMapping : Mapped "{[/api/generos/grafico],methods=[GET]}" onto public java.util.List<com.trackorjargh.grafics.NumberItemByGende> com.trackorjargh.apirestcontrolers.ApiGenderController.getGraphicGende()
2019-05-09T10:05:13.692Z : 2019-05-09 10:05:13.692  INFO 1 --- [           main] s.w.s.m.m.a.RequestMappingHandlerMapping : Mapped "{[/api/peliculas/{name}],methods=[PUT]}" onto public org.springframework.http.ResponseEntity<com.trackorjargh.javaclass.Film> com.trackorjargh.apirestcontrolers.ApiFilmController.editFilm(java.lang.String,com.trackorjargh.javaclass.Film)
2019-05-09T10:05:13.692Z : 2019-05-09 10:05:13.692  INFO 1 --- [           main] s.w.s.m.m.a.RequestMappingHandlerMapping : Mapped "{[/api/peliculas/{name}],methods=[DELETE]}" onto public org.springframework.http.ResponseEntity<com.trackorjargh.javaclass.Film> com.trackorjargh.apirestcontrolers.ApiFilmController.deleteFilm(java.lang.String)
2019-05-09T10:05:13.692Z : 2019-05-09 10:05:13.692  INFO 1 --- [           main] s.w.s.m.m.a.RequestMappingHandlerMapping : Mapped "{[/api/peliculas],methods=[GET]}" onto public org.springframework.data.domain.Page<com.trackorjargh.javaclass.Film> com.trackorjargh.apirestcontrolers.ApiFilmController.getFilms(org.springframework.data.domain.Pageable)
2019-05-09T10:05:13.693Z : 2019-05-09 10:05:13.692  INFO 1 --- [           main] s.w.s.m.m.a.RequestMappingHandlerMapping : Mapped "{[/api/peliculas/administracion],methods=[GET]}" onto public org.springframework.http.ResponseEntity<java.util.List<com.trackorjargh.javaclass.Film>> com.trackorjargh.apirestcontrolers.ApiFilmController.getAllFilms()
2019-05-09T10:05:13.693Z : 2019-05-09 10:05:13.693  INFO 1 --- [           main] s.w.s.m.m.a.RequestMappingHandlerMapping : Mapped "{[/api/peliculas/{name}],methods=[GET]}" onto public org.springframework.http.ResponseEntity<com.trackorjargh.javaclass.Film> com.trackorjargh.apirestcontrolers.ApiFilmController.getFilm(java.lang.String)
2019-05-09T10:05:13.693Z : 2019-05-09 10:05:13.693  INFO 1 --- [           main] s.w.s.m.m.a.RequestMappingHandlerMapping : Mapped "{[/api/peliculas/ultimas/{num}],methods=[GET]}" onto public java.util.List<com.trackorjargh.javaclass.Film> com.trackorjargh.apirestcontrolers.ApiFilmController.getLastFilm(int)
2019-05-09T10:05:13.693Z : 2019-05-09 10:05:13.693  INFO 1 --- [           main] s.w.s.m.m.a.RequestMappingHandlerMapping : Mapped "{[/api/peliculas/mejorvaloradas],methods=[GET]}" onto public org.springframework.data.domain.Page<com.trackorjargh.javaclass.Film> com.trackorjargh.apirestcontrolers.ApiFilmController.getBestPointPeliculas(org.springframework.data.domain.Pageable)
2019-05-09T10:05:13.694Z : 2019-05-09 10:05:13.693  INFO 1 --- [           main] s.w.s.m.m.a.RequestMappingHandlerMapping : Mapped "{[/api/peliculas/relacionadas/{id}],methods=[GET]}" onto public org.springframework.data.domain.Page<com.trackorjargh.javaclass.Film> com.trackorjargh.apirestcontrolers.ApiFilmController.getFilmRelated(int,org.springframework.data.domain.Pageable)
2019-05-09T10:05:13.694Z : 2019-05-09 10:05:13.694  INFO 1 --- [           main] s.w.s.m.m.a.RequestMappingHandlerMapping : Mapped "{[/api/peliculas/grafico],methods=[GET]}" onto public java.util.List<com.trackorjargh.grafics.Grafics> com.trackorjargh.apirestcontrolers.ApiFilmController.getBestPointFilms()
2019-05-09T10:05:13.694Z : 2019-05-09 10:05:13.694  INFO 1 --- [           main] s.w.s.m.m.a.RequestMappingHandlerMapping : Mapped "{[/api/peliculas],methods=[POST]}" onto public org.springframework.http.ResponseEntity<com.trackorjargh.javaclass.Film> com.trackorjargh.apirestcontrolers.ApiFilmController.addFilm(com.trackorjargh.javaclass.Film)
2019-05-09T10:05:13.694Z : 2019-05-09 10:05:13.694  INFO 1 --- [           main] s.w.s.m.m.a.RequestMappingHandlerMapping : Mapped "{[/api/peliculas/comentarios/{name}],methods=[GET]}" onto public org.springframework.http.ResponseEntity<java.util.List<com.trackorjargh.javaclass.CommentFilm>> com.trackorjargh.apirestcontrolers.ApiFilmController.getCommentsFilm(java.lang.String)
2019-05-09T10:05:13.695Z : 2019-05-09 10:05:13.694  INFO 1 --- [           main] s.w.s.m.m.a.RequestMappingHandlerMapping : Mapped "{[/api/peliculas/comentarios/{name}],methods=[POST]}" onto public org.springframework.http.ResponseEntity<com.trackorjargh.javaclass.CommentFilm> com.trackorjargh.apirestcontrolers.ApiFilmController.addComentFilm(java.lang.String,com.trackorjargh.javaclass.CommentFilm)
2019-05-09T10:05:13.695Z : 2019-05-09 10:05:13.695  INFO 1 --- [           main] s.w.s.m.m.a.RequestMappingHandlerMapping : Mapped "{[/api/peliculas/comentarios/{id}],methods=[DELETE]}" onto public org.springframework.http.ResponseEntity<com.trackorjargh.javaclass.CommentFilm> com.trackorjargh.apirestcontrolers.ApiFilmController.deleteFilmComent(java.lang.Long)
2019-05-09T10:05:13.695Z : 2019-05-09 10:05:13.695  INFO 1 --- [           main] s.w.s.m.m.a.RequestMappingHandlerMapping : Mapped "{[/api/peliculas/puntos/{name}],methods=[GET]}" onto public org.springframework.http.ResponseEntity<java.util.List<com.trackorjargh.javaclass.PointFilm>> com.trackorjargh.apirestcontrolers.ApiFilmController.getFilmPoint(java.lang.String)
2019-05-09T10:05:13.695Z : 2019-05-09 10:05:13.695  INFO 1 --- [           main] s.w.s.m.m.a.RequestMappingHandlerMapping : Mapped "{[/api/peliculas/puntos/{name}],methods=[POST]}" onto public org.springframework.http.ResponseEntity<com.trackorjargh.javaclass.PointFilm> com.trackorjargh.apirestcontrolers.ApiFilmController.addfilmPoint(java.lang.String,com.trackorjargh.javaclass.PointFilm)
2019-05-09T10:05:13.696Z : 2019-05-09 10:05:13.695  INFO 1 --- [           main] s.w.s.m.m.a.RequestMappingHandlerMapping : Mapped "{[/api/busqueda/{optionSearch}/peliculas/{name}/page],methods=[GET]}" onto public org.springframework.data.domain.Page<com.trackorjargh.javaclass.Film> com.trackorjargh.apirestcontrolers.ApiFilmController.getSearchPeliculas(org.springframework.data.domain.Pageable,java.lang.String,java.lang.String)
2019-05-09T10:05:13.697Z : 2019-05-09 10:05:13.697  INFO 1 --- [           main] s.w.s.m.m.a.RequestMappingHandlerMapping : Mapped "{[/api/usuarios],methods=[POST]}" onto public org.springframework.http.ResponseEntity<com.trackorjargh.javaclass.User> com.trackorjargh.apirestcontrolers.ApiUserController.addUser(org.apache.catalina.servlet4preview.http.HttpServletRequest,com.trackorjargh.javaclass.User)
2019-05-09T10:05:13.698Z : 2019-05-09 10:05:13.697  INFO 1 --- [           main] s.w.s.m.m.a.RequestMappingHandlerMapping : Mapped "{[/api/activar/{name}],methods=[GET]}" onto public org.springframework.http.ResponseEntity<com.trackorjargh.javaclass.User> com.trackorjargh.apirestcontrolers.ApiUserController.activatedUser(java.lang.String)
2019-05-09T10:05:13.698Z : 2019-05-09 10:05:13.698  INFO 1 --- [           main] s.w.s.m.m.a.RequestMappingHandlerMapping : Mapped "{[/api/usuarios/{name}],methods=[PUT]}" onto public org.springframework.http.ResponseEntity<com.trackorjargh.javaclass.User> com.trackorjargh.apirestcontrolers.ApiUserController.editUser(java.lang.String,com.trackorjargh.javaclass.User)
2019-05-09T10:05:13.698Z : 2019-05-09 10:05:13.698  INFO 1 --- [           main] s.w.s.m.m.a.RequestMappingHandlerMapping : Mapped "{[/api/usuarios/{name}],methods=[DELETE]}" onto public org.springframework.http.ResponseEntity<com.trackorjargh.javaclass.User> com.trackorjargh.apirestcontrolers.ApiUserController.deleteUser(java.lang.String)
2019-05-09T10:05:13.698Z : 2019-05-09 10:05:13.698  INFO 1 --- [           main] s.w.s.m.m.a.RequestMappingHandlerMapping : Mapped "{[/api/usuarios/{name}],methods=[GET]}" onto public org.springframework.http.ResponseEntity<com.trackorjargh.javaclass.User> com.trackorjargh.apirestcontrolers.ApiUserController.getUser(java.lang.String)
2019-05-09T10:05:13.698Z : 2019-05-09 10:05:13.698  INFO 1 --- [           main] s.w.s.m.m.a.RequestMappingHandlerMapping : Mapped "{[/api/usuarios/administracion],methods=[GET]}" onto public org.springframework.http.ResponseEntity<java.util.List<com.trackorjargh.javaclass.User>> com.trackorjargh.apirestcontrolers.ApiUserController.getUsers()
2019-05-09T10:05:13.699Z : 2019-05-09 10:05:13.698  INFO 1 --- [           main] s.w.s.m.m.a.RequestMappingHandlerMapping : Mapped "{[/api/restablecer/{alphanumericCode}/],methods=[GET]}" onto public org.springframework.http.ResponseEntity<com.trackorjargh.javaclass.ForgotPassword> com.trackorjargh.apirestcontrolers.ApiUserController.forgotPassword(java.lang.String)
2019-05-09T10:05:13.699Z : 2019-05-09 10:05:13.699  INFO 1 --- [           main] s.w.s.m.m.a.RequestMappingHandlerMapping : Mapped "{[/api/restablecer],methods=[PUT]}" onto public org.springframework.http.ResponseEntity<java.lang.Boolean> com.trackorjargh.apirestcontrolers.ApiUserController.forgotPasswordChange(org.apache.catalina.servlet4preview.http.HttpServletRequest,com.trackorjargh.javaclass.User)
2019-05-09T10:05:13.699Z : 2019-05-09 10:05:13.699  INFO 1 --- [           main] s.w.s.m.m.a.RequestMappingHandlerMapping : Mapped "{[/api/restablecer/{alphanumericCode}/],methods=[POST]}" onto public org.springframework.http.ResponseEntity<com.trackorjargh.javaclass.ForgotPassword> com.trackorjargh.apirestcontrolers.ApiUserController.forgotPasswordDelete(java.lang.String,com.trackorjargh.javaclass.User)
2019-05-09T10:05:13.699Z : 2019-05-09 10:05:13.699  INFO 1 --- [           main] s.w.s.m.m.a.RequestMappingHandlerMapping : Mapped "{[/api/comprobarusuario/{name}/],methods=[GET]}" onto public boolean com.trackorjargh.apirestcontrolers.ApiUserController.checkUser(java.lang.String)
2019-05-09T10:05:13.699Z : 2019-05-09 10:05:13.699  INFO 1 --- [           main] s.w.s.m.m.a.RequestMappingHandlerMapping : Mapped "{[/api/comprobaremail/{email}/],methods=[GET]}" onto public boolean com.trackorjargh.apirestcontrolers.ApiUserController.checkEmail(java.lang.String)
2019-05-09T10:05:13.701Z : 2019-05-09 10:05:13.701  INFO 1 --- [           main] s.w.s.m.m.a.RequestMappingHandlerMapping : Mapped "{[/signin/{providerId}],methods=[GET],params=[oauth_token]}" onto public org.springframework.web.servlet.view.RedirectView org.springframework.social.connect.web.ProviderSignInController.oauth1Callback(java.lang.String,org.springframework.web.context.request.NativeWebRequest)
2019-05-09T10:05:13.702Z : 2019-05-09 10:05:13.701  INFO 1 --- [           main] s.w.s.m.m.a.RequestMappingHandlerMapping : Mapped "{[/signin/{providerId}],methods=[GET],params=[code]}" onto public org.springframework.web.servlet.view.RedirectView org.springframework.social.connect.web.ProviderSignInController.oauth2Callback(java.lang.String,java.lang.String,org.springframework.web.context.request.NativeWebRequest)
2019-05-09T10:05:13.702Z : 2019-05-09 10:05:13.702  INFO 1 --- [           main] s.w.s.m.m.a.RequestMappingHandlerMapping : Mapped "{[/signin/{providerId}],methods=[GET],params=[error]}" onto public org.springframework.web.servlet.view.RedirectView org.springframework.social.connect.web.ProviderSignInController.oauth2ErrorCallback(java.lang.String,java.lang.String,java.lang.String,java.lang.String,org.springframework.web.context.request.NativeWebRequest)
2019-05-09T10:05:13.702Z : 2019-05-09 10:05:13.702  INFO 1 --- [           main] s.w.s.m.m.a.RequestMappingHandlerMapping : Mapped "{[/signin/{providerId}],methods=[POST]}" onto public org.springframework.web.servlet.view.RedirectView org.springframework.social.connect.web.ProviderSignInController.signIn(java.lang.String,org.springframework.web.context.request.NativeWebRequest)
2019-05-09T10:05:13.702Z : 2019-05-09 10:05:13.702  INFO 1 --- [           main] s.w.s.m.m.a.RequestMappingHandlerMapping : Mapped "{[/signin/{providerId}],methods=[GET]}" onto public org.springframework.web.servlet.view.RedirectView org.springframework.social.connect.web.ProviderSignInController.canceledAuthorizationCallback()
2019-05-09T10:05:13.704Z : 2019-05-09 10:05:13.704  INFO 1 --- [           main] s.w.s.m.m.a.RequestMappingHandlerMapping : Mapped "{[/error],produces=[text/html]}" onto public org.springframework.web.servlet.ModelAndView org.springframework.boot.autoconfigure.web.BasicErrorController.errorHtml(javax.servlet.http.HttpServletRequest,javax.servlet.http.HttpServletResponse)
2019-05-09T10:05:13.704Z : 2019-05-09 10:05:13.704  INFO 1 --- [           main] s.w.s.m.m.a.RequestMappingHandlerMapping : Mapped "{[/error]}" onto public org.springframework.http.ResponseEntity<java.util.Map<java.lang.String, java.lang.Object>> org.springframework.boot.autoconfigure.web.BasicErrorController.error(javax.servlet.http.HttpServletRequest)
2019-05-09T10:05:13.710Z : 2019-05-09 10:05:13.710  INFO 1 --- [           main] s.w.s.m.m.a.RequestMappingHandlerMapping : Mapped "{[/connect],methods=[GET]}" onto public java.lang.String org.springframework.social.connect.web.ConnectController.connectionStatus(org.springframework.web.context.request.NativeWebRequest,org.springframework.ui.Model)
2019-05-09T10:05:13.710Z : 2019-05-09 10:05:13.710  INFO 1 --- [           main] s.w.s.m.m.a.RequestMappingHandlerMapping : Mapped "{[/connect/{providerId}],methods=[GET]}" onto public java.lang.String org.springframework.social.connect.web.ConnectController.connectionStatus(java.lang.String,org.springframework.web.context.request.NativeWebRequest,org.springframework.ui.Model)
2019-05-09T10:05:13.710Z : 2019-05-09 10:05:13.710  INFO 1 --- [           main] s.w.s.m.m.a.RequestMappingHandlerMapping : Mapped "{[/connect/{providerId}],methods=[GET],params=[oauth_token]}" onto public org.springframework.web.servlet.view.RedirectView org.springframework.social.connect.web.ConnectController.oauth1Callback(java.lang.String,org.springframework.web.context.request.NativeWebRequest)
2019-05-09T10:05:13.711Z : 2019-05-09 10:05:13.711  INFO 1 --- [           main] s.w.s.m.m.a.RequestMappingHandlerMapping : Mapped "{[/connect/{providerId}],methods=[GET],params=[code]}" onto public org.springframework.web.servlet.view.RedirectView org.springframework.social.connect.web.ConnectController.oauth2Callback(java.lang.String,org.springframework.web.context.request.NativeWebRequest)
2019-05-09T10:05:13.711Z : 2019-05-09 10:05:13.711  INFO 1 --- [           main] s.w.s.m.m.a.RequestMappingHandlerMapping : Mapped "{[/connect/{providerId}],methods=[GET],params=[error]}" onto public org.springframework.web.servlet.view.RedirectView org.springframework.social.connect.web.ConnectController.oauth2ErrorCallback(java.lang.String,java.lang.String,java.lang.String,java.lang.String,org.springframework.web.context.request.NativeWebRequest)
2019-05-09T10:05:13.711Z : 2019-05-09 10:05:13.711  INFO 1 --- [           main] s.w.s.m.m.a.RequestMappingHandlerMapping : Mapped "{[/connect/{providerId}],methods=[DELETE]}" onto public org.springframework.web.servlet.view.RedirectView org.springframework.social.connect.web.ConnectController.removeConnections(java.lang.String,org.springframework.web.context.request.NativeWebRequest)
2019-05-09T10:05:13.711Z : 2019-05-09 10:05:13.711  INFO 1 --- [           main] s.w.s.m.m.a.RequestMappingHandlerMapping : Mapped "{[/connect/{providerId}/{providerUserId}],methods=[DELETE]}" onto public org.springframework.web.servlet.view.RedirectView org.springframework.social.connect.web.ConnectController.removeConnection(java.lang.String,java.lang.String,org.springframework.web.context.request.NativeWebRequest)
2019-05-09T10:05:13.711Z : 2019-05-09 10:05:13.711  INFO 1 --- [           main] s.w.s.m.m.a.RequestMappingHandlerMapping : Mapped "{[/connect/{providerId}],methods=[POST]}" onto public org.springframework.web.servlet.view.RedirectView org.springframework.social.connect.web.ConnectController.connect(java.lang.String,org.springframework.web.context.request.NativeWebRequest)
2019-05-09T10:05:13.747Z : 2019-05-09 10:05:13.747  INFO 1 --- [           main] o.s.w.s.handler.SimpleUrlHandlerMapping  : Mapped URL path [/webjars/**] onto handler of type [class org.springframework.web.servlet.resource.ResourceHttpRequestHandler]
2019-05-09T10:05:13.747Z : 2019-05-09 10:05:13.747  INFO 1 --- [           main] o.s.w.s.handler.SimpleUrlHandlerMapping  : Mapped URL path [/**] onto handler of type [class org.springframework.web.servlet.resource.ResourceHttpRequestHandler]
2019-05-09T10:05:13.793Z : 2019-05-09 10:05:13.792  INFO 1 --- [           main] o.s.w.s.handler.SimpleUrlHandlerMapping  : Mapped URL path [/**/favicon.ico] onto handler of type [class org.springframework.web.servlet.resource.ResourceHttpRequestHandler]
2019-05-09T10:05:14.235Z : 2019-05-09 10:05:14.235  INFO 1 --- [           main] o.s.s.web.DefaultSecurityFilterChain     : Creating filter chain: OrRequestMatcher [requestMatchers=[Ant [pattern='/css/**'], Ant [pattern='/js/**'], Ant [pattern='/images/**'], Ant [pattern='/webjars/**'], Ant [pattern='/**/favicon.ico'], Ant [pattern='/error']]], []
2019-05-09T10:05:14.313Z : 2019-05-09 10:05:14.313  INFO 1 --- [           main] o.s.s.web.DefaultSecurityFilterChain     : Creating filter chain: Ant [pattern='/api/**'], [org.springframework.security.web.context.request.async.WebAsyncManagerIntegrationFilter@71b6d77f, org.springframework.security.web.context.SecurityContextPersistenceFilter@615e3f51, org.springframework.security.web.header.HeaderWriterFilter@1317b708, org.springframework.security.web.authentication.logout.LogoutFilter@49fe3142, org.springframework.security.web.authentication.www.BasicAuthenticationFilter@19ee1ae6, org.springframework.security.web.savedrequest.RequestCacheAwareFilter@608bc8f8, org.springframework.security.web.servletapi.SecurityContextHolderAwareRequestFilter@4743a322, org.springframework.security.web.authentication.AnonymousAuthenticationFilter@1866da85, org.springframework.security.web.session.SessionManagementFilter@2e51d054, org.springframework.security.web.access.ExceptionTranslationFilter@5c8e67b9, org.springframework.security.web.access.intercept.FilterSecurityInterceptor@29f85fe1]
2019-05-09T10:05:14.325Z : 2019-05-09 10:05:14.325  INFO 1 --- [           main] o.s.s.web.DefaultSecurityFilterChain     : Creating filter chain: org.springframework.security.web.util.matcher.AnyRequestMatcher@1, [org.springframework.security.web.context.request.async.WebAsyncManagerIntegrationFilter@35f639fa, org.springframework.security.web.context.SecurityContextPersistenceFilter@20576557, org.springframework.security.web.header.HeaderWriterFilter@13275d8, org.springframework.security.web.authentication.logout.LogoutFilter@119c745c, org.springframework.security.web.authentication.UsernamePasswordAuthenticationFilter@6b69761b, org.springframework.security.web.savedrequest.RequestCacheAwareFilter@574cd322, org.springframework.security.web.servletapi.SecurityContextHolderAwareRequestFilter@45c2e0a6, org.springframework.security.web.authentication.AnonymousAuthenticationFilter@5aaaa446, org.springframework.security.web.session.SessionManagementFilter@15b82644, org.springframework.security.web.access.ExceptionTranslationFilter@1d5d5621, org.springframework.security.web.access.intercept.FilterSecurityInterceptor@13741d5a]
2019-05-09T10:05:14.328Z : 2019-05-09 10:05:14.328  INFO 1 --- [           main] o.s.s.web.DefaultSecurityFilterChain     : Creating filter chain: Ant [pattern='/h2-console/**'], [org.springframework.security.web.context.request.async.WebAsyncManagerIntegrationFilter@750ff7d3, org.springframework.security.web.context.SecurityContextPersistenceFilter@684b31de, org.springframework.security.web.header.HeaderWriterFilter@6a937336, org.springframework.security.web.authentication.logout.LogoutFilter@e042c99, org.springframework.security.web.authentication.www.BasicAuthenticationFilter@3f702946, org.springframework.security.web.savedrequest.RequestCacheAwareFilter@6b52dd31, org.springframework.security.web.servletapi.SecurityContextHolderAwareRequestFilter@1a2909ae, org.springframework.security.web.authentication.AnonymousAuthenticationFilter@63b3ee82, org.springframework.security.web.session.SessionManagementFilter@278667fd, org.springframework.security.web.access.ExceptionTranslationFilter@1702830d, org.springframework.security.web.access.intercept.FilterSecurityInterceptor@14b7786]
2019-05-09T10:05:14.333Z : 2019-05-09 10:05:14.333  INFO 1 --- [           main] o.s.s.web.DefaultSecurityFilterChain     : Creating filter chain: OrRequestMatcher [requestMatchers=[Ant [pattern='/**']]], [org.springframework.security.web.context.request.async.WebAsyncManagerIntegrationFilter@1c9e07c6, org.springframework.security.web.context.SecurityContextPersistenceFilter@7cea0110, org.springframework.security.web.header.HeaderWriterFilter@14b0e127, org.springframework.security.web.authentication.logout.LogoutFilter@54cf7c6a, org.springframework.security.web.authentication.www.BasicAuthenticationFilter@78010562, org.springframework.security.web.savedrequest.RequestCacheAwareFilter@468dda3e, org.springframework.security.web.servletapi.SecurityContextHolderAwareRequestFilter@5527b211, org.springframework.security.web.authentication.AnonymousAuthenticationFilter@73010765, org.springframework.security.web.session.SessionManagementFilter@10823d72, org.springframework.security.web.access.ExceptionTranslationFilter@1894593a, org.springframework.security.web.access.intercept.FilterSecurityInterceptor@67f3d192]
2019-05-09T10:05:14.503Z : 2019-05-09 10:05:14.502  INFO 1 --- [           main] o.s.j.e.a.AnnotationMBeanExporter        : Registering beans for JMX exposure on startup
2019-05-09T10:05:14.558Z : 2019-05-09 10:05:14.557  INFO 1 --- [           main] s.b.c.e.t.TomcatEmbeddedServletContainer : Tomcat started on port(s): 8000 (http)
2019-05-09T10:05:14.563Z : 2019-05-09 10:05:14.563  INFO 1 --- [           main] com.trackorjargh.Application             : Started Application in 8.525 seconds (JVM running for 9.053)
2019-05-09T10:07:27.350Z : 2019-05-09 10:07:27.350  INFO 1 --- [nio-8000-exec-2] o.a.c.c.C.[Tomcat].[localhost].[/]       : Initializing Spring FrameworkServlet 'dispatcherServlet'
2019-05-09T10:07:27.350Z : 2019-05-09 10:07:27.350  INFO 1 --- [nio-8000-exec-2] o.s.web.servlet.DispatcherServlet        : FrameworkServlet 'dispatcherServlet': initialization started
2019-05-09T10:07:27.368Z : 2019-05-09 10:07:27.368  INFO 1 --- [nio-8000-exec-2] o.s.web.servlet.DispatcherServlet        : FrameworkServlet 'dispatcherServlet': initialization completed in 18 ms
2019-05-09T10:07:28.286Z : 2019-05-09 10:07:28.286  INFO 1 --- [nio-8000-exec-6] c.t.a.ApiGenderController                : Genres JSON: 
2019-05-09T10:07:28.286Z :  [{"name":"Aventuras","numItems":43},{"name":"Terror","numItems":11},{"name":"Romantica","numItems":17},{"name":"Comedia","numItems":11},{"name":"Thriller","numItems":16},{"name":"Accion","numItems":23},{"name":"Animacion","numItems":11},{"name":"Superheroes","numItems":13},{"name":"Drama","numItems":8},{"name":"Ciencia-ficcion","numItems":12},{"name":"Historica","numItems":17},{"name":"Musical","numItems":6},{"name":"Fantasia","numItems":12}]
2019-05-09T10:07:30.079Z : 2019-05-09 10:07:30.079  INFO 1 --- [nio-8000-exec-1] c.t.a.ApiGenderController                : Genres JSON: 
2019-05-09T10:07:30.079Z :  [{"name":"Aventuras","numItems":43},{"name":"Terror","numItems":11},{"name":"Romantica","numItems":17},{"name":"Comedia","numItems":11},{"name":"Thriller","numItems":16},{"name":"Accion","numItems":23},{"name":"Animacion","numItems":11},{"name":"Superheroes","numItems":13},{"name":"Drama","numItems":8},{"name":"Ciencia-ficcion","numItems":12},{"name":"Historica","numItems":17},{"name":"Musical","numItems":6},{"name":"Fantasia","numItems":12}]