2019-05-09T10:14:23.772Z : 
2019-05-09T10:14:23.772Z :   .   ____          _            __ _ _
2019-05-09T10:14:23.772Z :  /\\ / ___'_ __ _ _(_)_ __  __ _ \ \ \ \
2019-05-09T10:14:23.772Z : ( ( )\___ | '_ | '_| | '_ \/ _` | \ \ \ \
2019-05-09T10:14:23.772Z :  \\/  ___)| |_)| | | | | || (_| |  ) ) ) )
2019-05-09T10:14:23.773Z :   '  |____| .__|_| |_|_| |_\__, | / / / /
2019-05-09T10:14:23.773Z :  =========|_|==============|___/=/_/_/_/
2019-05-09T10:14:23.775Z :  :: Spring Boot ::       (v1.5.10.RELEASE)
2019-05-09T10:14:23.775Z : 
2019-05-09T10:14:23.868Z : 2019-05-09 10:14:23.865  INFO 1 --- [           main] com.trackorjargh.Application             : Starting Application v0.0.1-SNAPSHOT on aa8cfc668dd1 with PID 1 (/usr/src/webapp-1.java started by root in /usr/src)
2019-05-09T10:14:23.869Z : 2019-05-09 10:14:23.868  INFO 1 --- [           main] com.trackorjargh.Application             : No active profile set, falling back to default profiles: default
2019-05-09T10:14:23.922Z : 2019-05-09 10:14:23.921  INFO 1 --- [           main] ationConfigEmbeddedWebApplicationContext : Refreshing org.springframework.boot.context.embedded.AnnotationConfigEmbeddedWebApplicationContext@5a2e4553: startup date [Thu May 09 10:14:23 UTC 2019]; root of context hierarchy
2019-05-09T10:14:25.450Z : 2019-05-09 10:14:25.450  INFO 1 --- [           main] f.a.AutowiredAnnotationBeanPostProcessor : JSR-330 'javax.inject.Inject' annotation found and supported for autowiring
2019-05-09T10:14:25.591Z : 2019-05-09 10:14:25.591  INFO 1 --- [           main] trationDelegate$BeanPostProcessorChecker : Bean 'org.springframework.transaction.annotation.ProxyTransactionManagementConfiguration' of type [org.springframework.transaction.annotation.ProxyTransactionManagementConfiguration$$EnhancerBySpringCGLIB$$9818cd64] is not eligible for getting processed by all BeanPostProcessors (for example: not eligible for auto-proxying)
2019-05-09T10:14:25.642Z : 2019-05-09 10:14:25.642  INFO 1 --- [           main] trationDelegate$BeanPostProcessorChecker : Bean 'org.springframework.security.config.annotation.configuration.ObjectPostProcessorConfiguration' of type [org.springframework.security.config.annotation.configuration.ObjectPostProcessorConfiguration$$EnhancerBySpringCGLIB$$30c6959e] is not eligible for getting processed by all BeanPostProcessors (for example: not eligible for auto-proxying)
2019-05-09T10:14:25.651Z : 2019-05-09 10:14:25.651  INFO 1 --- [           main] trationDelegate$BeanPostProcessorChecker : Bean 'objectPostProcessor' of type [org.springframework.security.config.annotation.configuration.AutowireBeanFactoryObjectPostProcessor] is not eligible for getting processed by all BeanPostProcessors (for example: not eligible for auto-proxying)
2019-05-09T10:14:25.653Z : 2019-05-09 10:14:25.653  INFO 1 --- [           main] trationDelegate$BeanPostProcessorChecker : Bean 'org.springframework.security.access.expression.method.DefaultMethodSecurityExpressionHandler@3d51f06e' of type [org.springframework.security.access.expression.method.DefaultMethodSecurityExpressionHandler] is not eligible for getting processed by all BeanPostProcessors (for example: not eligible for auto-proxying)
2019-05-09T10:14:25.662Z : 2019-05-09 10:14:25.662  INFO 1 --- [           main] trationDelegate$BeanPostProcessorChecker : Bean 'org.springframework.security.config.annotation.method.configuration.GlobalMethodSecurityConfiguration' of type [org.springframework.security.config.annotation.method.configuration.GlobalMethodSecurityConfiguration$$EnhancerBySpringCGLIB$$559b3850] is not eligible for getting processed by all BeanPostProcessors (for example: not eligible for auto-proxying)
2019-05-09T10:14:25.676Z : 2019-05-09 10:14:25.675  INFO 1 --- [           main] trationDelegate$BeanPostProcessorChecker : Bean 'methodSecurityMetadataSource' of type [org.springframework.security.access.method.DelegatingMethodSecurityMetadataSource] is not eligible for getting processed by all BeanPostProcessors (for example: not eligible for auto-proxying)
2019-05-09T10:14:26.084Z : 2019-05-09 10:14:26.084  INFO 1 --- [           main] s.b.c.e.t.TomcatEmbeddedServletContainer : Tomcat initialized with port(s): 8000 (http)
2019-05-09T10:14:26.103Z : 2019-05-09 10:14:26.102  INFO 1 --- [           main] o.apache.catalina.core.StandardService   : Starting service [Tomcat]
2019-05-09T10:14:26.105Z : 2019-05-09 10:14:26.104  INFO 1 --- [           main] org.apache.catalina.core.StandardEngine  : Starting Servlet Engine: Apache Tomcat/8.5.27
2019-05-09T10:14:26.234Z : 2019-05-09 10:14:26.234  INFO 1 --- [ost-startStop-1] o.a.c.c.C.[Tomcat].[localhost].[/]       : Initializing Spring embedded WebApplicationContext
2019-05-09T10:14:26.234Z : 2019-05-09 10:14:26.234  INFO 1 --- [ost-startStop-1] o.s.web.context.ContextLoader            : Root WebApplicationContext: initialization completed in 2315 ms
2019-05-09T10:14:26.468Z : 2019-05-09 10:14:26.467  INFO 1 --- [ost-startStop-1] o.s.b.w.servlet.FilterRegistrationBean   : Mapping filter: 'characterEncodingFilter' to: [/*]
2019-05-09T10:14:26.469Z : 2019-05-09 10:14:26.468  INFO 1 --- [ost-startStop-1] o.s.b.w.servlet.FilterRegistrationBean   : Mapping filter: 'hiddenHttpMethodFilter' to: [/*]
2019-05-09T10:14:26.469Z : 2019-05-09 10:14:26.468  INFO 1 --- [ost-startStop-1] o.s.b.w.servlet.FilterRegistrationBean   : Mapping filter: 'httpPutFormContentFilter' to: [/*]
2019-05-09T10:14:26.469Z : 2019-05-09 10:14:26.469  INFO 1 --- [ost-startStop-1] o.s.b.w.servlet.FilterRegistrationBean   : Mapping filter: 'requestContextFilter' to: [/*]
2019-05-09T10:14:26.471Z : 2019-05-09 10:14:26.470  INFO 1 --- [ost-startStop-1] .s.DelegatingFilterProxyRegistrationBean : Mapping filter: 'springSecurityFilterChain' to: [/*]
2019-05-09T10:14:26.471Z : 2019-05-09 10:14:26.471  INFO 1 --- [ost-startStop-1] o.s.b.w.servlet.ServletRegistrationBean  : Mapping servlet: 'dispatcherServlet' to [/]
2019-05-09T10:14:26.473Z : 2019-05-09 10:14:26.473  INFO 1 --- [ost-startStop-1] o.s.b.w.servlet.ServletRegistrationBean  : Mapping servlet: 'webServlet' to [/h2-console/*]
2019-05-09T10:14:27.203Z : 2019-05-09 10:14:27.202  INFO 1 --- [           main] j.LocalContainerEntityManagerFactoryBean : Building JPA container EntityManagerFactory for persistence unit 'default'
2019-05-09T10:14:27.227Z : 2019-05-09 10:14:27.225  INFO 1 --- [           main] o.hibernate.jpa.internal.util.LogHelper  : HHH000204: Processing PersistenceUnitInfo [
2019-05-09T10:14:27.227Z : 	name: default
2019-05-09T10:14:27.227Z : 	...]
2019-05-09T10:14:27.312Z : 2019-05-09 10:14:27.311  INFO 1 --- [           main] org.hibernate.Version                    : HHH000412: Hibernate Core {5.0.12.Final}
2019-05-09T10:14:27.314Z : 2019-05-09 10:14:27.313  INFO 1 --- [           main] org.hibernate.cfg.Environment            : HHH000206: hibernate.properties not found
2019-05-09T10:14:27.316Z : 2019-05-09 10:14:27.316  INFO 1 --- [           main] org.hibernate.cfg.Environment            : HHH000021: Bytecode provider name : javassist
2019-05-09T10:14:27.508Z : 2019-05-09 10:14:27.507  INFO 1 --- [           main] o.hibernate.annotations.common.Version   : HCANN000001: Hibernate Commons Annotations {5.0.1.Final}
2019-05-09T10:14:27.842Z : 2019-05-09 10:14:27.841  INFO 1 --- [           main] org.hibernate.dialect.Dialect            : HHH000400: Using dialect: org.hibernate.dialect.H2Dialect
2019-05-09T10:14:28.555Z : 2019-05-09 10:14:28.555  INFO 1 --- [           main] org.hibernate.tool.hbm2ddl.SchemaExport  : HHH000227: Running hbm2ddl schema export
2019-05-09T10:14:29.071Z : 2019-05-09 10:14:29.071  INFO 1 --- [           main] org.hibernate.tool.hbm2ddl.SchemaExport  : HHH000230: Schema export complete
2019-05-09T10:14:29.163Z : 2019-05-09 10:14:29.163  INFO 1 --- [           main] j.LocalContainerEntityManagerFactoryBean : Initialized JPA EntityManagerFactory for persistence unit 'default'
2019-05-09T10:14:29.965Z : 2019-05-09 10:14:29.965  INFO 1 --- [           main] o.h.h.i.QueryTranslatorFactoryInitiator  : HHH000397: Using ASTQueryTranslatorFactory
2019-05-09T10:14:30.114Z : 2019-05-09 10:14:30.113  INFO 1 --- [           main] c.t.database.DatabaseInformationLoader   : Loading data in BBDD
2019-05-09T10:14:31.608Z : 2019-05-09 10:14:31.607  INFO 1 --- [           main] s.w.s.m.m.a.RequestMappingHandlerAdapter : Looking for @ControllerAdvice: org.springframework.boot.context.embedded.AnnotationConfigEmbeddedWebApplicationContext@5a2e4553: startup date [Thu May 09 10:14:23 UTC 2019]; root of context hierarchy
2019-05-09T10:14:31.692Z : 2019-05-09 10:14:31.691  INFO 1 --- [           main] s.w.s.m.m.a.RequestMappingHandlerMapping : Mapped "{[/new || /new/**/{[path:[^\\.]*}]}" onto public java.lang.String com.trackorjargh.PageAngular.getFortyPersona()
2019-05-09T10:14:31.694Z : 2019-05-09 10:14:31.693  INFO 1 --- [           main] s.w.s.m.m.a.RequestMappingHandlerMapping : Mapped "{[/pelicula/borrarcomentario/{id}/{name}]}" onto public java.lang.String com.trackorjargh.javacontrollers.FilmController.deleteCommentFilm(org.springframework.ui.Model,int,java.lang.String)
2019-05-09T10:14:31.694Z : 2019-05-09 10:14:31.693  INFO 1 --- [           main] s.w.s.m.m.a.RequestMappingHandlerMapping : Mapped "{[/peliculas || /peliculas/mejorvaloradas]}" onto public java.lang.String com.trackorjargh.javacontrollers.FilmController.serveFilmList(org.springframework.ui.Model,javax.servlet.http.HttpServletRequest)
2019-05-09T10:14:31.694Z : 2019-05-09 10:14:31.694  INFO 1 --- [           main] s.w.s.m.m.a.RequestMappingHandlerMapping : Mapped "{[/pelicula/{name}]}" onto public java.lang.String com.trackorjargh.javacontrollers.FilmController.serveFilmProfile(org.springframework.ui.Model,java.lang.String,java.util.Optional<java.lang.String>,java.util.Optional<java.lang.String>)
2019-05-09T10:14:31.694Z : 2019-05-09 10:14:31.694  INFO 1 --- [           main] s.w.s.m.m.a.RequestMappingHandlerMapping : Mapped "{[/busqueda/{optionSearch}/pelicula/{name}]}" onto public java.lang.String com.trackorjargh.javacontrollers.FilmController.searchFilms(org.springframework.ui.Model,java.lang.String,java.lang.String)
2019-05-09T10:14:31.695Z : 2019-05-09 10:14:31.694  INFO 1 --- [           main] s.w.s.m.m.a.RequestMappingHandlerMapping : Mapped "{[/nuevaPelicula]}" onto public java.lang.String com.trackorjargh.javacontrollers.FilmController.newFilm(java.util.Optional<org.springframework.web.multipart.MultipartFile>,java.lang.String,java.lang.String,java.lang.String,java.util.Optional<java.lang.String[]>,java.lang.String,java.lang.String,java.lang.String)
2019-05-09T10:14:31.696Z : 2019-05-09 10:14:31.695  INFO 1 --- [           main] s.w.s.m.m.a.RequestMappingHandlerMapping : Mapped "{[/libro/borrarcomentario/{id}/{name}]}" onto public java.lang.String com.trackorjargh.javacontrollers.BookController.deleteCommentBook(org.springframework.ui.Model,int,java.lang.String)
2019-05-09T10:14:31.696Z : 2019-05-09 10:14:31.696  INFO 1 --- [           main] s.w.s.m.m.a.RequestMappingHandlerMapping : Mapped "{[/libros || /libros/mejorvalorados]}" onto public java.lang.String com.trackorjargh.javacontrollers.BookController.serveBookList(org.springframework.ui.Model,javax.servlet.http.HttpServletRequest)
2019-05-09T10:14:31.696Z : 2019-05-09 10:14:31.696  INFO 1 --- [           main] s.w.s.m.m.a.RequestMappingHandlerMapping : Mapped "{[/libro/{name}]}" onto public java.lang.String com.trackorjargh.javacontrollers.BookController.serveProfile(org.springframework.ui.Model,java.lang.String,java.util.Optional<java.lang.String>,java.util.Optional<java.lang.String>)
2019-05-09T10:14:31.696Z : 2019-05-09 10:14:31.696  INFO 1 --- [           main] s.w.s.m.m.a.RequestMappingHandlerMapping : Mapped "{[/busqueda/{optionSearch}/libro/{name}]}" onto public java.lang.String com.trackorjargh.javacontrollers.BookController.searchBooks(org.springframework.ui.Model,java.lang.String,java.lang.String)
2019-05-09T10:14:31.697Z : 2019-05-09 10:14:31.697  INFO 1 --- [           main] s.w.s.m.m.a.RequestMappingHandlerMapping : Mapped "{[/crearpdflistas]}" onto public void com.trackorjargh.javacontrollers.PdfController.handleFileDownloadPDF(javax.servlet.http.HttpServletResponse) throws java.io.FileNotFoundException,java.io.IOException
2019-05-09T10:14:31.698Z : 2019-05-09 10:14:31.697  INFO 1 --- [           main] s.w.s.m.m.a.RequestMappingHandlerMapping : Mapped "{[/]}" onto public java.lang.String com.trackorjargh.javacontrollers.PageController.serveIndex(org.springframework.ui.Model)
2019-05-09T10:14:31.698Z : 2019-05-09 10:14:31.697  INFO 1 --- [           main] s.w.s.m.m.a.RequestMappingHandlerMapping : Mapped "{[/login]}" onto public java.lang.String com.trackorjargh.javacontrollers.PageController.serveLogin(org.springframework.ui.Model)
2019-05-09T10:14:31.698Z : 2019-05-09 10:14:31.698  INFO 1 --- [           main] s.w.s.m.m.a.RequestMappingHandlerMapping : Mapped "{[/error/{message}/{name}]}" onto public java.lang.String com.trackorjargh.javacontrollers.PageController.serveLoginError(org.springframework.ui.Model,java.lang.String,java.lang.String)
2019-05-09T10:14:31.700Z : 2019-05-09 10:14:31.700  INFO 1 --- [           main] s.w.s.m.m.a.RequestMappingHandlerMapping : Mapped "{[/serie/borrarcomentario/{id}/{name}]}" onto public java.lang.String com.trackorjargh.javacontrollers.ShowController.deleteCommentShow(org.springframework.ui.Model,int,java.lang.String)
2019-05-09T10:14:31.702Z : 2019-05-09 10:14:31.700  INFO 1 --- [           main] s.w.s.m.m.a.RequestMappingHandlerMapping : Mapped "{[/series || /series/mejorvaloradas]}" onto public java.lang.String com.trackorjargh.javacontrollers.ShowController.serveShowList(org.springframework.ui.Model,javax.servlet.http.HttpServletRequest)
2019-05-09T10:14:31.702Z : 2019-05-09 10:14:31.701  INFO 1 --- [           main] s.w.s.m.m.a.RequestMappingHandlerMapping : Mapped "{[/serie/{name}]}" onto public java.lang.String com.trackorjargh.javacontrollers.ShowController.serveShowProfile(org.springframework.ui.Model,java.lang.String,java.util.Optional<java.lang.String>,java.util.Optional<java.lang.String>)
2019-05-09T10:14:31.702Z : 2019-05-09 10:14:31.701  INFO 1 --- [           main] s.w.s.m.m.a.RequestMappingHandlerMapping : Mapped "{[/busqueda/{optionSearch}/serie/{name}]}" onto public java.lang.String com.trackorjargh.javacontrollers.ShowController.searchShows(org.springframework.ui.Model,java.lang.String,java.lang.String)
2019-05-09T10:14:31.702Z : 2019-05-09 10:14:31.702  INFO 1 --- [           main] s.w.s.m.m.a.RequestMappingHandlerMapping : Mapped "{[/activarusuario/{name}]}" onto public java.lang.String com.trackorjargh.javacontrollers.UserController.activatedUser(org.springframework.ui.Model,java.lang.String)
2019-05-09T10:14:31.702Z : 2019-05-09 10:14:31.702  INFO 1 --- [           main] s.w.s.m.m.a.RequestMappingHandlerMapping : Mapped "{[/miperfil]}" onto public java.lang.String com.trackorjargh.javacontrollers.UserController.serveUserProfile(org.springframework.ui.Model,java.util.Optional<java.lang.String>,java.util.Optional<java.lang.String>,java.util.Optional<java.lang.Boolean>,java.util.Optional<org.springframework.web.multipart.MultipartFile>)
2019-05-09T10:14:31.702Z : 2019-05-09 10:14:31.702  INFO 1 --- [           main] s.w.s.m.m.a.RequestMappingHandlerMapping : Mapped "{[/listaNueva]}" onto public java.lang.String com.trackorjargh.javacontrollers.UserController.modProfile(org.springframework.ui.Model,java.lang.String)
2019-05-09T10:14:31.703Z : 2019-05-09 10:14:31.702  INFO 1 --- [           main] s.w.s.m.m.a.RequestMappingHandlerMapping : Mapped "{[/registrar]}" onto public java.lang.String com.trackorjargh.javacontrollers.UserController.serveRegistrer(org.springframework.ui.Model,org.springframework.web.servlet.mvc.support.RedirectAttributes,javax.servlet.http.HttpServletRequest,java.lang.String,java.lang.String,java.lang.String)
2019-05-09T10:14:31.703Z : 2019-05-09 10:14:31.703  INFO 1 --- [           main] s.w.s.m.m.a.RequestMappingHandlerMapping : Mapped "{[/cambiarcontra/{alphanumericCode}]}" onto public java.lang.String com.trackorjargh.javacontrollers.UserController.changePass(org.springframework.ui.Model,javax.servlet.http.HttpServletRequest,java.lang.String,java.util.Optional<java.lang.String>)
2019-05-09T10:14:31.703Z : 2019-05-09 10:14:31.703  INFO 1 --- [           main] s.w.s.m.m.a.RequestMappingHandlerMapping : Mapped "{[/olvidocontra]}" onto public java.lang.String com.trackorjargh.javacontrollers.UserController.forgetPass(org.springframework.ui.Model,javax.servlet.http.HttpServletRequest,java.util.Optional<java.lang.String>)
2019-05-09T10:14:31.703Z : 2019-05-09 10:14:31.703  INFO 1 --- [           main] s.w.s.m.m.a.RequestMappingHandlerMapping : Mapped "{[/imagen/{fileName:.+}]}" onto public void com.trackorjargh.javacontrollers.ImagesControler.handleFileDownload(java.lang.String,javax.servlet.http.HttpServletResponse) throws java.io.FileNotFoundException,java.io.IOException
2019-05-09T10:14:31.704Z : 2019-05-09 10:14:31.704  INFO 1 --- [           main] s.w.s.m.m.a.RequestMappingHandlerMapping : Mapped "{[/busqueda]}" onto public java.lang.String com.trackorjargh.javacontrollers.SearchController.search(org.springframework.ui.Model)
2019-05-09T10:14:31.705Z : 2019-05-09 10:14:31.705  INFO 1 --- [           main] s.w.s.m.m.a.RequestMappingHandlerMapping : Mapped "{[/subirContenido]}" onto public java.lang.String com.trackorjargh.javacontrollers.AdminContoller.newContent(org.springframework.ui.Model)
2019-05-09T10:14:31.705Z : 2019-05-09 10:14:31.705  INFO 1 --- [           main] s.w.s.m.m.a.RequestMappingHandlerMapping : Mapped "{[/seleccionarPelicula]}" onto public org.springframework.web.servlet.ModelAndView com.trackorjargh.javacontrollers.AdminContoller.filmSelection(org.springframework.web.servlet.mvc.support.RedirectAttributes,java.lang.String)
2019-05-09T10:14:31.705Z : 2019-05-09 10:14:31.705  INFO 1 --- [           main] s.w.s.m.m.a.RequestMappingHandlerMapping : Mapped "{[/seleccionarSerie]}" onto public org.springframework.web.servlet.ModelAndView com.trackorjargh.javacontrollers.AdminContoller.showSelection(org.springframework.web.servlet.mvc.support.RedirectAttributes,java.lang.String)
2019-05-09T10:14:31.706Z : 2019-05-09 10:14:31.705  INFO 1 --- [           main] s.w.s.m.m.a.RequestMappingHandlerMapping : Mapped "{[/administracion]}" onto public java.lang.String com.trackorjargh.javacontrollers.AdminContoller.serveAdmin(org.springframework.ui.Model)
2019-05-09T10:14:31.706Z : 2019-05-09 10:14:31.706  INFO 1 --- [           main] s.w.s.m.m.a.RequestMappingHandlerMapping : Mapped "{[/seleccionarLibro]}" onto public org.springframework.web.servlet.ModelAndView com.trackorjargh.javacontrollers.AdminContoller.bookSelection(org.springframework.web.servlet.mvc.support.RedirectAttributes,java.lang.String)
2019-05-09T10:14:31.706Z : 2019-05-09 10:14:31.706  INFO 1 --- [           main] s.w.s.m.m.a.RequestMappingHandlerMapping : Mapped "{[/seleccionarUsuario]}" onto public org.springframework.web.servlet.ModelAndView com.trackorjargh.javacontrollers.AdminContoller.userSelection(org.springframework.web.servlet.mvc.support.RedirectAttributes,java.lang.String)
2019-05-09T10:14:31.706Z : 2019-05-09 10:14:31.706  INFO 1 --- [           main] s.w.s.m.m.a.RequestMappingHandlerMapping : Mapped "{[/editarContenido/{type}/{name}]}" onto public org.springframework.web.servlet.ModelAndView com.trackorjargh.javacontrollers.AdminContoller.editContent(org.springframework.web.servlet.mvc.support.RedirectAttributes,java.lang.String,java.lang.String)
2019-05-09T10:14:31.706Z : 2019-05-09 10:14:31.706  INFO 1 --- [           main] s.w.s.m.m.a.RequestMappingHandlerMapping : Mapped "{[/adminUsuario]}" onto public java.lang.String com.trackorjargh.javacontrollers.AdminContoller.adminUser(org.springframework.ui.Model,java.lang.String,java.lang.String,java.util.Optional<java.lang.Boolean>,java.lang.String)
2019-05-09T10:14:31.707Z : 2019-05-09 10:14:31.707  INFO 1 --- [           main] s.w.s.m.m.a.RequestMappingHandlerMapping : Mapped "{[/adminPelicula]}" onto public java.lang.String com.trackorjargh.javacontrollers.AdminContoller.adminFilm(org.springframework.ui.Model,java.lang.String,java.lang.String,java.util.Optional<java.lang.Boolean>,java.lang.String,java.lang.String,org.springframework.web.multipart.MultipartFile,java.util.Optional<java.lang.String[]>,java.util.Optional<java.lang.String[]>,java.lang.String,java.lang.String,java.lang.String)
2019-05-09T10:14:31.707Z : 2019-05-09 10:14:31.707  INFO 1 --- [           main] s.w.s.m.m.a.RequestMappingHandlerMapping : Mapped "{[/adminSerie]}" onto public java.lang.String com.trackorjargh.javacontrollers.AdminContoller.adminShow(org.springframework.ui.Model,java.lang.String,java.lang.String,java.util.Optional<java.lang.Boolean>,java.lang.String,java.lang.String,org.springframework.web.multipart.MultipartFile,java.util.Optional<java.lang.String[]>,java.util.Optional<java.lang.String[]>,java.lang.String,java.lang.String,java.lang.String)
2019-05-09T10:14:31.707Z : 2019-05-09 10:14:31.707  INFO 1 --- [           main] s.w.s.m.m.a.RequestMappingHandlerMapping : Mapped "{[/adminLibro]}" onto public java.lang.String com.trackorjargh.javacontrollers.AdminContoller.adminBook(org.springframework.ui.Model,java.lang.String,java.lang.String,java.util.Optional<java.lang.Boolean>,java.lang.String,org.springframework.web.multipart.MultipartFile,java.util.Optional<java.lang.String[]>,java.util.Optional<java.lang.String[]>,java.lang.String,java.lang.String)
2019-05-09T10:14:31.708Z : 2019-05-09 10:14:31.707  INFO 1 --- [           main] s.w.s.m.m.a.RequestMappingHandlerMapping : Mapped "{[/nuevaSerie]}" onto public java.lang.String com.trackorjargh.javacontrollers.AdminContoller.newShow(java.util.Optional<org.springframework.web.multipart.MultipartFile>,java.lang.String,java.lang.String,java.lang.String,java.util.Optional<java.lang.String[]>,java.lang.String,java.lang.String,java.lang.String)
2019-05-09T10:14:31.708Z : 2019-05-09 10:14:31.708  INFO 1 --- [           main] s.w.s.m.m.a.RequestMappingHandlerMapping : Mapped "{[/nuevoLibro]}" onto public java.lang.String com.trackorjargh.javacontrollers.AdminContoller.newBook(java.util.Optional<org.springframework.web.multipart.MultipartFile>,java.lang.String,java.lang.String,java.util.Optional<java.lang.String[]>,java.lang.String,java.lang.String)
2019-05-09T10:14:31.709Z : 2019-05-09 10:14:31.708  INFO 1 --- [           main] s.w.s.m.m.a.RequestMappingHandlerMapping : Mapped "{[/api/login]}" onto public org.springframework.http.ResponseEntity<com.trackorjargh.javaclass.User> com.trackorjargh.security.LoginControllerApi.logIn()
2019-05-09T10:14:31.709Z : 2019-05-09 10:14:31.709  INFO 1 --- [           main] s.w.s.m.m.a.RequestMappingHandlerMapping : Mapped "{[/api/logout]}" onto public org.springframework.http.ResponseEntity<java.lang.Boolean> com.trackorjargh.security.LoginControllerApi.logOut(javax.servlet.http.HttpSession)
2019-05-09T10:14:31.714Z : 2019-05-09 10:14:31.714  INFO 1 --- [           main] s.w.s.m.m.a.RequestMappingHandlerMapping : Mapped "{[/api/subirimagen],methods=[POST],consumes=[multipart/mixed || multipart/form-data]}" onto public java.lang.String com.trackorjargh.apirestcontrolers.ApiImagesController.putUpload(org.springframework.web.multipart.MultipartFile)
2019-05-09T10:14:31.717Z : 2019-05-09 10:14:31.716  INFO 1 --- [           main] s.w.s.m.m.a.RequestMappingHandlerMapping : Mapped "{[/api/listas],methods=[POST]}" onto public org.springframework.http.ResponseEntity<com.trackorjargh.javaclass.Lists> com.trackorjargh.apirestcontrolers.ApiListsController.addEmptyListInUser(com.trackorjargh.javaclass.Lists)
2019-05-09T10:14:31.717Z : 2019-05-09 10:14:31.717  INFO 1 --- [           main] s.w.s.m.m.a.RequestMappingHandlerMapping : Mapped "{[/api/listas],methods=[GET]}" onto public org.springframework.http.ResponseEntity<java.util.List<com.trackorjargh.javaclass.Lists>> com.trackorjargh.apirestcontrolers.ApiListsController.getListsUser()
2019-05-09T10:14:31.717Z : 2019-05-09 10:14:31.717  INFO 1 --- [           main] s.w.s.m.m.a.RequestMappingHandlerMapping : Mapped "{[/api/listas/contenido],methods=[GET]}" onto public org.springframework.http.ResponseEntity<java.util.List<com.trackorjargh.javaclass.PreparateListsShow>> com.trackorjargh.apirestcontrolers.ApiListsController.getContentListsUser()
2019-05-09T10:14:31.718Z : 2019-05-09 10:14:31.718  INFO 1 --- [           main] s.w.s.m.m.a.RequestMappingHandlerMapping : Mapped "{[/api/listas],methods=[PUT]}" onto public org.springframework.http.ResponseEntity<java.lang.Boolean> com.trackorjargh.apirestcontrolers.ApiListsController.addedListInUser(com.trackorjargh.javaclass.Lists)
2019-05-09T10:14:31.718Z : 2019-05-09 10:14:31.718  INFO 1 --- [           main] s.w.s.m.m.a.RequestMappingHandlerMapping : Mapped "{[/api/listas/{nameList}],methods=[DELETE]}" onto public org.springframework.http.ResponseEntity<java.lang.Boolean> com.trackorjargh.apirestcontrolers.ApiListsController.deletedListInUser(java.lang.String)
2019-05-09T10:14:31.718Z : 2019-05-09 10:14:31.718  INFO 1 --- [           main] s.w.s.m.m.a.RequestMappingHandlerMapping : Mapped "{[/api/listas/{nameList}/{typeContent}/{nameContent}],methods=[DELETE]}" onto public org.springframework.http.ResponseEntity<java.lang.Boolean> com.trackorjargh.apirestcontrolers.ApiListsController.deletedContentInList(java.lang.String,java.lang.String,java.lang.String)
2019-05-09T10:14:31.723Z : 2019-05-09 10:14:31.723  INFO 1 --- [           main] s.w.s.m.m.a.RequestMappingHandlerMapping : Mapped "{[/api/libros/{name}],methods=[PUT]}" onto public org.springframework.http.ResponseEntity<com.trackorjargh.javaclass.Book> com.trackorjargh.apirestcontrolers.ApiBookController.editBook(java.lang.String,com.trackorjargh.javaclass.Book)
2019-05-09T10:14:31.723Z : 2019-05-09 10:14:31.723  INFO 1 --- [           main] s.w.s.m.m.a.RequestMappingHandlerMapping : Mapped "{[/api/libros/{name}],methods=[DELETE]}" onto public org.springframework.http.ResponseEntity<com.trackorjargh.javaclass.Book> com.trackorjargh.apirestcontrolers.ApiBookController.deleteBook(java.lang.String)
2019-05-09T10:14:31.723Z : 2019-05-09 10:14:31.723  INFO 1 --- [           main] s.w.s.m.m.a.RequestMappingHandlerMapping : Mapped "{[/api/libros],methods=[GET]}" onto public org.springframework.data.domain.Page<com.trackorjargh.javaclass.Book> com.trackorjargh.apirestcontrolers.ApiBookController.getBooks(org.springframework.data.domain.Pageable)
2019-05-09T10:14:31.724Z : 2019-05-09 10:14:31.724  INFO 1 --- [           main] s.w.s.m.m.a.RequestMappingHandlerMapping : Mapped "{[/api/libros/administracion],methods=[GET]}" onto public org.springframework.http.ResponseEntity<java.util.List<com.trackorjargh.javaclass.Book>> com.trackorjargh.apirestcontrolers.ApiBookController.getAllBooks()
2019-05-09T10:14:31.724Z : 2019-05-09 10:14:31.724  INFO 1 --- [           main] s.w.s.m.m.a.RequestMappingHandlerMapping : Mapped "{[/api/libros/{name}],methods=[GET]}" onto public org.springframework.http.ResponseEntity<com.trackorjargh.javaclass.Book> com.trackorjargh.apirestcontrolers.ApiBookController.getBook(java.lang.String)
2019-05-09T10:14:31.724Z : 2019-05-09 10:14:31.724  INFO 1 --- [           main] s.w.s.m.m.a.RequestMappingHandlerMapping : Mapped "{[/api/libros/relacionadas/{id}],methods=[GET]}" onto public org.springframework.data.domain.Page<com.trackorjargh.javaclass.Book> com.trackorjargh.apirestcontrolers.ApiBookController.getBookRelated(int,org.springframework.data.domain.Pageable)
2019-05-09T10:14:31.724Z : 2019-05-09 10:14:31.724  INFO 1 --- [           main] s.w.s.m.m.a.RequestMappingHandlerMapping : Mapped "{[/api/libros/ultimas/{num}],methods=[GET]}" onto public java.util.List<com.trackorjargh.javaclass.Book> com.trackorjargh.apirestcontrolers.ApiBookController.getLastBook(int)
2019-05-09T10:14:31.724Z : 2019-05-09 10:14:31.724  INFO 1 --- [           main] s.w.s.m.m.a.RequestMappingHandlerMapping : Mapped "{[/api/libros/mejorvalorados],methods=[GET]}" onto public org.springframework.data.domain.Page<com.trackorjargh.javaclass.Book> com.trackorjargh.apirestcontrolers.ApiBookController.getBestPointLibros(org.springframework.data.domain.Pageable)
2019-05-09T10:14:31.725Z : 2019-05-09 10:14:31.725  INFO 1 --- [           main] s.w.s.m.m.a.RequestMappingHandlerMapping : Mapped "{[/api/libros/grafico],methods=[GET]}" onto public java.util.List<com.trackorjargh.grafics.Grafics> com.trackorjargh.apirestcontrolers.ApiBookController.getBestPointBooks()
2019-05-09T10:14:31.725Z : 2019-05-09 10:14:31.725  INFO 1 --- [           main] s.w.s.m.m.a.RequestMappingHandlerMapping : Mapped "{[/api/libros],methods=[POST]}" onto public org.springframework.http.ResponseEntity<com.trackorjargh.javaclass.Book> com.trackorjargh.apirestcontrolers.ApiBookController.addBook(com.trackorjargh.javaclass.Book)
2019-05-09T10:14:31.725Z : 2019-05-09 10:14:31.725  INFO 1 --- [           main] s.w.s.m.m.a.RequestMappingHandlerMapping : Mapped "{[/api/libros/comentarios/{name}],methods=[GET]}" onto public org.springframework.http.ResponseEntity<java.util.List<com.trackorjargh.javaclass.CommentBook>> com.trackorjargh.apirestcontrolers.ApiBookController.getCommentsBook(java.lang.String)
2019-05-09T10:14:31.725Z : 2019-05-09 10:14:31.725  INFO 1 --- [           main] s.w.s.m.m.a.RequestMappingHandlerMapping : Mapped "{[/api/libros/comentarios/{name}],methods=[POST]}" onto public org.springframework.http.ResponseEntity<com.trackorjargh.javaclass.CommentBook> com.trackorjargh.apirestcontrolers.ApiBookController.addComentBook(java.lang.String,com.trackorjargh.javaclass.CommentBook)
2019-05-09T10:14:31.726Z : 2019-05-09 10:14:31.726  INFO 1 --- [           main] s.w.s.m.m.a.RequestMappingHandlerMapping : Mapped "{[/api/libros/comentarios/{id}],methods=[DELETE]}" onto public org.springframework.http.ResponseEntity<com.trackorjargh.javaclass.CommentBook> com.trackorjargh.apirestcontrolers.ApiBookController.deleteBookComent(java.lang.Long)
2019-05-09T10:14:31.726Z : 2019-05-09 10:14:31.726  INFO 1 --- [           main] s.w.s.m.m.a.RequestMappingHandlerMapping : Mapped "{[/api/libros/puntos/{name}],methods=[POST]}" onto public org.springframework.http.ResponseEntity<com.trackorjargh.javaclass.PointBook> com.trackorjargh.apirestcontrolers.ApiBookController.addBookPoint(java.lang.String,com.trackorjargh.javaclass.PointBook)
2019-05-09T10:14:31.726Z : 2019-05-09 10:14:31.726  INFO 1 --- [           main] s.w.s.m.m.a.RequestMappingHandlerMapping : Mapped "{[/api/libros/puntos/{name}],methods=[GET]}" onto public org.springframework.http.ResponseEntity<java.util.List<com.trackorjargh.javaclass.PointBook>> com.trackorjargh.apirestcontrolers.ApiBookController.getBookPoint(java.lang.String)
2019-05-09T10:14:31.726Z : 2019-05-09 10:14:31.726  INFO 1 --- [           main] s.w.s.m.m.a.RequestMappingHandlerMapping : Mapped "{[/api/busqueda/{optionSearch}/libros/{name}/page],methods=[GET]}" onto public org.springframework.data.domain.Page<com.trackorjargh.javaclass.Book> com.trackorjargh.apirestcontrolers.ApiBookController.getSearchLibros(org.springframework.data.domain.Pageable,java.lang.String,java.lang.String)
2019-05-09T10:14:31.730Z : 2019-05-09 10:14:31.729  INFO 1 --- [           main] s.w.s.m.m.a.RequestMappingHandlerMapping : Mapped "{[/api/series/{name}],methods=[DELETE]}" onto public org.springframework.http.ResponseEntity<com.trackorjargh.javaclass.Shows> com.trackorjargh.apirestcontrolers.ApiShowController.deleteShow(java.lang.String)
2019-05-09T10:14:31.731Z : 2019-05-09 10:14:31.731  INFO 1 --- [           main] s.w.s.m.m.a.RequestMappingHandlerMapping : Mapped "{[/api/series/{name}],methods=[PUT]}" onto public org.springframework.http.ResponseEntity<com.trackorjargh.javaclass.Shows> com.trackorjargh.apirestcontrolers.ApiShowController.editShow(java.lang.String,com.trackorjargh.javaclass.Shows)
2019-05-09T10:14:31.731Z : 2019-05-09 10:14:31.731  INFO 1 --- [           main] s.w.s.m.m.a.RequestMappingHandlerMapping : Mapped "{[/api/series],methods=[GET]}" onto public org.springframework.data.domain.Page<com.trackorjargh.javaclass.Shows> com.trackorjargh.apirestcontrolers.ApiShowController.getShows(org.springframework.data.domain.Pageable)
2019-05-09T10:14:31.731Z : 2019-05-09 10:14:31.731  INFO 1 --- [           main] s.w.s.m.m.a.RequestMappingHandlerMapping : Mapped "{[/api/series/administracion],methods=[GET]}" onto public org.springframework.http.ResponseEntity<java.util.List<com.trackorjargh.javaclass.Shows>> com.trackorjargh.apirestcontrolers.ApiShowController.getAllShows(org.springframework.data.domain.Pageable)
2019-05-09T10:14:31.732Z : 2019-05-09 10:14:31.731  INFO 1 --- [           main] s.w.s.m.m.a.RequestMappingHandlerMapping : Mapped "{[/api/series/{name}]}" onto public org.springframework.http.ResponseEntity<com.trackorjargh.javaclass.Shows> com.trackorjargh.apirestcontrolers.ApiShowController.getShow(java.lang.String)
2019-05-09T10:14:31.732Z : 2019-05-09 10:14:31.732  INFO 1 --- [           main] s.w.s.m.m.a.RequestMappingHandlerMapping : Mapped "{[/api/series/relacionadas/{id}],methods=[GET]}" onto public org.springframework.data.domain.Page<com.trackorjargh.javaclass.Shows> com.trackorjargh.apirestcontrolers.ApiShowController.getShowRelated(int,org.springframework.data.domain.Pageable)
2019-05-09T10:14:31.732Z : 2019-05-09 10:14:31.732  INFO 1 --- [           main] s.w.s.m.m.a.RequestMappingHandlerMapping : Mapped "{[/api/series/ultimas/{num}],methods=[GET]}" onto public java.util.List<com.trackorjargh.javaclass.Shows> com.trackorjargh.apirestcontrolers.ApiShowController.getLastShow(int)
2019-05-09T10:14:31.732Z : 2019-05-09 10:14:31.732  INFO 1 --- [           main] s.w.s.m.m.a.RequestMappingHandlerMapping : Mapped "{[/api/series/mejorvaloradas],methods=[GET]}" onto public org.springframework.data.domain.Page<com.trackorjargh.javaclass.Shows> com.trackorjargh.apirestcontrolers.ApiShowController.getBestPointSeries(org.springframework.data.domain.Pageable)
2019-05-09T10:14:31.732Z : 2019-05-09 10:14:31.732  INFO 1 --- [           main] s.w.s.m.m.a.RequestMappingHandlerMapping : Mapped "{[/api/series/grafico],methods=[GET]}" onto public java.util.List<com.trackorjargh.grafics.Grafics> com.trackorjargh.apirestcontrolers.ApiShowController.getBestPointShows()
2019-05-09T10:14:31.733Z : 2019-05-09 10:14:31.732  INFO 1 --- [           main] s.w.s.m.m.a.RequestMappingHandlerMapping : Mapped "{[/api/series],methods=[POST]}" onto public org.springframework.http.ResponseEntity<com.trackorjargh.javaclass.Shows> com.trackorjargh.apirestcontrolers.ApiShowController.addShow(com.trackorjargh.javaclass.Shows)
2019-05-09T10:14:31.733Z : 2019-05-09 10:14:31.733  INFO 1 --- [           main] s.w.s.m.m.a.RequestMappingHandlerMapping : Mapped "{[/api/series/comentarios/{name}],methods=[GET]}" onto public org.springframework.http.ResponseEntity<java.util.List<com.trackorjargh.javaclass.CommentShow>> com.trackorjargh.apirestcontrolers.ApiShowController.getCommentsShow(java.lang.String)
2019-05-09T10:14:31.733Z : 2019-05-09 10:14:31.733  INFO 1 --- [           main] s.w.s.m.m.a.RequestMappingHandlerMapping : Mapped "{[/api/series/comentarios/{name}],methods=[POST]}" onto public org.springframework.http.ResponseEntity<com.trackorjargh.javaclass.CommentShow> com.trackorjargh.apirestcontrolers.ApiShowController.addComentShow(java.lang.String,com.trackorjargh.javaclass.CommentShow)
2019-05-09T10:14:31.733Z : 2019-05-09 10:14:31.733  INFO 1 --- [           main] s.w.s.m.m.a.RequestMappingHandlerMapping : Mapped "{[/api/series/comentarios/{id}],methods=[DELETE]}" onto public org.springframework.http.ResponseEntity<com.trackorjargh.javaclass.CommentShow> com.trackorjargh.apirestcontrolers.ApiShowController.deleteShowComent(java.lang.Long)
2019-05-09T10:14:31.734Z : 2019-05-09 10:14:31.733  INFO 1 --- [           main] s.w.s.m.m.a.RequestMappingHandlerMapping : Mapped "{[/api/series/puntos/{name}],methods=[POST]}" onto public org.springframework.http.ResponseEntity<com.trackorjargh.javaclass.PointShow> com.trackorjargh.apirestcontrolers.ApiShowController.addShowPoint(java.lang.String,com.trackorjargh.javaclass.PointShow)
2019-05-09T10:14:31.734Z : 2019-05-09 10:14:31.734  INFO 1 --- [           main] s.w.s.m.m.a.RequestMappingHandlerMapping : Mapped "{[/api/series/puntos/{name}],methods=[GET]}" onto public org.springframework.http.ResponseEntity<java.util.List<com.trackorjargh.javaclass.PointShow>> com.trackorjargh.apirestcontrolers.ApiShowController.getShowPoint(java.lang.String)
2019-05-09T10:14:31.734Z : 2019-05-09 10:14:31.734  INFO 1 --- [           main] s.w.s.m.m.a.RequestMappingHandlerMapping : Mapped "{[/api/busqueda/{optionSearch}/series/{name}/page],methods=[GET]}" onto public org.springframework.data.domain.Page<com.trackorjargh.javaclass.Shows> com.trackorjargh.apirestcontrolers.ApiShowController.getSearchSeries(org.springframework.data.domain.Pageable,java.lang.String,java.lang.String)
2019-05-09T10:14:31.735Z : 2019-05-09 10:14:31.735  INFO 1 --- [           main] s.w.s.m.m.a.RequestMappingHandlerMapping : Mapped "{[/api/generos],methods=[GET]}" onto public java.util.List<com.trackorjargh.javaclass.Gender> com.trackorjargh.apirestcontrolers.ApiGenderController.getGenders()
2019-05-09T10:14:31.735Z : 2019-05-09 10:14:31.735  INFO 1 --- [           main] s.w.s.m.m.a.RequestMappingHandlerMapping : Mapped "{[/api/generos/grafico],methods=[GET]}" onto public java.util.List<com.trackorjargh.grafics.Grafics> com.trackorjargh.apirestcontrolers.ApiGenderController.getGraphicGende()
2019-05-09T10:14:31.738Z : 2019-05-09 10:14:31.738  INFO 1 --- [           main] s.w.s.m.m.a.RequestMappingHandlerMapping : Mapped "{[/api/peliculas/{name}],methods=[PUT]}" onto public org.springframework.http.ResponseEntity<com.trackorjargh.javaclass.Film> com.trackorjargh.apirestcontrolers.ApiFilmController.editFilm(java.lang.String,com.trackorjargh.javaclass.Film)
2019-05-09T10:14:31.738Z : 2019-05-09 10:14:31.738  INFO 1 --- [           main] s.w.s.m.m.a.RequestMappingHandlerMapping : Mapped "{[/api/peliculas/{name}],methods=[DELETE]}" onto public org.springframework.http.ResponseEntity<com.trackorjargh.javaclass.Film> com.trackorjargh.apirestcontrolers.ApiFilmController.deleteFilm(java.lang.String)
2019-05-09T10:14:31.739Z : 2019-05-09 10:14:31.739  INFO 1 --- [           main] s.w.s.m.m.a.RequestMappingHandlerMapping : Mapped "{[/api/peliculas],methods=[GET]}" onto public org.springframework.data.domain.Page<com.trackorjargh.javaclass.Film> com.trackorjargh.apirestcontrolers.ApiFilmController.getFilms(org.springframework.data.domain.Pageable)
2019-05-09T10:14:31.739Z : 2019-05-09 10:14:31.739  INFO 1 --- [           main] s.w.s.m.m.a.RequestMappingHandlerMapping : Mapped "{[/api/peliculas/administracion],methods=[GET]}" onto public org.springframework.http.ResponseEntity<java.util.List<com.trackorjargh.javaclass.Film>> com.trackorjargh.apirestcontrolers.ApiFilmController.getAllFilms()
2019-05-09T10:14:31.739Z : 2019-05-09 10:14:31.739  INFO 1 --- [           main] s.w.s.m.m.a.RequestMappingHandlerMapping : Mapped "{[/api/peliculas/{name}],methods=[GET]}" onto public org.springframework.http.ResponseEntity<com.trackorjargh.javaclass.Film> com.trackorjargh.apirestcontrolers.ApiFilmController.getFilm(java.lang.String)
2019-05-09T10:14:31.739Z : 2019-05-09 10:14:31.739  INFO 1 --- [           main] s.w.s.m.m.a.RequestMappingHandlerMapping : Mapped "{[/api/peliculas/ultimas/{num}],methods=[GET]}" onto public java.util.List<com.trackorjargh.javaclass.Film> com.trackorjargh.apirestcontrolers.ApiFilmController.getLastFilm(int)
2019-05-09T10:14:31.739Z : 2019-05-09 10:14:31.739  INFO 1 --- [           main] s.w.s.m.m.a.RequestMappingHandlerMapping : Mapped "{[/api/peliculas/mejorvaloradas],methods=[GET]}" onto public org.springframework.data.domain.Page<com.trackorjargh.javaclass.Film> com.trackorjargh.apirestcontrolers.ApiFilmController.getBestPointPeliculas(org.springframework.data.domain.Pageable)
2019-05-09T10:14:31.740Z : 2019-05-09 10:14:31.739  INFO 1 --- [           main] s.w.s.m.m.a.RequestMappingHandlerMapping : Mapped "{[/api/peliculas/relacionadas/{id}],methods=[GET]}" onto public org.springframework.data.domain.Page<com.trackorjargh.javaclass.Film> com.trackorjargh.apirestcontrolers.ApiFilmController.getFilmRelated(int,org.springframework.data.domain.Pageable)
2019-05-09T10:14:31.740Z : 2019-05-09 10:14:31.740  INFO 1 --- [           main] s.w.s.m.m.a.RequestMappingHandlerMapping : Mapped "{[/api/peliculas/grafico],methods=[GET]}" onto public java.util.List<com.trackorjargh.grafics.Grafics> com.trackorjargh.apirestcontrolers.ApiFilmController.getBestPointFilms()
2019-05-09T10:14:31.740Z : 2019-05-09 10:14:31.740  INFO 1 --- [           main] s.w.s.m.m.a.RequestMappingHandlerMapping : Mapped "{[/api/peliculas],methods=[POST]}" onto public org.springframework.http.ResponseEntity<com.trackorjargh.javaclass.Film> com.trackorjargh.apirestcontrolers.ApiFilmController.addFilm(com.trackorjargh.javaclass.Film)
2019-05-09T10:14:31.740Z : 2019-05-09 10:14:31.740  INFO 1 --- [           main] s.w.s.m.m.a.RequestMappingHandlerMapping : Mapped "{[/api/peliculas/comentarios/{name}],methods=[GET]}" onto public org.springframework.http.ResponseEntity<java.util.List<com.trackorjargh.javaclass.CommentFilm>> com.trackorjargh.apirestcontrolers.ApiFilmController.getCommentsFilm(java.lang.String)
2019-05-09T10:14:31.740Z : 2019-05-09 10:14:31.740  INFO 1 --- [           main] s.w.s.m.m.a.RequestMappingHandlerMapping : Mapped "{[/api/peliculas/comentarios/{name}],methods=[POST]}" onto public org.springframework.http.ResponseEntity<com.trackorjargh.javaclass.CommentFilm> com.trackorjargh.apirestcontrolers.ApiFilmController.addComentFilm(java.lang.String,com.trackorjargh.javaclass.CommentFilm)
2019-05-09T10:14:31.741Z : 2019-05-09 10:14:31.740  INFO 1 --- [           main] s.w.s.m.m.a.RequestMappingHandlerMapping : Mapped "{[/api/peliculas/comentarios/{id}],methods=[DELETE]}" onto public org.springframework.http.ResponseEntity<com.trackorjargh.javaclass.CommentFilm> com.trackorjargh.apirestcontrolers.ApiFilmController.deleteFilmComent(java.lang.Long)
2019-05-09T10:14:31.741Z : 2019-05-09 10:14:31.741  INFO 1 --- [           main] s.w.s.m.m.a.RequestMappingHandlerMapping : Mapped "{[/api/peliculas/puntos/{name}],methods=[GET]}" onto public org.springframework.http.ResponseEntity<java.util.List<com.trackorjargh.javaclass.PointFilm>> com.trackorjargh.apirestcontrolers.ApiFilmController.getFilmPoint(java.lang.String)
2019-05-09T10:14:31.741Z : 2019-05-09 10:14:31.741  INFO 1 --- [           main] s.w.s.m.m.a.RequestMappingHandlerMapping : Mapped "{[/api/peliculas/puntos/{name}],methods=[POST]}" onto public org.springframework.http.ResponseEntity<com.trackorjargh.javaclass.PointFilm> com.trackorjargh.apirestcontrolers.ApiFilmController.addfilmPoint(java.lang.String,com.trackorjargh.javaclass.PointFilm)
2019-05-09T10:14:31.741Z : 2019-05-09 10:14:31.741  INFO 1 --- [           main] s.w.s.m.m.a.RequestMappingHandlerMapping : Mapped "{[/api/busqueda/{optionSearch}/peliculas/{name}/page],methods=[GET]}" onto public org.springframework.data.domain.Page<com.trackorjargh.javaclass.Film> com.trackorjargh.apirestcontrolers.ApiFilmController.getSearchPeliculas(org.springframework.data.domain.Pageable,java.lang.String,java.lang.String)
2019-05-09T10:14:31.743Z : 2019-05-09 10:14:31.743  INFO 1 --- [           main] s.w.s.m.m.a.RequestMappingHandlerMapping : Mapped "{[/api/usuarios],methods=[POST]}" onto public org.springframework.http.ResponseEntity<com.trackorjargh.javaclass.User> com.trackorjargh.apirestcontrolers.ApiUserController.addUser(org.apache.catalina.servlet4preview.http.HttpServletRequest,com.trackorjargh.javaclass.User)
2019-05-09T10:14:31.743Z : 2019-05-09 10:14:31.743  INFO 1 --- [           main] s.w.s.m.m.a.RequestMappingHandlerMapping : Mapped "{[/api/activar/{name}],methods=[GET]}" onto public org.springframework.http.ResponseEntity<com.trackorjargh.javaclass.User> com.trackorjargh.apirestcontrolers.ApiUserController.activatedUser(java.lang.String)
2019-05-09T10:14:31.744Z : 2019-05-09 10:14:31.744  INFO 1 --- [           main] s.w.s.m.m.a.RequestMappingHandlerMapping : Mapped "{[/api/usuarios/{name}],methods=[PUT]}" onto public org.springframework.http.ResponseEntity<com.trackorjargh.javaclass.User> com.trackorjargh.apirestcontrolers.ApiUserController.editUser(java.lang.String,com.trackorjargh.javaclass.User)
2019-05-09T10:14:31.744Z : 2019-05-09 10:14:31.744  INFO 1 --- [           main] s.w.s.m.m.a.RequestMappingHandlerMapping : Mapped "{[/api/usuarios/{name}],methods=[DELETE]}" onto public org.springframework.http.ResponseEntity<com.trackorjargh.javaclass.User> com.trackorjargh.apirestcontrolers.ApiUserController.deleteUser(java.lang.String)
2019-05-09T10:14:31.744Z : 2019-05-09 10:14:31.744  INFO 1 --- [           main] s.w.s.m.m.a.RequestMappingHandlerMapping : Mapped "{[/api/usuarios/{name}],methods=[GET]}" onto public org.springframework.http.ResponseEntity<com.trackorjargh.javaclass.User> com.trackorjargh.apirestcontrolers.ApiUserController.getUser(java.lang.String)
2019-05-09T10:14:31.744Z : 2019-05-09 10:14:31.744  INFO 1 --- [           main] s.w.s.m.m.a.RequestMappingHandlerMapping : Mapped "{[/api/usuarios/administracion],methods=[GET]}" onto public org.springframework.http.ResponseEntity<java.util.List<com.trackorjargh.javaclass.User>> com.trackorjargh.apirestcontrolers.ApiUserController.getUsers()
2019-05-09T10:14:31.744Z : 2019-05-09 10:14:31.744  INFO 1 --- [           main] s.w.s.m.m.a.RequestMappingHandlerMapping : Mapped "{[/api/restablecer/{alphanumericCode}/],methods=[GET]}" onto public org.springframework.http.ResponseEntity<com.trackorjargh.javaclass.ForgotPassword> com.trackorjargh.apirestcontrolers.ApiUserController.forgotPassword(java.lang.String)
2019-05-09T10:14:31.744Z : 2019-05-09 10:14:31.744  INFO 1 --- [           main] s.w.s.m.m.a.RequestMappingHandlerMapping : Mapped "{[/api/restablecer],methods=[PUT]}" onto public org.springframework.http.ResponseEntity<java.lang.Boolean> com.trackorjargh.apirestcontrolers.ApiUserController.forgotPasswordChange(org.apache.catalina.servlet4preview.http.HttpServletRequest,com.trackorjargh.javaclass.User)
2019-05-09T10:14:31.745Z : 2019-05-09 10:14:31.744  INFO 1 --- [           main] s.w.s.m.m.a.RequestMappingHandlerMapping : Mapped "{[/api/restablecer/{alphanumericCode}/],methods=[POST]}" onto public org.springframework.http.ResponseEntity<com.trackorjargh.javaclass.ForgotPassword> com.trackorjargh.apirestcontrolers.ApiUserController.forgotPasswordDelete(java.lang.String,com.trackorjargh.javaclass.User)
2019-05-09T10:14:31.745Z : 2019-05-09 10:14:31.745  INFO 1 --- [           main] s.w.s.m.m.a.RequestMappingHandlerMapping : Mapped "{[/api/comprobarusuario/{name}/],methods=[GET]}" onto public boolean com.trackorjargh.apirestcontrolers.ApiUserController.checkUser(java.lang.String)
2019-05-09T10:14:31.745Z : 2019-05-09 10:14:31.745  INFO 1 --- [           main] s.w.s.m.m.a.RequestMappingHandlerMapping : Mapped "{[/api/comprobaremail/{email}/],methods=[GET]}" onto public boolean com.trackorjargh.apirestcontrolers.ApiUserController.checkEmail(java.lang.String)
2019-05-09T10:14:31.747Z : 2019-05-09 10:14:31.747  INFO 1 --- [           main] s.w.s.m.m.a.RequestMappingHandlerMapping : Mapped "{[/signin/{providerId}],methods=[GET],params=[oauth_token]}" onto public org.springframework.web.servlet.view.RedirectView org.springframework.social.connect.web.ProviderSignInController.oauth1Callback(java.lang.String,org.springframework.web.context.request.NativeWebRequest)
2019-05-09T10:14:31.747Z : 2019-05-09 10:14:31.747  INFO 1 --- [           main] s.w.s.m.m.a.RequestMappingHandlerMapping : Mapped "{[/signin/{providerId}],methods=[GET],params=[code]}" onto public org.springframework.web.servlet.view.RedirectView org.springframework.social.connect.web.ProviderSignInController.oauth2Callback(java.lang.String,java.lang.String,org.springframework.web.context.request.NativeWebRequest)
2019-05-09T10:14:31.747Z : 2019-05-09 10:14:31.747  INFO 1 --- [           main] s.w.s.m.m.a.RequestMappingHandlerMapping : Mapped "{[/signin/{providerId}],methods=[GET],params=[error]}" onto public org.springframework.web.servlet.view.RedirectView org.springframework.social.connect.web.ProviderSignInController.oauth2ErrorCallback(java.lang.String,java.lang.String,java.lang.String,java.lang.String,org.springframework.web.context.request.NativeWebRequest)
2019-05-09T10:14:31.747Z : 2019-05-09 10:14:31.747  INFO 1 --- [           main] s.w.s.m.m.a.RequestMappingHandlerMapping : Mapped "{[/signin/{providerId}],methods=[GET]}" onto public org.springframework.web.servlet.view.RedirectView org.springframework.social.connect.web.ProviderSignInController.canceledAuthorizationCallback()
2019-05-09T10:14:31.747Z : 2019-05-09 10:14:31.747  INFO 1 --- [           main] s.w.s.m.m.a.RequestMappingHandlerMapping : Mapped "{[/signin/{providerId}],methods=[POST]}" onto public org.springframework.web.servlet.view.RedirectView org.springframework.social.connect.web.ProviderSignInController.signIn(java.lang.String,org.springframework.web.context.request.NativeWebRequest)
2019-05-09T10:14:31.749Z : 2019-05-09 10:14:31.749  INFO 1 --- [           main] s.w.s.m.m.a.RequestMappingHandlerMapping : Mapped "{[/error],produces=[text/html]}" onto public org.springframework.web.servlet.ModelAndView org.springframework.boot.autoconfigure.web.BasicErrorController.errorHtml(javax.servlet.http.HttpServletRequest,javax.servlet.http.HttpServletResponse)
2019-05-09T10:14:31.749Z : 2019-05-09 10:14:31.749  INFO 1 --- [           main] s.w.s.m.m.a.RequestMappingHandlerMapping : Mapped "{[/error]}" onto public org.springframework.http.ResponseEntity<java.util.Map<java.lang.String, java.lang.Object>> org.springframework.boot.autoconfigure.web.BasicErrorController.error(javax.servlet.http.HttpServletRequest)
2019-05-09T10:14:31.754Z : 2019-05-09 10:14:31.754  INFO 1 --- [           main] s.w.s.m.m.a.RequestMappingHandlerMapping : Mapped "{[/connect/{providerId}],methods=[GET]}" onto public java.lang.String org.springframework.social.connect.web.ConnectController.connectionStatus(java.lang.String,org.springframework.web.context.request.NativeWebRequest,org.springframework.ui.Model)
2019-05-09T10:14:31.754Z : 2019-05-09 10:14:31.754  INFO 1 --- [           main] s.w.s.m.m.a.RequestMappingHandlerMapping : Mapped "{[/connect],methods=[GET]}" onto public java.lang.String org.springframework.social.connect.web.ConnectController.connectionStatus(org.springframework.web.context.request.NativeWebRequest,org.springframework.ui.Model)
2019-05-09T10:14:31.755Z : 2019-05-09 10:14:31.755  INFO 1 --- [           main] s.w.s.m.m.a.RequestMappingHandlerMapping : Mapped "{[/connect/{providerId}],methods=[GET],params=[oauth_token]}" onto public org.springframework.web.servlet.view.RedirectView org.springframework.social.connect.web.ConnectController.oauth1Callback(java.lang.String,org.springframework.web.context.request.NativeWebRequest)
2019-05-09T10:14:31.755Z : 2019-05-09 10:14:31.755  INFO 1 --- [           main] s.w.s.m.m.a.RequestMappingHandlerMapping : Mapped "{[/connect/{providerId}],methods=[GET],params=[code]}" onto public org.springframework.web.servlet.view.RedirectView org.springframework.social.connect.web.ConnectController.oauth2Callback(java.lang.String,org.springframework.web.context.request.NativeWebRequest)
2019-05-09T10:14:31.755Z : 2019-05-09 10:14:31.755  INFO 1 --- [           main] s.w.s.m.m.a.RequestMappingHandlerMapping : Mapped "{[/connect/{providerId}],methods=[GET],params=[error]}" onto public org.springframework.web.servlet.view.RedirectView org.springframework.social.connect.web.ConnectController.oauth2ErrorCallback(java.lang.String,java.lang.String,java.lang.String,java.lang.String,org.springframework.web.context.request.NativeWebRequest)
2019-05-09T10:14:31.755Z : 2019-05-09 10:14:31.755  INFO 1 --- [           main] s.w.s.m.m.a.RequestMappingHandlerMapping : Mapped "{[/connect/{providerId}],methods=[DELETE]}" onto public org.springframework.web.servlet.view.RedirectView org.springframework.social.connect.web.ConnectController.removeConnections(java.lang.String,org.springframework.web.context.request.NativeWebRequest)
2019-05-09T10:14:31.755Z : 2019-05-09 10:14:31.755  INFO 1 --- [           main] s.w.s.m.m.a.RequestMappingHandlerMapping : Mapped "{[/connect/{providerId}/{providerUserId}],methods=[DELETE]}" onto public org.springframework.web.servlet.view.RedirectView org.springframework.social.connect.web.ConnectController.removeConnection(java.lang.String,java.lang.String,org.springframework.web.context.request.NativeWebRequest)
2019-05-09T10:14:31.755Z : 2019-05-09 10:14:31.755  INFO 1 --- [           main] s.w.s.m.m.a.RequestMappingHandlerMapping : Mapped "{[/connect/{providerId}],methods=[POST]}" onto public org.springframework.web.servlet.view.RedirectView org.springframework.social.connect.web.ConnectController.connect(java.lang.String,org.springframework.web.context.request.NativeWebRequest)
2019-05-09T10:14:31.793Z : 2019-05-09 10:14:31.793  INFO 1 --- [           main] o.s.w.s.handler.SimpleUrlHandlerMapping  : Mapped URL path [/webjars/**] onto handler of type [class org.springframework.web.servlet.resource.ResourceHttpRequestHandler]
2019-05-09T10:14:31.793Z : 2019-05-09 10:14:31.793  INFO 1 --- [           main] o.s.w.s.handler.SimpleUrlHandlerMapping  : Mapped URL path [/**] onto handler of type [class org.springframework.web.servlet.resource.ResourceHttpRequestHandler]
2019-05-09T10:14:31.839Z : 2019-05-09 10:14:31.838  INFO 1 --- [           main] o.s.w.s.handler.SimpleUrlHandlerMapping  : Mapped URL path [/**/favicon.ico] onto handler of type [class org.springframework.web.servlet.resource.ResourceHttpRequestHandler]
2019-05-09T10:14:32.282Z : 2019-05-09 10:14:32.281  INFO 1 --- [           main] o.s.s.web.DefaultSecurityFilterChain     : Creating filter chain: OrRequestMatcher [requestMatchers=[Ant [pattern='/css/**'], Ant [pattern='/js/**'], Ant [pattern='/images/**'], Ant [pattern='/webjars/**'], Ant [pattern='/**/favicon.ico'], Ant [pattern='/error']]], []
2019-05-09T10:14:32.350Z : 2019-05-09 10:14:32.349  INFO 1 --- [           main] o.s.s.web.DefaultSecurityFilterChain     : Creating filter chain: Ant [pattern='/api/**'], [org.springframework.security.web.context.request.async.WebAsyncManagerIntegrationFilter@15b82644, org.springframework.security.web.context.SecurityContextPersistenceFilter@a565cbd, org.springframework.security.web.header.HeaderWriterFilter@49fe3142, org.springframework.security.web.authentication.logout.LogoutFilter@76db540e, org.springframework.security.web.authentication.www.BasicAuthenticationFilter@2ec3633f, org.springframework.security.web.savedrequest.RequestCacheAwareFilter@2f66f0d0, org.springframework.security.web.servletapi.SecurityContextHolderAwareRequestFilter@ebd06a9, org.springframework.security.web.authentication.AnonymousAuthenticationFilter@20576557, org.springframework.security.web.session.SessionManagementFilter@61c42416, org.springframework.security.web.access.ExceptionTranslationFilter@44a6a68e, org.springframework.security.web.access.intercept.FilterSecurityInterceptor@11f406f8]
2019-05-09T10:14:32.361Z : 2019-05-09 10:14:32.361  INFO 1 --- [           main] o.s.s.web.DefaultSecurityFilterChain     : Creating filter chain: org.springframework.security.web.util.matcher.AnyRequestMatcher@1, [org.springframework.security.web.context.request.async.WebAsyncManagerIntegrationFilter@6b52dd31, org.springframework.security.web.context.SecurityContextPersistenceFilter@687e4c93, org.springframework.security.web.header.HeaderWriterFilter@3db972d2, org.springframework.security.web.authentication.logout.LogoutFilter@2d272b0d, org.springframework.security.web.authentication.UsernamePasswordAuthenticationFilter@1702830d, org.springframework.security.web.savedrequest.RequestCacheAwareFilter@181e72d3, org.springframework.security.web.servletapi.SecurityContextHolderAwareRequestFilter@6ec7bce0, org.springframework.security.web.authentication.AnonymousAuthenticationFilter@1a2909ae, org.springframework.security.web.session.SessionManagementFilter@1debc91c, org.springframework.security.web.access.ExceptionTranslationFilter@a0f53fc, org.springframework.security.web.access.intercept.FilterSecurityInterceptor@5d425813]
2019-05-09T10:14:32.364Z : 2019-05-09 10:14:32.364  INFO 1 --- [           main] o.s.s.web.DefaultSecurityFilterChain     : Creating filter chain: Ant [pattern='/h2-console/**'], [org.springframework.security.web.context.request.async.WebAsyncManagerIntegrationFilter@7cea0110, org.springframework.security.web.context.SecurityContextPersistenceFilter@7c8d5312, org.springframework.security.web.header.HeaderWriterFilter@63b3ee82, org.springframework.security.web.authentication.logout.LogoutFilter@2b34e38c, org.springframework.security.web.authentication.www.BasicAuthenticationFilter@3d37203b, org.springframework.security.web.savedrequest.RequestCacheAwareFilter@7636823f, org.springframework.security.web.servletapi.SecurityContextHolderAwareRequestFilter@a0db585, org.springframework.security.web.authentication.AnonymousAuthenticationFilter@468dda3e, org.springframework.security.web.session.SessionManagementFilter@2620e717, org.springframework.security.web.access.ExceptionTranslationFilter@750ff7d3, org.springframework.security.web.access.intercept.FilterSecurityInterceptor@10823d72]
2019-05-09T10:14:32.369Z : 2019-05-09 10:14:32.369  INFO 1 --- [           main] o.s.s.web.DefaultSecurityFilterChain     : Creating filter chain: OrRequestMatcher [requestMatchers=[Ant [pattern='/**']]], [org.springframework.security.web.context.request.async.WebAsyncManagerIntegrationFilter@716e431d, org.springframework.security.web.context.SecurityContextPersistenceFilter@52169758, org.springframework.security.web.header.HeaderWriterFilter@73010765, org.springframework.security.web.authentication.logout.LogoutFilter@6b4283c4, org.springframework.security.web.authentication.www.BasicAuthenticationFilter@d0865a3, org.springframework.security.web.savedrequest.RequestCacheAwareFilter@3eda0aeb, org.springframework.security.web.servletapi.SecurityContextHolderAwareRequestFilter@459b187a, org.springframework.security.web.authentication.AnonymousAuthenticationFilter@7e744f43, org.springframework.security.web.session.SessionManagementFilter@2b10ace9, org.springframework.security.web.access.ExceptionTranslationFilter@1c9e07c6, org.springframework.security.web.access.intercept.FilterSecurityInterceptor@4f668f29]
2019-05-09T10:14:32.537Z : 2019-05-09 10:14:32.536  INFO 1 --- [           main] o.s.j.e.a.AnnotationMBeanExporter        : Registering beans for JMX exposure on startup
2019-05-09T10:14:32.589Z : 2019-05-09 10:14:32.589  INFO 1 --- [           main] s.b.c.e.t.TomcatEmbeddedServletContainer : Tomcat started on port(s): 8000 (http)
2019-05-09T10:14:32.595Z : 2019-05-09 10:14:32.594  INFO 1 --- [           main] com.trackorjargh.Application             : Started Application in 9.114 seconds (JVM running for 9.695)
2019-05-09T10:16:28.248Z : 2019-05-09 10:16:28.248  INFO 1 --- [nio-8000-exec-2] o.a.c.c.C.[Tomcat].[localhost].[/]       : Initializing Spring FrameworkServlet 'dispatcherServlet'
2019-05-09T10:16:28.248Z : 2019-05-09 10:16:28.248  INFO 1 --- [nio-8000-exec-2] o.s.web.servlet.DispatcherServlet        : FrameworkServlet 'dispatcherServlet': initialization started
2019-05-09T10:16:28.272Z : 2019-05-09 10:16:28.272  INFO 1 --- [nio-8000-exec-2] o.s.web.servlet.DispatcherServlet        : FrameworkServlet 'dispatcherServlet': initialization completed in 24 ms
2019-05-09T10:16:28.792Z : 2019-05-09 10:16:28.791  INFO 1 --- [nio-8000-exec-3] c.t.a.ApiGenderController                : Genres JSON: 
2019-05-09T10:16:28.792Z :  [{"name":"Musical","points":6.0},{"name":"Drama","points":8.0},{"name":"Terror","points":11.0},{"name":"Comedia","points":11.0},{"name":"Animacion","points":11.0},{"name":"Ciencia-ficcion","points":12.0},{"name":"Fantasia","points":12.0},{"name":"Superheroes","points":13.0},{"name":"Thriller","points":16.0},{"name":"Romantica","points":17.0},{"name":"Historica","points":17.0},{"name":"Accion","points":23.0},{"name":"Aventuras","points":43.0}]